Full Master Reconcile Report: 2021

tdx_base=code\data\formal\master\tdx_full_master_base_2021.csv
baostock_fields=code\data\formal\master\baostock_fields\2021.csv
full_master=code\data\formal\master\full_master_2021.csv

[row-counts]
tdx_base_rows=963582
baostock_rows=1053520
full_master_rows=963582

[stock-counts]
tdx_base_codes=4246
baostock_codes=4498
full_master_codes=4246

[date-ranges]
tdx_base=2021-01-04 -> 2021-12-31
baostock=2021-01-04 -> 2021-12-31
full_master=2021-01-04 -> 2021-12-31

[key-coverage]
tdx_keys=963582
baostock_keys=1053520
full_master_keys=963582
tdx_minus_baostock=22557
baostock_minus_tdx=112495
full_minus_tdx=0
tdx_minus_full=0

[top-missing-from-baostock-by-code]
bj.920445: 243
bj.920185: 243
bj.920510: 243
bj.920368: 243
bj.920964: 243
bj.920670: 243
bj.920021: 243
bj.920149: 243
bj.920266: 243
bj.920640: 243

[top-missing-from-baostock-by-date]
2021-12-30: 202
2021-12-31: 202
2021-12-28: 201
2021-12-29: 201
2021-12-24: 199
2021-12-27: 199
2021-12-23: 199
2021-12-22: 197
2021-12-20: 195
2021-12-17: 194

[all-missing-from-baostock-by-code]
bj.920000: 243
bj.920010: 243
bj.920021: 243
bj.920030: 243
bj.920047: 243
bj.920149: 243
bj.920163: 243
bj.920167: 243
bj.920184: 243
bj.920185: 243
bj.920198: 243
bj.920242: 243
bj.920266: 243
bj.920278: 243
bj.920368: 243
bj.920370: 243
bj.920396: 243
bj.920418: 243
bj.920433: 243
bj.920445: 243
bj.920475: 243
bj.920489: 243
bj.920508: 243
bj.920510: 243
bj.920640: 243
bj.920670: 243
bj.920675: 243
bj.920682: 243
bj.920729: 243
bj.920799: 243
bj.920819: 243
bj.920839: 243
bj.920856: 243
bj.920946: 243
bj.920961: 243
bj.920964: 243
bj.920344: 239
bj.920509: 238
bj.920415: 237
bj.920826: 237
bj.920263: 234
bj.920275: 228
bj.920427: 219
bj.920239: 217
bj.920735: 214
bj.920599: 213
bj.920832: 212
bj.920225: 210
bj.920726: 149
sz.301000: 148
sz.301001: 148
sz.301003: 146
sz.301005: 146
bj.920523: 144
sz.301002: 142
sz.301006: 142
bj.920212: 141
sz.301008: 138
sz.301007: 136
sz.301009: 135
sz.301011: 135
sz.301010: 134
sz.301012: 132
sz.301004: 129
bj.920768: 128
sz.301019: 128
sz.301013: 127
sz.301015: 126
sz.301016: 126
sz.301022: 124
bj.920765: 123
sz.301017: 123
sz.301020: 122
sz.301021: 122
sz.301018: 121
sz.301023: 121
bj.920885: 120
sz.301039: 120
sz.301027: 115
sz.301031: 115
sz.301026: 114
sz.301025: 113
bj.920146: 112
sz.301028: 112
sz.301030: 110
sz.301032: 110
sz.301029: 109
sz.301033: 108
sz.301024: 106
sz.301035: 106
sz.301036: 105
sz.301037: 104
sz.301040: 102
sz.301038: 101
sz.301042: 100
bj.920553: 99
bj.920090: 98
sz.301041: 96
sz.301043: 96
bj.920566: 94
sz.301045: 94
bj.920642: 93
sz.301047: 93
sz.301046: 92
bj.920039: 91
sz.301048: 91
bj.920174: 89
sz.301049: 87
sz.301050: 87
bj.920305: 85
sz.301051: 84
sz.301052: 83
bj.920077: 82
sz.301053: 81
sz.301055: 78
sz.301056: 77
sz.301057: 75
sz.301058: 75
sz.301059: 73
sz.301060: 73
sz.301061: 73
sz.301062: 72
sz.301065: 72
sz.301066: 68
sz.301067: 68
sz.301070: 67
sz.301063: 66
sz.301071: 66
sz.301069: 65
sz.301068: 64
sz.301072: 63
sz.301075: 63
sz.301073: 62
sz.301077: 62
sz.301076: 60
sz.301078: 57
sz.301080: 55
sz.301085: 55
sz.301079: 54
sz.301081: 53
sz.301086: 53
sz.301083: 52
bj.920925: 50
sz.301087: 50
sz.301090: 49
sz.301082: 48
bj.920892: 47
sz.301088: 47
sz.301091: 46
sz.301093: 45
sz.301092: 44
sz.301129: 44
bj.920924: 43
sz.301089: 43
sz.301169: 43
bj.920405: 41
bj.920089: 39
sz.301128: 38
sz.301149: 38
sz.301188: 37
sz.301098: 36
sz.301178: 36
bj.920092: 35
bj.920145: 35
bj.920171: 35
bj.920260: 35
bj.920436: 35
bj.920454: 35
bj.920680: 35
bj.920873: 35
bj.920932: 35
bj.920981: 35
sz.301180: 34
sz.301118: 32
sz.301185: 31
sz.301099: 30
sz.301119: 30
bj.920720: 28
sz.301155: 28
sz.301133: 26
sz.301198: 22
sz.301108: 21
sz.301167: 20
sz.301213: 20
sz.301111: 19
sz.301126: 19
sz.301199: 19
sz.301179: 18
sz.301193: 17
sz.301168: 16
sz.301138: 13
sz.301177: 13
sz.301101: 12
sz.301100: 11
sz.301096: 10
sz.301113: 8
sz.301211: 8
sz.301221: 8
sz.301182: 7
sz.301186: 7
sz.301190: 6
sz.301166: 4
sz.301189: 4
sz.301127: 2

[all-missing-from-baostock-by-date]
2021-12-30: 202
2021-12-31: 202
2021-12-28: 201
2021-12-29: 201
2021-12-23: 199
2021-12-24: 199
2021-12-27: 199
2021-12-22: 197
2021-12-20: 195
2021-12-17: 194
2021-12-21: 194
2021-12-16: 193
2021-12-15: 192
2021-12-10: 190
2021-12-13: 190
2021-12-14: 190
2021-12-09: 189
2021-12-08: 188
2021-12-07: 187
2021-12-06: 184
2021-12-03: 182
2021-12-02: 181
2021-11-26: 180
2021-11-29: 180
2021-11-30: 180
2021-12-01: 180
2021-11-24: 179
2021-11-25: 179
2021-11-22: 177
2021-11-23: 177
2021-11-19: 174
2021-11-18: 173
2021-11-16: 172
2021-11-17: 172
2021-11-15: 171
2021-11-12: 162
2021-11-11: 160
2021-11-10: 159
2021-11-09: 157
2021-11-05: 156
2021-11-08: 156
2021-11-03: 155
2021-11-04: 155
2021-11-02: 153
2021-11-01: 151
2021-10-29: 150
2021-10-28: 149
2021-10-27: 147
2021-10-26: 145
2021-10-25: 144
2021-10-21: 142
2021-10-22: 142
2021-10-20: 141
2021-10-19: 139
2021-10-18: 138
2021-10-14: 136
2021-10-15: 136
2021-10-11: 135
2021-10-12: 135
2021-10-13: 135
2021-09-30: 134
2021-10-08: 134
2021-09-29: 132
2021-09-28: 130
2021-09-27: 129
2021-09-24: 128
2021-09-23: 126
2021-09-22: 125
2021-09-14: 123
2021-09-15: 123
2021-09-16: 123
2021-09-17: 123
2021-09-13: 121
2021-09-09: 118
2021-09-10: 118
2021-09-07: 116
2021-09-08: 116
2021-09-06: 115
2021-09-01: 114
2021-09-02: 114
2021-09-03: 114
2021-08-31: 113
2021-08-30: 112
2021-08-27: 111
2021-08-26: 110
2021-08-24: 109
2021-08-25: 109
2021-08-20: 107
2021-08-23: 107
2021-08-18: 106
2021-08-19: 106
2021-08-17: 104
2021-08-16: 103
2021-08-13: 101
2021-08-11: 99
2021-08-12: 99
2021-08-09: 97
2021-08-10: 97
2021-08-06: 96
2021-08-05: 95
2021-08-04: 94
2021-08-03: 93
2021-07-30: 92
2021-08-02: 92
2021-07-29: 91
2021-07-28: 90
2021-07-26: 88
2021-07-27: 88
2021-07-23: 87
2021-07-22: 86
2021-07-20: 84
2021-07-21: 84
2021-07-19: 82
2021-07-16: 81
2021-07-15: 80
2021-07-08: 78
2021-07-09: 78
2021-07-12: 78
2021-07-13: 78
2021-07-14: 78
2021-07-07: 76
2021-07-06: 74
2021-07-05: 72
2021-07-02: 70
2021-06-30: 69
2021-07-01: 69
2021-06-29: 67
2021-06-28: 66
2021-06-25: 64
2021-06-22: 63
2021-06-23: 63
2021-06-24: 63
2021-06-18: 62
2021-06-21: 62
2021-06-17: 61
2021-06-16: 59
2021-06-11: 58
2021-06-15: 58
2021-06-08: 57
2021-06-09: 57
2021-06-10: 57
2021-06-07: 56
2021-06-03: 54
2021-06-04: 54
2021-06-01: 53
2021-06-02: 53
2021-05-28: 51
2021-05-31: 51
2021-05-27: 49
2021-02-25: 48
2021-02-26: 48
2021-03-01: 48
2021-03-02: 48
2021-03-03: 48
2021-03-04: 48
2021-03-05: 48
2021-03-08: 48
2021-03-09: 48
2021-03-10: 48
2021-03-11: 48
2021-03-12: 48
2021-03-15: 48
2021-03-16: 48
2021-03-17: 48
2021-03-18: 48
2021-03-19: 48
2021-03-22: 48
2021-03-23: 48
2021-03-24: 48
2021-03-25: 48
2021-03-26: 48
2021-03-29: 48
2021-03-30: 48
2021-03-31: 48
2021-04-01: 48
2021-04-02: 48
2021-04-06: 48
2021-04-07: 48
2021-04-08: 48
2021-04-09: 48
2021-04-12: 48
2021-04-13: 48
2021-04-14: 48
2021-04-15: 48
2021-04-16: 48
2021-04-19: 48
2021-04-20: 48
2021-04-21: 48
2021-04-22: 48
2021-04-23: 48
2021-04-26: 48
2021-04-27: 48
2021-04-28: 48
2021-04-29: 48
2021-04-30: 48
2021-05-06: 48
2021-05-07: 48
2021-05-10: 48
2021-05-11: 48
2021-05-12: 48
2021-05-13: 48
2021-05-14: 48
2021-05-17: 48
2021-05-18: 48
2021-05-19: 48
2021-05-20: 48
2021-05-21: 48
2021-05-24: 48
2021-05-25: 48
2021-05-26: 48
2021-02-23: 47
2021-02-24: 47
2021-02-22: 46
2021-02-19: 45
2021-02-09: 44
2021-02-10: 44
2021-02-18: 44
2021-02-05: 43
2021-02-08: 43
2021-01-25: 42
2021-01-26: 42
2021-01-27: 42
2021-01-28: 42
2021-01-29: 42
2021-02-01: 42
2021-02-02: 42
2021-02-03: 42
2021-02-04: 42
2021-01-12: 41
2021-01-13: 41
2021-01-14: 41
2021-01-15: 41
2021-01-18: 41
2021-01-19: 41
2021-01-20: 41
2021-01-21: 41
2021-01-22: 41
2021-01-11: 40
2021-01-08: 39
2021-01-04: 38
2021-01-05: 38
2021-01-06: 38
2021-01-07: 38

[top-extra-in-baostock-by-code]
sz.000581: 243
sz.000020: 243
sz.000564: 243
sz.000803: 243
sz.000927: 243
sz.000736: 243
sz.000961: 243
sz.000776: 243
sz.000905: 243
sz.000498: 243

[top-extra-in-baostock-by-date]
2021-04-30: 488
2021-04-29: 486
2021-04-27: 478
2021-03-12: 476
2021-03-11: 475
2021-01-25: 475
2021-05-19: 475
2021-05-18: 475
2021-03-03: 475
2021-03-15: 474

[all-extra-in-baostock-by-code]
sz.000001: 243
sz.000002: 243
sz.000004: 243
sz.000005: 243
sz.000006: 243
sz.000007: 243
sz.000008: 243
sz.000009: 243
sz.000010: 243
sz.000011: 243
sz.000012: 243
sz.000014: 243
sz.000016: 243
sz.000017: 243
sz.000019: 243
sz.000020: 243
sz.000021: 243
sz.000023: 243
sz.000025: 243
sz.000026: 243
sz.000027: 243
sz.000028: 243
sz.000029: 243
sz.000030: 243
sz.000031: 243
sz.000032: 243
sz.000034: 243
sz.000035: 243
sz.000036: 243
sz.000037: 243
sz.000038: 243
sz.000039: 243
sz.000040: 243
sz.000042: 243
sz.000045: 243
sz.000046: 243
sz.000048: 243
sz.000049: 243
sz.000050: 243
sz.000055: 243
sz.000056: 243
sz.000058: 243
sz.000059: 243
sz.000060: 243
sz.000061: 243
sz.000062: 243
sz.000063: 243
sz.000065: 243
sz.000066: 243
sz.000068: 243
sz.000069: 243
sz.000070: 243
sz.000078: 243
sz.000088: 243
sz.000089: 243
sz.000090: 243
sz.000096: 243
sz.000099: 243
sz.000100: 243
sz.000150: 243
sz.000151: 243
sz.000153: 243
sz.000155: 243
sz.000156: 243
sz.000157: 243
sz.000158: 243
sz.000159: 243
sz.000166: 243
sz.000301: 243
sz.000333: 243
sz.000338: 243
sz.000400: 243
sz.000401: 243
sz.000402: 243
sz.000403: 243
sz.000404: 243
sz.000407: 243
sz.000408: 243
sz.000409: 243
sz.000410: 243
sz.000411: 243
sz.000413: 243
sz.000415: 243
sz.000416: 243
sz.000417: 243
sz.000419: 243
sz.000420: 243
sz.000421: 243
sz.000422: 243
sz.000423: 243
sz.000425: 243
sz.000426: 243
sz.000428: 243
sz.000429: 243
sz.000430: 243
sz.000488: 243
sz.000498: 243
sz.000501: 243
sz.000502: 243
sz.000503: 243
sz.000504: 243
sz.000505: 243
sz.000506: 243
sz.000507: 243
sz.000509: 243
sz.000510: 243
sz.000513: 243
sz.000514: 243
sz.000516: 243
sz.000517: 243
sz.000518: 243
sz.000519: 243
sz.000520: 243
sz.000521: 243
sz.000523: 243
sz.000524: 243
sz.000525: 243
sz.000526: 243
sz.000528: 243
sz.000529: 243
sz.000530: 243
sz.000531: 243
sz.000532: 243
sz.000533: 243
sz.000534: 243
sz.000536: 243
sz.000537: 243
sz.000538: 243
sz.000539: 243
sz.000540: 243
sz.000541: 243
sz.000543: 243
sz.000544: 243
sz.000545: 243
sz.000546: 243
sz.000547: 243
sz.000548: 243
sz.000550: 243
sz.000551: 243
sz.000552: 243
sz.000553: 243
sz.000554: 243
sz.000555: 243
sz.000557: 243
sz.000558: 243
sz.000559: 243
sz.000560: 243
sz.000561: 243
sz.000563: 243
sz.000564: 243
sz.000565: 243
sz.000566: 243
sz.000567: 243
sz.000568: 243
sz.000570: 243
sz.000571: 243
sz.000572: 243
sz.000573: 243
sz.000576: 243
sz.000581: 243
sz.000582: 243
sz.000584: 243
sz.000585: 243
sz.000586: 243
sz.000587: 243
sz.000589: 243
sz.000590: 243
sz.000591: 243
sz.000592: 243
sz.000593: 243
sz.000595: 243
sz.000596: 243
sz.000597: 243
sz.000598: 243
sz.000599: 243
sz.000600: 243
sz.000601: 243
sz.000603: 243
sz.000605: 243
sz.000606: 243
sz.000607: 243
sz.000608: 243
sz.000609: 243
sz.000610: 243
sz.000611: 243
sz.000612: 243
sz.000613: 243
sz.000615: 243
sz.000616: 243
sz.000617: 243
sz.000619: 243
sz.000620: 243
sz.000622: 243
sz.000623: 243
sz.000625: 243
sz.000626: 243
sz.000627: 243
sz.000628: 243
sz.000629: 243
sz.000630: 243
sz.000631: 243
sz.000632: 243
sz.000633: 243
sz.000635: 243
sz.000636: 243
sz.000637: 243
sz.000638: 243
sz.000639: 243
sz.000650: 243
sz.000651: 243
sz.000652: 243
sz.000655: 243
sz.000656: 243
sz.000657: 243
sz.000659: 243
sz.000661: 243
sz.000663: 243
sz.000665: 243
sz.000666: 243
sz.000667: 243
sz.000668: 243
sz.000669: 243
sz.000670: 243
sz.000671: 243
sz.000672: 243
sz.000673: 243
sz.000676: 243
sz.000677: 243
sz.000678: 243
sz.000679: 243
sz.000680: 243
sz.000681: 243
sz.000682: 243
sz.000683: 243
sz.000685: 243
sz.000686: 243
sz.000687: 243
sz.000688: 243
sz.000690: 243
sz.000691: 243
sz.000692: 243
sz.000695: 243
sz.000697: 243
sz.000698: 243
sz.000700: 243
sz.000701: 243
sz.000702: 243
sz.000703: 243
sz.000705: 243
sz.000707: 243
sz.000708: 243
sz.000709: 243
sz.000710: 243
sz.000711: 243
sz.000712: 243
sz.000713: 243
sz.000715: 243
sz.000716: 243
sz.000717: 243
sz.000718: 243
sz.000719: 243
sz.000720: 243
sz.000721: 243
sz.000722: 243
sz.000723: 243
sz.000725: 243
sz.000726: 243
sz.000727: 243
sz.000728: 243
sz.000729: 243
sz.000731: 243
sz.000732: 243
sz.000733: 243
sz.000735: 243
sz.000736: 243
sz.000737: 243
sz.000738: 243
sz.000739: 243
sz.000750: 243
sz.000751: 243
sz.000752: 243
sz.000753: 243
sz.000755: 243
sz.000756: 243
sz.000757: 243
sz.000758: 243
sz.000759: 243
sz.000761: 243
sz.000762: 243
sz.000766: 243
sz.000767: 243
sz.000768: 243
sz.000776: 243
sz.000777: 243
sz.000778: 243
sz.000779: 243
sz.000780: 243
sz.000782: 243
sz.000783: 243
sz.000785: 243
sz.000786: 243
sz.000788: 243
sz.000789: 243
sz.000790: 243
sz.000791: 243
sz.000792: 243
sz.000793: 243
sz.000795: 243
sz.000796: 243
sz.000797: 243
sz.000798: 243
sz.000799: 243
sz.000800: 243
sz.000801: 243
sz.000802: 243
sz.000803: 243
sz.000806: 243
sz.000807: 243
sz.000809: 243
sz.000810: 243
sz.000811: 243
sz.000812: 243
sz.000813: 243
sz.000815: 243
sz.000816: 243
sz.000818: 243
sz.000819: 243
sz.000820: 243
sz.000821: 243
sz.000822: 243
sz.000823: 243
sz.000825: 243
sz.000826: 243
sz.000828: 243
sz.000829: 243
sz.000830: 243
sz.000831: 243
sz.000833: 243
sz.000835: 243
sz.000836: 243
sz.000837: 243
sz.000838: 243
sz.000839: 243
sz.000848: 243
sz.000850: 243
sz.000851: 243
sz.000852: 243
sz.000856: 243
sz.000858: 243
sz.000859: 243
sz.000860: 243
sz.000861: 243
sz.000862: 243
sz.000863: 243
sz.000868: 243
sz.000869: 243
sz.000875: 243
sz.000876: 243
sz.000877: 243
sz.000878: 243
sz.000880: 243
sz.000881: 243
sz.000882: 243
sz.000883: 243
sz.000885: 243
sz.000886: 243
sz.000887: 243
sz.000888: 243
sz.000889: 243
sz.000890: 243
sz.000892: 243
sz.000893: 243
sz.000895: 243
sz.000897: 243
sz.000898: 243
sz.000899: 243
sz.000900: 243
sz.000901: 243
sz.000902: 243
sz.000903: 243
sz.000905: 243
sz.000906: 243
sz.000908: 243
sz.000909: 243
sz.000910: 243
sz.000911: 243
sz.000912: 243
sz.000913: 243
sz.000915: 243
sz.000917: 243
sz.000918: 243
sz.000919: 243
sz.000920: 243
sz.000921: 243
sz.000922: 243
sz.000923: 243
sz.000925: 243
sz.000926: 243
sz.000927: 243
sz.000928: 243
sz.000929: 243
sz.000930: 243
sz.000931: 243
sz.000932: 243
sz.000933: 243
sz.000935: 243
sz.000936: 243
sz.000937: 243
sz.000938: 243
sz.000948: 243
sz.000949: 243
sz.000950: 243
sz.000951: 243
sz.000952: 243
sz.000953: 243
sz.000955: 243
sz.000957: 243
sz.000958: 243
sz.000959: 243
sz.000960: 243
sz.000961: 243
sz.000962: 243
sz.000963: 243
sz.000965: 243
sz.000966: 243
sz.000967: 243
sz.000968: 243
sz.000969: 243
sz.000970: 243
sz.000971: 243
sz.000972: 243
sz.000973: 243
sz.000975: 243
sz.000976: 243
sz.000977: 243
sz.000978: 243
sz.000980: 243
sz.000981: 243
sz.000982: 243
sz.000983: 243
sz.000985: 243
sz.000987: 243
sz.000988: 243
sz.000989: 243
sz.000990: 243
sz.000993: 243
sz.000995: 243
sz.000996: 243
sz.000997: 243
sz.000998: 243
sz.000999: 243
sz.002260: 243
sz.000760: 135
sz.300362: 131
sz.002359: 105
sh.600614: 103
sh.600634: 103
sz.002711: 99
sh.600485: 98
sz.002450: 67
sz.000662: 65
sh.600891: 54
sh.600677: 49
sh.600701: 49
sh.600093: 43
sz.002071: 32
sh.600112: 31
sh.600723: 31
sh.600421: 21
sh.600978: 20
sh.600086: 18
sh.600247: 18
sh.600859: 17
sz.002024: 16
sh.600340: 15
sz.002943: 15
sz.300827: 15
sh.600850: 14
sz.002289: 12
sh.600209: 11
sh.600317: 11
sh.600462: 11
sh.600539: 11
sh.600766: 11
sh.600796: 11
sh.601866: 11
sz.300534: 11
sh.600009: 10
sh.600039: 10
sh.600198: 10
sh.600318: 10
sh.600361: 10
sh.600389: 10
sh.600461: 10
sh.600576: 10
sh.600610: 10
sh.600749: 10
sh.600758: 10
sh.600811: 10
sh.600856: 10
sh.600861: 10
sh.600900: 10
sh.600980: 10
sh.600995: 10
sh.601069: 10
sh.603023: 10
sh.603045: 10
sh.603286: 10
sh.603322: 10
sh.603703: 10
sh.603988: 10
sh.605169: 10
sh.605286: 10
sh.688178: 10
sh.688368: 10
sz.002096: 10
sz.002265: 10
sz.002312: 10
sz.002338: 10
sz.002355: 10
sz.002683: 10
sz.002707: 10
sz.002890: 10
sz.300069: 10
sz.300083: 10
sz.300599: 10
sz.300660: 10
sz.300670: 10
sz.300720: 10
sz.300737: 10
sz.300765: 10
sz.300842: 10
sh.600068: 9
sh.600526: 9
sh.603693: 9
sh.688028: 9
sz.002198: 9
sz.002552: 9
sz.002623: 9
sz.002735: 9
sz.002755: 9
sz.002825: 9
sz.300145: 9
sz.300909: 9
sh.600687: 8
sh.600816: 8
sh.603399: 8
sz.300717: 8
sz.300638: 7
sz.300657: 7
sh.600071: 6
sh.600463: 6
sh.600593: 6
sh.600888: 6
sh.600909: 6
sh.601015: 6
sh.601236: 6
sh.601555: 6
sz.002121: 6
sz.002142: 6
sz.002356: 6
sz.300051: 6
sz.300530: 6
sh.600929: 5
sh.601880: 5
sh.603507: 5
sh.603985: 5
sz.001317: 5
sz.002011: 5
sz.002282: 5
sz.002369: 5
sz.002387: 5
sz.002483: 5
sz.002530: 5
sz.002559: 5
sz.002638: 5
sz.002642: 5
sz.002647: 5
sz.002731: 5
sz.002762: 5
sz.002775: 5
sz.002812: 5
sz.003039: 5
sz.300077: 5
sz.300129: 5
sz.300175: 5
sz.300253: 5
sz.300262: 5
sz.300307: 5
sz.300339: 5
sz.300410: 5
sz.300424: 5
sz.300437: 5
sz.300443: 5
sz.300449: 5
sz.300451: 5
sz.300525: 5
sz.300710: 5
sz.300809: 5
sh.600803: 4
sh.603603: 4
sz.002160: 4
sz.002515: 4
sz.002655: 4
sz.002668: 4
sz.002878: 4
sz.300438: 4
sz.300469: 4
sz.300703: 4
sh.600052: 3
sh.600072: 3
sh.600300: 3
sh.600365: 3
sh.600433: 3
sh.600515: 3
sh.600860: 3
sh.603010: 3
sh.603518: 3
sh.603677: 3
sh.603922: 3
sz.002168: 3
sz.002180: 3
sz.002352: 3
sz.002786: 3
sz.300005: 3
sz.300182: 3
sz.300198: 3
sz.300261: 3
sz.300492: 3
sh.600136: 2
sh.600157: 2
sh.600221: 2
sh.600222: 2
sh.600283: 2
sh.600289: 2
sh.600518: 2
sh.600841: 2
sh.600844: 2
sh.600846: 2
sh.600877: 2
sh.601777: 2
sh.603078: 2
sh.603133: 2
sh.603329: 2
sh.603800: 2
sh.603909: 2
sh.603959: 2
sh.688029: 2
sz.002062: 2
sz.002115: 2
sz.002319: 2
sz.002321: 2
sz.002323: 2
sz.002766: 2
sz.300038: 2
sz.300071: 2
sz.300278: 2
sz.300325: 2
sh.600027: 1
sh.600055: 1
sh.600070: 1
sh.600078: 1
sh.600080: 1
sh.600081: 1
sh.600084: 1
sh.600091: 1
sh.600119: 1
sh.600122: 1
sh.600139: 1
sh.600149: 1
sh.600179: 1
sh.600182: 1
sh.600191: 1
sh.600193: 1
sh.600212: 1
sh.600215: 1
sh.600226: 1
sh.600228: 1
sh.600234: 1
sh.600238: 1
sh.600239: 1
sh.600241: 1
sh.600242: 1
sh.600243: 1
sh.600246: 1
sh.600255: 1
sh.600260: 1
sh.600265: 1
sh.600275: 1
sh.600280: 1
sh.600290: 1
sh.600291: 1
sh.600301: 1
sh.600311: 1
sh.600319: 1
sh.600329: 1
sh.600354: 1
sh.600358: 1
sh.600382: 1
sh.600385: 1
sh.600387: 1
sh.600393: 1
sh.600399: 1
sh.600403: 1
sh.600416: 1
sh.600423: 1
sh.600460: 1
sh.600466: 1
sh.600470: 1
sh.600488: 1
sh.600506: 1
sh.600530: 1
sh.600568: 1
sh.600589: 1
sh.600599: 1
sh.600601: 1
sh.600615: 1
sh.600651: 1
sh.600652: 1
sh.600662: 1
sh.600671: 1
sh.600695: 1
sh.600696: 1
sh.600698: 1
sh.600702: 1
sh.600707: 1
sh.600721: 1
sh.600725: 1
sh.600767: 1
sh.600781: 1
sh.600815: 1
sh.600817: 1
sh.600821: 1
sh.600836: 1
sh.600845: 1
sh.600865: 1
sh.600870: 1
sh.600890: 1
sh.600892: 1
sh.600896: 1
sh.600898: 1
sh.600970: 1
sh.600983: 1
sh.601020: 1
sh.601258: 1
sh.601399: 1
sh.603006: 1
sh.603007: 1
sh.603032: 1
sh.603188: 1
sh.603389: 1
sh.603555: 1
sh.603557: 1
sh.603607: 1
sh.603729: 1
sh.603779: 1
sh.603838: 1
sh.603863: 1
sh.603900: 1
sh.688068: 1
sz.001896: 1
sz.002052: 1
sz.002058: 1
sz.002066: 1
sz.002072: 1
sz.002075: 1
sz.002076: 1
sz.002077: 1
sz.002086: 1
sz.002113: 1
sz.002122: 1
sz.002175: 1
sz.002176: 1
sz.002187: 1
sz.002188: 1
sz.002192: 1
sz.002210: 1
sz.002226: 1
sz.002247: 1
sz.002255: 1
sz.002256: 1
sz.002259: 1
sz.002280: 1
sz.002290: 1
sz.002306: 1
sz.002333: 1
sz.002336: 1
sz.002354: 1
sz.002358: 1
sz.002418: 1
sz.002420: 1
sz.002426: 1
sz.002445: 1
sz.002464: 1
sz.002470: 1
sz.002473: 1
sz.002496: 1
sz.002502: 1
sz.002504: 1
sz.002513: 1
sz.002529: 1
sz.002531: 1
sz.002535: 1
sz.002618: 1
sz.002619: 1
sz.002629: 1
sz.002640: 1
sz.002650: 1
sz.002681: 1
sz.002684: 1
sz.002716: 1
sz.002719: 1
sz.002770: 1
sz.002776: 1
sz.002819: 1
sz.300023: 1
sz.300029: 1
sz.300044: 1
sz.300064: 1
sz.300089: 1
sz.300157: 1
sz.300178: 1
sz.300202: 1
sz.300256: 1
sz.300269: 1
sz.300312: 1
sz.300313: 1
sz.300356: 1
sz.300370: 1
sz.300446: 1
sz.300495: 1
sz.300795: 1
sz.300859: 1

[all-extra-in-baostock-by-date]
2021-04-30: 488
2021-04-29: 486
2021-04-27: 478
2021-03-12: 476
2021-01-25: 475
2021-03-03: 475
2021-03-11: 475
2021-05-18: 475
2021-05-19: 475
2021-01-26: 474
2021-03-02: 474
2021-03-04: 474
2021-03-09: 474
2021-03-10: 474
2021-03-15: 474
2021-05-07: 474
2021-01-20: 473
2021-01-21: 473
2021-01-27: 473
2021-02-08: 473
2021-03-01: 473
2021-03-08: 473
2021-03-16: 473
2021-03-17: 473
2021-03-19: 473
2021-01-15: 472
2021-01-18: 472
2021-01-29: 472
2021-03-05: 472
2021-03-18: 472
2021-05-10: 472
2021-05-11: 472
2021-01-22: 471
2021-02-05: 471
2021-02-09: 471
2021-02-18: 471
2021-05-06: 471
2021-05-12: 471
2021-01-04: 470
2021-01-06: 470
2021-01-12: 470
2021-01-14: 470
2021-01-19: 470
2021-01-28: 470
2021-02-01: 470
2021-04-23: 470
2021-04-28: 470
2021-06-21: 470
2021-01-05: 469
2021-01-11: 469
2021-01-13: 469
2021-02-02: 469
2021-02-03: 469
2021-02-04: 469
2021-02-23: 469
2021-02-25: 469
2021-02-26: 469
2021-05-14: 469
2021-05-17: 469
2021-05-24: 469
2021-01-07: 468
2021-02-10: 468
2021-02-19: 468
2021-02-22: 468
2021-02-24: 468
2021-03-22: 468
2021-05-13: 468
2021-01-08: 467
2021-06-16: 467
2021-06-18: 467
2021-06-23: 467
2021-04-02: 466
2021-04-07: 466
2021-04-15: 466
2021-04-26: 466
2021-05-25: 466
2021-06-22: 466
2021-06-24: 466
2021-07-15: 466
2021-07-21: 466
2021-03-24: 465
2021-03-31: 465
2021-04-08: 465
2021-04-12: 465
2021-05-28: 465
2021-06-15: 465
2021-06-25: 465
2021-06-30: 465
2021-07-19: 465
2021-07-20: 465
2021-09-27: 465
2021-03-23: 464
2021-03-25: 464
2021-03-26: 464
2021-03-29: 464
2021-04-01: 464
2021-04-09: 464
2021-04-13: 464
2021-04-20: 464
2021-05-21: 464
2021-05-31: 464
2021-06-01: 464
2021-06-17: 464
2021-06-28: 464
2021-07-01: 464
2021-09-28: 464
2021-03-30: 463
2021-04-06: 463
2021-04-19: 463
2021-04-22: 463
2021-05-20: 463
2021-05-26: 463
2021-05-27: 463
2021-07-02: 463
2021-07-05: 463
2021-07-16: 463
2021-04-14: 462
2021-04-16: 462
2021-04-21: 462
2021-06-02: 462
2021-06-07: 462
2021-06-08: 462
2021-06-09: 462
2021-06-10: 462
2021-06-29: 462
2021-07-14: 462
2021-07-22: 462
2021-07-23: 462
2021-09-24: 462
2021-09-29: 462
2021-06-03: 461
2021-07-06: 461
2021-07-12: 461
2021-07-13: 461
2021-09-23: 461
2021-09-30: 461
2021-10-11: 461
2021-11-11: 461
2021-12-15: 461
2021-12-16: 461
2021-12-17: 461
2021-12-21: 461
2021-12-31: 461
2021-06-04: 460
2021-06-11: 460
2021-07-07: 460
2021-07-09: 460
2021-09-22: 460
2021-10-08: 460
2021-10-25: 460
2021-10-26: 460
2021-12-20: 460
2021-12-22: 460
2021-08-02: 459
2021-10-12: 459
2021-10-13: 459
2021-10-14: 459
2021-10-15: 459
2021-10-27: 459
2021-11-12: 459
2021-12-28: 459
2021-07-08: 458
2021-08-03: 458
2021-09-06: 458
2021-10-19: 458
2021-10-20: 458
2021-10-21: 458
2021-10-22: 458
2021-11-10: 458
2021-11-15: 458
2021-11-16: 458
2021-11-17: 458
2021-12-01: 458
2021-12-14: 458
2021-12-24: 458
2021-12-27: 458
2021-12-29: 458
2021-12-30: 458
2021-07-26: 457
2021-07-27: 457
2021-07-29: 457
2021-07-30: 457
2021-09-02: 457
2021-09-03: 457
2021-10-18: 457
2021-11-09: 457
2021-11-24: 457
2021-11-26: 457
2021-11-29: 457
2021-11-30: 457
2021-12-02: 457
2021-12-03: 457
2021-12-23: 457
2021-07-28: 456
2021-08-11: 456
2021-09-07: 456
2021-09-08: 456
2021-09-17: 456
2021-11-01: 456
2021-11-03: 456
2021-11-18: 456
2021-11-22: 456
2021-11-25: 456
2021-12-06: 456
2021-12-07: 456
2021-12-08: 456
2021-12-13: 456
2021-08-04: 455
2021-08-05: 455
2021-08-06: 455
2021-08-09: 455
2021-08-12: 455
2021-08-18: 455
2021-09-01: 455
2021-09-09: 455
2021-09-10: 455
2021-09-13: 455
2021-09-16: 455
2021-10-28: 455
2021-10-29: 455
2021-11-02: 455
2021-11-04: 455
2021-11-05: 455
2021-11-19: 455
2021-11-23: 455
2021-12-09: 455
2021-12-10: 455
2021-08-16: 454
2021-08-19: 454
2021-08-23: 454
2021-08-24: 454
2021-08-25: 454
2021-08-26: 454
2021-08-27: 454
2021-08-30: 454
2021-08-31: 454
2021-11-08: 454
2021-08-10: 453
2021-08-13: 453
2021-08-17: 453
2021-08-20: 453
2021-09-14: 453
2021-09-15: 453

[full-master-supplement-field-ratios]
turn=0.975366
tradestatus=0.975366
peTTM=0.975366
pbMRQ=0.975366
psTTM=0.975366
pcfNcfTTM=0.975366
isST=0.975366

[status]
ISSUES
- baostock supplement 未覆盖全部 TDX date+code
- baostock supplement 含有 TDX base 不存在的 date+code