Full Master Reconcile Report: 2019

tdx_base=code\data\formal\master\tdx_full_master_base_2019.csv
baostock_fields=code\data\formal\master\baostock_fields\2019.csv
full_master=code\data\formal\master\full_master_2019.csv

[row-counts]
tdx_base_rows=774728
baostock_rows=890495
full_master_rows=774728

[stock-counts]
tdx_base_codes=3310
baostock_codes=3771
full_master_codes=3310

[date-ranges]
tdx_base=2019-01-02 -> 2019-12-31
baostock=2019-01-02 -> 2019-12-31
full_master=2019-01-02 -> 2019-12-31

[key-coverage]
tdx_keys=774728
baostock_keys=890495
full_master_keys=774728
tdx_minus_baostock=0
baostock_minus_tdx=115767
full_minus_tdx=0
tdx_minus_full=0

[top-extra-in-baostock-by-code]
sz.000510: 244
sz.000977: 244
sz.000862: 244
sz.000028: 244
sz.000889: 244
sz.000010: 244
sz.000926: 244
sz.000762: 244
sz.000603: 244
sz.000779: 244

[top-extra-in-baostock-by-date]
2019-04-30: 504
2019-04-29: 492
2019-05-06: 489
2019-03-27: 489
2019-03-28: 487
2019-04-26: 487
2019-05-07: 486
2019-03-29: 486
2019-03-25: 485
2019-05-08: 485

[all-extra-in-baostock-by-code]
sh.600145: 244
sz.000001: 244
sz.000002: 244
sz.000004: 244
sz.000005: 244
sz.000006: 244
sz.000007: 244
sz.000008: 244
sz.000009: 244
sz.000010: 244
sz.000011: 244
sz.000012: 244
sz.000014: 244
sz.000016: 244
sz.000017: 244
sz.000018: 244
sz.000019: 244
sz.000020: 244
sz.000021: 244
sz.000023: 244
sz.000025: 244
sz.000026: 244
sz.000027: 244
sz.000028: 244
sz.000029: 244
sz.000030: 244
sz.000031: 244
sz.000032: 244
sz.000034: 244
sz.000035: 244
sz.000036: 244
sz.000037: 244
sz.000038: 244
sz.000039: 244
sz.000040: 244
sz.000042: 244
sz.000045: 244
sz.000046: 244
sz.000048: 244
sz.000049: 244
sz.000050: 244
sz.000055: 244
sz.000056: 244
sz.000058: 244
sz.000059: 244
sz.000060: 244
sz.000061: 244
sz.000062: 244
sz.000063: 244
sz.000065: 244
sz.000066: 244
sz.000068: 244
sz.000069: 244
sz.000070: 244
sz.000078: 244
sz.000088: 244
sz.000089: 244
sz.000090: 244
sz.000096: 244
sz.000099: 244
sz.000100: 244
sz.000150: 244
sz.000151: 244
sz.000153: 244
sz.000155: 244
sz.000156: 244
sz.000157: 244
sz.000158: 244
sz.000159: 244
sz.000166: 244
sz.000301: 244
sz.000333: 244
sz.000338: 244
sz.000400: 244
sz.000401: 244
sz.000402: 244
sz.000403: 244
sz.000404: 244
sz.000407: 244
sz.000408: 244
sz.000409: 244
sz.000410: 244
sz.000411: 244
sz.000413: 244
sz.000415: 244
sz.000416: 244
sz.000417: 244
sz.000419: 244
sz.000420: 244
sz.000421: 244
sz.000422: 244
sz.000423: 244
sz.000425: 244
sz.000426: 244
sz.000428: 244
sz.000429: 244
sz.000430: 244
sz.000488: 244
sz.000498: 244
sz.000501: 244
sz.000502: 244
sz.000503: 244
sz.000504: 244
sz.000505: 244
sz.000506: 244
sz.000507: 244
sz.000509: 244
sz.000510: 244
sz.000513: 244
sz.000514: 244
sz.000516: 244
sz.000517: 244
sz.000518: 244
sz.000519: 244
sz.000520: 244
sz.000521: 244
sz.000523: 244
sz.000524: 244
sz.000525: 244
sz.000526: 244
sz.000528: 244
sz.000529: 244
sz.000530: 244
sz.000531: 244
sz.000532: 244
sz.000533: 244
sz.000534: 244
sz.000536: 244
sz.000537: 244
sz.000538: 244
sz.000539: 244
sz.000540: 244
sz.000541: 244
sz.000543: 244
sz.000544: 244
sz.000545: 244
sz.000546: 244
sz.000547: 244
sz.000548: 244
sz.000550: 244
sz.000551: 244
sz.000552: 244
sz.000553: 244
sz.000554: 244
sz.000555: 244
sz.000557: 244
sz.000558: 244
sz.000559: 244
sz.000560: 244
sz.000561: 244
sz.000563: 244
sz.000564: 244
sz.000565: 244
sz.000566: 244
sz.000567: 244
sz.000568: 244
sz.000570: 244
sz.000571: 244
sz.000572: 244
sz.000573: 244
sz.000576: 244
sz.000581: 244
sz.000582: 244
sz.000584: 244
sz.000585: 244
sz.000586: 244
sz.000587: 244
sz.000589: 244
sz.000590: 244
sz.000591: 244
sz.000592: 244
sz.000593: 244
sz.000595: 244
sz.000596: 244
sz.000597: 244
sz.000598: 244
sz.000599: 244
sz.000600: 244
sz.000601: 244
sz.000603: 244
sz.000605: 244
sz.000606: 244
sz.000607: 244
sz.000608: 244
sz.000609: 244
sz.000610: 244
sz.000611: 244
sz.000612: 244
sz.000613: 244
sz.000615: 244
sz.000616: 244
sz.000617: 244
sz.000619: 244
sz.000620: 244
sz.000622: 244
sz.000623: 244
sz.000625: 244
sz.000626: 244
sz.000627: 244
sz.000628: 244
sz.000629: 244
sz.000630: 244
sz.000631: 244
sz.000632: 244
sz.000633: 244
sz.000635: 244
sz.000636: 244
sz.000637: 244
sz.000638: 244
sz.000639: 244
sz.000650: 244
sz.000651: 244
sz.000652: 244
sz.000655: 244
sz.000656: 244
sz.000657: 244
sz.000659: 244
sz.000661: 244
sz.000662: 244
sz.000663: 244
sz.000665: 244
sz.000666: 244
sz.000667: 244
sz.000668: 244
sz.000669: 244
sz.000670: 244
sz.000671: 244
sz.000672: 244
sz.000673: 244
sz.000676: 244
sz.000677: 244
sz.000678: 244
sz.000679: 244
sz.000680: 244
sz.000681: 244
sz.000682: 244
sz.000683: 244
sz.000685: 244
sz.000686: 244
sz.000687: 244
sz.000688: 244
sz.000690: 244
sz.000691: 244
sz.000692: 244
sz.000695: 244
sz.000697: 244
sz.000698: 244
sz.000700: 244
sz.000701: 244
sz.000702: 244
sz.000703: 244
sz.000705: 244
sz.000707: 244
sz.000708: 244
sz.000709: 244
sz.000710: 244
sz.000711: 244
sz.000712: 244
sz.000713: 244
sz.000715: 244
sz.000716: 244
sz.000717: 244
sz.000718: 244
sz.000719: 244
sz.000720: 244
sz.000721: 244
sz.000722: 244
sz.000723: 244
sz.000725: 244
sz.000726: 244
sz.000727: 244
sz.000728: 244
sz.000729: 244
sz.000731: 244
sz.000732: 244
sz.000733: 244
sz.000735: 244
sz.000736: 244
sz.000737: 244
sz.000738: 244
sz.000739: 244
sz.000750: 244
sz.000751: 244
sz.000752: 244
sz.000753: 244
sz.000755: 244
sz.000756: 244
sz.000757: 244
sz.000758: 244
sz.000759: 244
sz.000760: 244
sz.000761: 244
sz.000762: 244
sz.000766: 244
sz.000767: 244
sz.000768: 244
sz.000776: 244
sz.000777: 244
sz.000778: 244
sz.000779: 244
sz.000780: 244
sz.000782: 244
sz.000783: 244
sz.000785: 244
sz.000786: 244
sz.000788: 244
sz.000789: 244
sz.000790: 244
sz.000791: 244
sz.000792: 244
sz.000793: 244
sz.000795: 244
sz.000796: 244
sz.000797: 244
sz.000798: 244
sz.000799: 244
sz.000800: 244
sz.000801: 244
sz.000802: 244
sz.000803: 244
sz.000806: 244
sz.000807: 244
sz.000809: 244
sz.000810: 244
sz.000811: 244
sz.000812: 244
sz.000813: 244
sz.000815: 244
sz.000816: 244
sz.000818: 244
sz.000819: 244
sz.000820: 244
sz.000821: 244
sz.000822: 244
sz.000823: 244
sz.000825: 244
sz.000826: 244
sz.000828: 244
sz.000829: 244
sz.000830: 244
sz.000831: 244
sz.000833: 244
sz.000835: 244
sz.000836: 244
sz.000837: 244
sz.000838: 244
sz.000839: 244
sz.000848: 244
sz.000850: 244
sz.000851: 244
sz.000852: 244
sz.000856: 244
sz.000858: 244
sz.000859: 244
sz.000860: 244
sz.000861: 244
sz.000862: 244
sz.000863: 244
sz.000868: 244
sz.000869: 244
sz.000875: 244
sz.000876: 244
sz.000877: 244
sz.000878: 244
sz.000880: 244
sz.000881: 244
sz.000882: 244
sz.000883: 244
sz.000885: 244
sz.000886: 244
sz.000887: 244
sz.000888: 244
sz.000889: 244
sz.000890: 244
sz.000892: 244
sz.000893: 244
sz.000895: 244
sz.000897: 244
sz.000898: 244
sz.000899: 244
sz.000900: 244
sz.000901: 244
sz.000902: 244
sz.000903: 244
sz.000905: 244
sz.000906: 244
sz.000908: 244
sz.000909: 244
sz.000910: 244
sz.000911: 244
sz.000912: 244
sz.000913: 244
sz.000915: 244
sz.000917: 244
sz.000918: 244
sz.000919: 244
sz.000920: 244
sz.000921: 244
sz.000922: 244
sz.000923: 244
sz.000925: 244
sz.000926: 244
sz.000927: 244
sz.000928: 244
sz.000929: 244
sz.000930: 244
sz.000931: 244
sz.000932: 244
sz.000933: 244
sz.000935: 244
sz.000936: 244
sz.000937: 244
sz.000938: 244
sz.000939: 244
sz.000948: 244
sz.000949: 244
sz.000950: 244
sz.000951: 244
sz.000952: 244
sz.000953: 244
sz.000955: 244
sz.000957: 244
sz.000958: 244
sz.000959: 244
sz.000960: 244
sz.000961: 244
sz.000962: 244
sz.000963: 244
sz.000965: 244
sz.000966: 244
sz.000967: 244
sz.000968: 244
sz.000969: 244
sz.000970: 244
sz.000971: 244
sz.000972: 244
sz.000973: 244
sz.000975: 244
sz.000976: 244
sz.000977: 244
sz.000978: 244
sz.000980: 244
sz.000981: 244
sz.000982: 244
sz.000983: 244
sz.000985: 244
sz.000987: 244
sz.000988: 244
sz.000989: 244
sz.000990: 244
sz.000993: 244
sz.000995: 244
sz.000996: 244
sz.000997: 244
sz.000998: 244
sz.000999: 244
sz.300028: 244
sz.000043: 233
sz.002323: 224
sh.600074: 168
sz.300104: 168
sz.300216: 168
sz.002260: 167
sh.600610: 166
sz.002604: 166
sz.002680: 160
sh.600485: 127
sz.000693: 125
sz.002450: 123
sz.000418: 113
sh.600401: 98
sz.002070: 95
sh.600680: 94
sz.002263: 38
sh.600747: 26
sz.002143: 23
sh.600240: 22
sz.002018: 19
sz.002477: 19
sz.300080: 15
sz.300492: 15
sz.300749: 15
sz.002761: 12
sz.300391: 12
sz.300475: 12
sh.600072: 11
sh.600116: 11
sh.600131: 11
sh.600150: 11
sh.600163: 11
sh.600250: 11
sh.600279: 11
sh.600487: 11
sh.600517: 11
sh.603977: 11
sz.001914: 11
sz.002064: 11
sz.002208: 11
sz.002356: 11
sz.002483: 11
sz.002486: 11
sz.002533: 11
sz.002556: 11
sz.002627: 11
sz.002629: 11
sz.002793: 11
sz.300124: 11
sz.300345: 11
sz.300462: 11
sz.300483: 11
sz.300561: 11
sz.300629: 11
sz.300667: 11
sh.600075: 10
sh.600078: 10
sh.600095: 10
sh.600217: 10
sh.600277: 10
sh.600278: 10
sh.600306: 10
sh.600345: 10
sh.600353: 10
sh.600354: 10
sh.600370: 10
sh.600510: 10
sh.600575: 10
sh.600647: 10
sh.600651: 10
sh.600685: 10
sh.600727: 10
sh.600769: 10
sh.600810: 10
sh.600821: 10
sh.600826: 10
sh.600844: 10
sh.600855: 10
sh.600893: 10
sh.601700: 10
sh.601968: 10
sh.603015: 10
sh.603123: 10
sh.603330: 10
sh.603477: 10
sh.603557: 10
sh.603603: 10
sh.603799: 10
sz.002049: 10
sz.002112: 10
sz.002193: 10
sz.002199: 10
sz.002225: 10
sz.002254: 10
sz.002266: 10
sz.002282: 10
sz.002285: 10
sz.002307: 10
sz.002336: 10
sz.002453: 10
sz.002532: 10
sz.002542: 10
sz.002579: 10
sz.002610: 10
sz.002645: 10
sz.002682: 10
sz.002747: 10
sz.002758: 10
sz.002816: 10
sz.002891: 10
sz.300063: 10
sz.300108: 10
sz.300167: 10
sz.300173: 10
sz.300211: 10
sz.300278: 10
sz.300294: 10
sz.300358: 10
sz.300359: 10
sz.300481: 10
sz.300576: 10
sz.300592: 10
sz.300661: 10
sz.300731: 10
sh.600081: 9
sh.600343: 9
sh.600483: 9
sz.002115: 9
sz.002417: 9
sz.300275: 9
sz.300666: 9
sh.600538: 8
sz.002731: 8
sz.300506: 8
sz.300551: 8
sh.600030: 7
sh.600126: 7
sh.600803: 7
sh.601231: 7
sh.603286: 7
sz.002338: 7
sz.002770: 7
sz.300655: 7
sh.600113: 6
sh.600360: 6
sh.600459: 6
sh.600480: 6
sh.600988: 6
sh.601012: 6
sh.603183: 6
sz.002017: 6
sz.002021: 6
sz.002166: 6
sz.002185: 6
sz.002202: 6
sz.002205: 6
sz.002466: 6
sz.002514: 6
sz.002552: 6
sz.300109: 6
sz.300116: 6
sz.300223: 6
sz.300290: 6
sz.300715: 6
sh.600282: 5
sh.600781: 5
sz.002121: 5
sz.002252: 5
sz.002310: 5
sz.002343: 5
sz.002456: 5
sz.002554: 5
sz.002573: 5
sz.002795: 5
sz.300015: 5
sz.300168: 5
sz.300266: 5
sz.300273: 5
sz.300325: 5
sz.300344: 5
sz.300374: 5
sz.300457: 5
sz.300489: 5
sz.300530: 5
sh.601899: 4
sh.603588: 4
sh.603859: 4
sz.300188: 4
sz.300192: 4
sz.300368: 4
sh.600179: 3
sh.600319: 3
sh.600615: 3
sh.600682: 3
sh.600687: 3
sh.600732: 3
sh.603019: 3
sz.002047: 3
sz.002423: 3
sz.300053: 3
sz.300054: 3
sz.300607: 3
sh.600026: 2
sh.600186: 2
sh.600328: 2
sh.600421: 2
sh.600462: 2
sh.600556: 2
sh.600746: 2
sh.600800: 2
sh.600815: 2
sh.600816: 2
sh.600856: 2
sh.600891: 2
sh.601258: 2
sh.603810: 2
sh.603996: 2
sz.002082: 2
sz.002236: 2
sz.002240: 2
sz.002415: 2
sz.002528: 2
sz.002647: 2
sz.002711: 2
sz.300176: 2
sz.300269: 2
sz.300670: 2
sh.600084: 1
sh.600086: 1
sh.600112: 1
sh.600119: 1
sh.600133: 1
sh.600135: 1
sh.600141: 1
sh.600158: 1
sh.600193: 1
sh.600198: 1
sh.600202: 1
sh.600208: 1
sh.600209: 1
sh.600226: 1
sh.600234: 1
sh.600238: 1
sh.600239: 1
sh.600247: 1
sh.600265: 1
sh.600290: 1
sh.600295: 1
sh.600318: 1
sh.600321: 1
sh.600335: 1
sh.600385: 1
sh.600396: 1
sh.600397: 1
sh.600399: 1
sh.600408: 1
sh.600423: 1
sh.600478: 1
sh.600482: 1
sh.600489: 1
sh.600496: 1
sh.600518: 1
sh.600526: 1
sh.600539: 1
sh.600562: 1
sh.600595: 1
sh.600605: 1
sh.600614: 1
sh.600634: 1
sh.600652: 1
sh.600654: 1
sh.600664: 1
sh.600666: 1
sh.600696: 1
sh.600698: 1
sh.600711: 1
sh.600721: 1
sh.600726: 1
sh.600745: 1
sh.600749: 1
sh.600750: 1
sh.600764: 1
sh.600774: 1
sh.600778: 1
sh.600779: 1
sh.600807: 1
sh.600829: 1
sh.600848: 1
sh.600868: 1
sh.600870: 1
sh.600871: 1
sh.600877: 1
sh.600880: 1
sh.600896: 1
sh.600966: 1
sh.600982: 1
sh.601101: 1
sh.601113: 1
sh.601137: 1
sh.601798: 1
sh.601975: 1
sh.603022: 1
sh.603031: 1
sh.603188: 1
sh.603283: 1
sh.603315: 1
sh.603348: 1
sh.603386: 1
sh.603501: 1
sh.603766: 1
sh.603779: 1
sh.603789: 1
sh.603986: 1
sh.603997: 1
sh.688005: 1
sz.002005: 1
sz.002015: 1
sz.002051: 1
sz.002059: 1
sz.002072: 1
sz.002086: 1
sz.002089: 1
sz.002113: 1
sz.002175: 1
sz.002190: 1
sz.002194: 1
sz.002200: 1
sz.002210: 1
sz.002220: 1
sz.002237: 1
sz.002243: 1
sz.002259: 1
sz.002289: 1
sz.002290: 1
sz.002306: 1
sz.002333: 1
sz.002359: 1
sz.002413: 1
sz.002420: 1
sz.002459: 1
sz.002473: 1
sz.002496: 1
sz.002499: 1
sz.002501: 1
sz.002569: 1
sz.002570: 1
sz.002586: 1
sz.002602: 1
sz.002612: 1
sz.002617: 1
sz.002642: 1
sz.002655: 1
sz.002684: 1
sz.002692: 1
sz.002716: 1
sz.002724: 1
sz.002739: 1
sz.002765: 1
sz.002766: 1
sz.002825: 1
sz.002872: 1
sz.002915: 1
sz.300013: 1
sz.300111: 1
sz.300132: 1
sz.300146: 1
sz.300157: 1
sz.300165: 1
sz.300302: 1
sz.300340: 1
sz.300435: 1
sz.300455: 1
sz.300466: 1
sz.300531: 1
sz.300596: 1
sz.300604: 1
sz.300682: 1
sz.300746: 1

[all-extra-in-baostock-by-date]
2019-04-30: 504
2019-04-29: 492
2019-03-27: 489
2019-05-06: 489
2019-03-28: 487
2019-04-26: 487
2019-03-29: 486
2019-05-07: 486
2019-03-25: 485
2019-05-08: 485
2019-03-26: 484
2019-04-03: 483
2019-05-13: 483
2019-05-15: 483
2019-04-04: 482
2019-05-14: 482
2019-05-20: 482
2019-04-01: 481
2019-04-25: 481
2019-05-16: 481
2019-05-23: 481
2019-06-19: 481
2019-06-21: 481
2019-03-22: 480
2019-04-11: 480
2019-04-16: 480
2019-05-09: 480
2019-05-10: 480
2019-05-22: 480
2019-06-12: 480
2019-06-13: 480
2019-06-17: 480
2019-06-18: 480
2019-06-20: 480
2019-03-18: 479
2019-03-19: 479
2019-05-17: 479
2019-05-21: 479
2019-05-24: 479
2019-06-03: 479
2019-06-10: 479
2019-06-14: 479
2019-07-09: 479
2019-03-21: 478
2019-04-09: 478
2019-04-15: 478
2019-06-11: 478
2019-07-04: 478
2019-07-11: 478
2019-04-02: 477
2019-04-10: 477
2019-04-12: 477
2019-04-22: 477
2019-06-04: 477
2019-06-05: 477
2019-06-24: 477
2019-06-26: 477
2019-07-08: 477
2019-07-10: 477
2019-09-26: 477
2019-09-27: 477
2019-10-08: 477
2019-12-10: 477
2019-03-13: 476
2019-03-20: 476
2019-04-08: 476
2019-04-23: 476
2019-04-24: 476
2019-05-27: 476
2019-05-28: 476
2019-05-30: 476
2019-05-31: 476
2019-06-25: 476
2019-06-27: 476
2019-07-12: 476
2019-10-09: 476
2019-11-06: 476
2019-12-04: 476
2019-02-27: 475
2019-03-06: 475
2019-03-14: 475
2019-03-15: 475
2019-04-17: 475
2019-04-19: 475
2019-06-06: 475
2019-07-01: 475
2019-07-03: 475
2019-07-05: 475
2019-08-26: 475
2019-08-27: 475
2019-08-29: 475
2019-09-24: 475
2019-10-10: 475
2019-11-01: 475
2019-12-09: 475
2019-12-11: 475
2019-12-12: 475
2019-01-29: 474
2019-02-26: 474
2019-05-29: 474
2019-07-02: 474
2019-08-28: 474
2019-09-19: 474
2019-09-23: 474
2019-10-21: 474
2019-10-31: 474
2019-12-02: 474
2019-12-05: 474
2019-12-06: 474
2019-01-23: 473
2019-01-25: 473
2019-01-28: 473
2019-02-20: 473
2019-02-25: 473
2019-02-28: 473
2019-03-07: 473
2019-03-12: 473
2019-07-15: 473
2019-07-23: 473
2019-07-24: 473
2019-07-30: 473
2019-08-08: 473
2019-08-09: 473
2019-08-12: 473
2019-08-14: 473
2019-08-19: 473
2019-08-20: 473
2019-08-21: 473
2019-08-22: 473
2019-08-23: 473
2019-08-30: 473
2019-09-10: 473
2019-09-25: 473
2019-10-11: 473
2019-10-22: 473
2019-10-30: 473
2019-11-04: 473
2019-11-13: 473
2019-11-15: 473
2019-11-28: 473
2019-11-29: 473
2019-12-03: 473
2019-01-31: 472
2019-02-01: 472
2019-03-05: 472
2019-04-18: 472
2019-06-28: 472
2019-07-17: 472
2019-07-19: 472
2019-07-25: 472
2019-07-29: 472
2019-07-31: 472
2019-08-01: 472
2019-08-13: 472
2019-09-02: 472
2019-09-04: 472
2019-09-06: 472
2019-09-11: 472
2019-09-12: 472
2019-09-16: 472
2019-09-18: 472
2019-09-20: 472
2019-09-30: 472
2019-10-14: 472
2019-10-15: 472
2019-10-16: 472
2019-10-23: 472
2019-11-05: 472
2019-11-07: 472
2019-11-08: 472
2019-11-14: 472
2019-11-27: 472
2019-12-20: 472
2019-12-25: 472
2019-12-26: 472
2019-01-18: 471
2019-01-21: 471
2019-01-22: 471
2019-01-24: 471
2019-01-30: 471
2019-02-21: 471
2019-02-22: 471
2019-03-08: 471
2019-03-11: 471
2019-07-16: 471
2019-07-18: 471
2019-07-22: 471
2019-07-26: 471
2019-08-02: 471
2019-08-05: 471
2019-08-07: 471
2019-08-16: 471
2019-09-03: 471
2019-09-05: 471
2019-09-09: 471
2019-09-17: 471
2019-10-17: 471
2019-10-18: 471
2019-10-25: 471
2019-10-28: 471
2019-10-29: 471
2019-11-11: 471
2019-11-18: 471
2019-11-20: 471
2019-11-26: 471
2019-12-13: 471
2019-12-27: 471
2019-12-30: 471
2019-12-31: 471
2019-01-07: 470
2019-01-16: 470
2019-02-11: 470
2019-02-12: 470
2019-02-18: 470
2019-02-19: 470
2019-03-01: 470
2019-03-04: 470
2019-08-06: 470
2019-08-15: 470
2019-10-24: 470
2019-11-19: 470
2019-11-21: 470
2019-12-19: 470
2019-12-23: 470
2019-01-03: 469
2019-01-04: 469
2019-01-08: 469
2019-01-09: 469
2019-01-14: 469
2019-01-15: 469
2019-01-17: 469
2019-02-13: 469
2019-02-15: 469
2019-11-12: 469
2019-11-22: 469
2019-11-25: 469
2019-12-17: 469
2019-12-18: 469
2019-12-24: 469
2019-01-02: 468
2019-02-14: 468
2019-12-16: 468
2019-01-10: 467
2019-01-11: 467

[full-master-supplement-field-ratios]
turn=0.951730
tradestatus=0.951730
peTTM=0.951730
pbMRQ=0.951730
psTTM=0.951730
pcfNcfTTM=0.951730
isST=0.951730

[status]
ISSUES
- baostock supplement 含有 TDX base 不存在的 date+code