Full Master Reconcile Report: 2023

tdx_base=code\data\formal\master\tdx_full_master_base_2023.csv
baostock_fields=code\data\formal\master\baostock_fields\2023.csv
full_master=code\data\formal\master\full_master_2023.csv

[row-counts]
tdx_base_rows=1153233
baostock_rows=1132468
full_master_rows=1153233

[stock-counts]
tdx_base_codes=4937
baostock_codes=4759
full_master_codes=4937

[date-ranges]
tdx_base=2023-01-03 -> 2023-12-29
baostock=2023-01-03 -> 2023-12-29
full_master=2023-01-03 -> 2023-12-29

[key-coverage]
tdx_keys=1153233
baostock_keys=1132468
full_master_keys=1153233
tdx_minus_baostock=128499
baostock_minus_tdx=107734
full_minus_tdx=0
tdx_minus_full=0

[top-missing-from-baostock-by-code]
sz.301248: 242
sz.301091: 242
bj.920075: 242
bj.920370: 242
bj.920021: 242
bj.920689: 242
sz.301110: 242
sz.301136: 242
sz.301066: 242
bj.920924: 242

[top-missing-from-baostock-by-date]
2023-12-29: 621
2023-12-28: 620
2023-12-27: 618
2023-12-26: 618
2023-12-25: 617
2023-12-21: 617
2023-12-22: 617
2023-12-20: 616
2023-12-19: 616
2023-12-18: 615

[all-missing-from-baostock-by-code]
bj.920000: 242
bj.920001: 242
bj.920010: 242
bj.920014: 242
bj.920021: 242
bj.920030: 242
bj.920033: 242
bj.920046: 242
bj.920047: 242
bj.920062: 242
bj.920075: 242
bj.920077: 242
bj.920087: 242
bj.920089: 242
bj.920092: 242
bj.920110: 242
bj.920122: 242
bj.920139: 242
bj.920145: 242
bj.920146: 242
bj.920149: 242
bj.920152: 242
bj.920163: 242
bj.920167: 242
bj.920169: 242
bj.920174: 242
bj.920179: 242
bj.920184: 242
bj.920185: 242
bj.920190: 242
bj.920195: 242
bj.920199: 242
bj.920204: 242
bj.920207: 242
bj.920212: 242
bj.920223: 242
bj.920225: 242
bj.920227: 242
bj.920230: 242
bj.920237: 242
bj.920239: 242
bj.920242: 242
bj.920245: 242
bj.920247: 242
bj.920260: 242
bj.920262: 242
bj.920263: 242
bj.920266: 242
bj.920267: 242
bj.920270: 242
bj.920271: 242
bj.920275: 242
bj.920278: 242
bj.920299: 242
bj.920300: 242
bj.920305: 242
bj.920339: 242
bj.920344: 242
bj.920346: 242
bj.920351: 242
bj.920357: 242
bj.920368: 242
bj.920370: 242
bj.920374: 242
bj.920378: 242
bj.920392: 242
bj.920395: 242
bj.920396: 242
bj.920402: 242
bj.920405: 242
bj.920414: 242
bj.920415: 242
bj.920418: 242
bj.920419: 242
bj.920427: 242
bj.920429: 242
bj.920433: 242
bj.920436: 242
bj.920445: 242
bj.920454: 242
bj.920475: 242
bj.920476: 242
bj.920489: 242
bj.920491: 242
bj.920505: 242
bj.920508: 242
bj.920509: 242
bj.920510: 242
bj.920523: 242
bj.920527: 242
bj.920533: 242
bj.920553: 242
bj.920564: 242
bj.920566: 242
bj.920571: 242
bj.920580: 242
bj.920599: 242
bj.920608: 242
bj.920634: 242
bj.920639: 242
bj.920640: 242
bj.920641: 242
bj.920642: 242
bj.920662: 242
bj.920670: 242
bj.920675: 242
bj.920680: 242
bj.920682: 242
bj.920685: 242
bj.920689: 242
bj.920718: 242
bj.920720: 242
bj.920725: 242
bj.920726: 242
bj.920729: 242
bj.920735: 242
bj.920765: 242
bj.920768: 242
bj.920781: 242
bj.920790: 242
bj.920799: 242
bj.920807: 242
bj.920808: 242
bj.920810: 242
bj.920819: 242
bj.920821: 242
bj.920826: 242
bj.920832: 242
bj.920834: 242
bj.920839: 242
bj.920855: 242
bj.920857: 242
bj.920866: 242
bj.920870: 242
bj.920871: 242
bj.920873: 242
bj.920876: 242
bj.920879: 242
bj.920885: 242
bj.920892: 242
bj.920914: 242
bj.920924: 242
bj.920925: 242
bj.920932: 242
bj.920942: 242
bj.920943: 242
bj.920946: 242
bj.920957: 242
bj.920961: 242
bj.920964: 242
bj.920970: 242
bj.920971: 242
bj.920981: 242
bj.920985: 242
bj.920992: 242
sz.301000: 242
sz.301001: 242
sz.301002: 242
sz.301003: 242
sz.301004: 242
sz.301005: 242
sz.301006: 242
sz.301007: 242
sz.301008: 242
sz.301009: 242
sz.301010: 242
sz.301011: 242
sz.301012: 242
sz.301013: 242
sz.301015: 242
sz.301016: 242
sz.301017: 242
sz.301018: 242
sz.301019: 242
sz.301020: 242
sz.301021: 242
sz.301022: 242
sz.301023: 242
sz.301024: 242
sz.301025: 242
sz.301026: 242
sz.301027: 242
sz.301028: 242
sz.301029: 242
sz.301030: 242
sz.301031: 242
sz.301032: 242
sz.301033: 242
sz.301035: 242
sz.301036: 242
sz.301037: 242
sz.301038: 242
sz.301040: 242
sz.301041: 242
sz.301042: 242
sz.301043: 242
sz.301045: 242
sz.301046: 242
sz.301047: 242
sz.301048: 242
sz.301049: 242
sz.301050: 242
sz.301051: 242
sz.301052: 242
sz.301053: 242
sz.301055: 242
sz.301056: 242
sz.301057: 242
sz.301058: 242
sz.301059: 242
sz.301060: 242
sz.301061: 242
sz.301062: 242
sz.301063: 242
sz.301065: 242
sz.301066: 242
sz.301067: 242
sz.301068: 242
sz.301069: 242
sz.301070: 242
sz.301071: 242
sz.301072: 242
sz.301073: 242
sz.301075: 242
sz.301076: 242
sz.301077: 242
sz.301078: 242
sz.301079: 242
sz.301080: 242
sz.301081: 242
sz.301082: 242
sz.301083: 242
sz.301085: 242
sz.301086: 242
sz.301087: 242
sz.301088: 242
sz.301089: 242
sz.301090: 242
sz.301091: 242
sz.301092: 242
sz.301093: 242
sz.301095: 242
sz.301096: 242
sz.301097: 242
sz.301098: 242
sz.301099: 242
sz.301100: 242
sz.301101: 242
sz.301102: 242
sz.301103: 242
sz.301105: 242
sz.301107: 242
sz.301108: 242
sz.301110: 242
sz.301111: 242
sz.301112: 242
sz.301113: 242
sz.301115: 242
sz.301116: 242
sz.301117: 242
sz.301118: 242
sz.301119: 242
sz.301120: 242
sz.301121: 242
sz.301122: 242
sz.301123: 242
sz.301125: 242
sz.301126: 242
sz.301127: 242
sz.301128: 242
sz.301129: 242
sz.301130: 242
sz.301131: 242
sz.301132: 242
sz.301133: 242
sz.301135: 242
sz.301136: 242
sz.301137: 242
sz.301138: 242
sz.301139: 242
sz.301148: 242
sz.301149: 242
sz.301150: 242
sz.301151: 242
sz.301152: 242
sz.301153: 242
sz.301155: 242
sz.301156: 242
sz.301158: 242
sz.301159: 242
sz.301160: 242
sz.301161: 242
sz.301162: 242
sz.301163: 242
sz.301165: 242
sz.301166: 242
sz.301167: 242
sz.301168: 242
sz.301169: 242
sz.301171: 242
sz.301175: 242
sz.301176: 242
sz.301177: 242
sz.301178: 242
sz.301179: 242
sz.301180: 242
sz.301181: 242
sz.301182: 242
sz.301183: 242
sz.301185: 242
sz.301186: 242
sz.301187: 242
sz.301188: 242
sz.301189: 242
sz.301190: 242
sz.301191: 242
sz.301192: 242
sz.301193: 242
sz.301195: 242
sz.301196: 242
sz.301197: 242
sz.301198: 242
sz.301199: 242
sz.301200: 242
sz.301201: 242
sz.301205: 242
sz.301206: 242
sz.301207: 242
sz.301208: 242
sz.301209: 242
sz.301211: 242
sz.301212: 242
sz.301213: 242
sz.301215: 242
sz.301216: 242
sz.301217: 242
sz.301218: 242
sz.301219: 242
sz.301220: 242
sz.301221: 242
sz.301222: 242
sz.301223: 242
sz.301226: 242
sz.301227: 242
sz.301228: 242
sz.301229: 242
sz.301230: 242
sz.301231: 242
sz.301233: 242
sz.301234: 242
sz.301235: 242
sz.301236: 242
sz.301237: 242
sz.301238: 242
sz.301239: 242
sz.301248: 242
sz.301255: 242
sz.301256: 242
sz.301257: 242
sz.301258: 242
sz.301259: 242
sz.301263: 242
sz.301265: 242
sz.301266: 242
sz.301267: 242
sz.301268: 242
sz.301269: 242
sz.301270: 242
sz.301273: 242
sz.301276: 242
sz.301277: 242
sz.301278: 242
sz.301279: 242
sz.301280: 242
sz.301282: 242
sz.301283: 242
sz.301285: 242
sz.301286: 242
sz.301288: 242
sz.301289: 242
sz.301290: 242
sz.301296: 242
sz.301297: 242
sz.301298: 242
sz.301299: 242
sz.301300: 242
sz.301301: 242
sz.301302: 242
sz.301306: 242
sz.301308: 242
sz.301309: 242
sz.301311: 242
sz.301312: 242
sz.301313: 242
sz.301316: 242
sz.301318: 242
sz.301319: 242
sz.301321: 242
sz.301326: 242
sz.301327: 242
sz.301328: 242
sz.301330: 242
sz.301331: 242
sz.301333: 242
sz.301335: 242
sz.301336: 242
sz.301338: 242
sz.301339: 242
sz.301349: 242
sz.301356: 242
sz.301359: 242
sz.301361: 242
sz.301363: 242
sz.301365: 242
sz.301366: 242
sz.301367: 242
sz.301368: 242
sz.301369: 242
sz.301377: 242
sz.301379: 242
sz.301380: 242
sz.301388: 242
sz.301389: 242
sz.301391: 242
sz.301396: 242
sz.301398: 242
sz.301039: 241
bj.920171: 239
bj.920526: 239
bj.920090: 237
bj.920198: 237
bj.920950: 236
bj.920753: 235
bj.920039: 234
bj.920856: 232
sz.301106: 232
sz.301109: 232
bj.920371: 231
bj.920252: 230
sz.301317: 230
bj.920425: 228
bj.920023: 225
bj.920802: 223
sz.301260: 221
sz.301373: 221
bj.920367: 220
sz.301358: 220
sz.301419: 220
bj.920407: 215
bj.920249: 214
sz.301303: 213
bj.920273: 212
bj.920906: 211
bj.920478: 210
bj.920770: 207
bj.920422: 206
sz.301408: 206
sz.301322: 203
bj.920974: 201
sz.301157: 200
bj.920541: 199
bj.920057: 197
bj.920575: 196
bj.920663: 196
bj.920556: 194
sz.301439: 194
sz.301246: 193
sz.301378: 193
sz.301345: 192
bj.920809: 190
sz.301314: 187
sz.301386: 186
bj.920792: 185
bj.920261: 183
sz.301141: 183
sz.301203: 182
sz.301281: 182
bj.920895: 181
bj.920593: 176
sz.301429: 174
bj.920304: 173
sz.301357: 173
sz.301387: 173
bj.920896: 172
bj.920694: 169
sz.301307: 169
bj.920394: 168
sz.301360: 168
sz.301293: 163
sz.301390: 162
bj.920699: 161
bj.920578: 158
sz.301325: 158
bj.920837: 157
sz.301382: 155
bj.920006: 154
sz.301332: 154
sz.301428: 153
sz.301305: 151
sz.301399: 151
bj.920471: 149
sz.301252: 149
bj.920719: 148
sz.301337: 148
sz.301353: 146
bj.920017: 145
bj.920779: 144
sz.301310: 143
sz.301323: 141
bj.920221: 139
sz.301320: 138
sz.301383: 138
sz.301355: 137
sz.301287: 135
sz.301232: 134
sz.301225: 133
sz.301448: 132
sz.301262: 131
bj.920455: 130
sz.301315: 130
sz.301376: 130
bj.920651: 128
sz.301170: 128
sz.301295: 127
sz.301397: 127
bj.920208: 126
bj.920175: 125
sz.301210: 125
sz.301291: 125
bj.920717: 124
sz.301395: 124
sz.301488: 123
sz.301202: 122
sz.301292: 120
sz.301486: 120
bj.920592: 119
sz.301261: 119
bj.920576: 117
sz.301370: 117
sz.301381: 117
sz.301393: 117
sz.301272: 116
sz.301456: 115
bj.920751: 114
sz.301329: 114
sz.301503: 114
bj.920701: 112
sz.301505: 112
bj.920982: 111
sz.301512: 111
sz.301499: 110
sz.301468: 109
sz.301446: 108
sz.301515: 108
sz.301172: 107
sz.301519: 106
sz.301371: 103
sz.301509: 101
sz.301518: 101
sz.301362: 100
bj.920926: 98
sz.301487: 97
bj.920058: 96
sz.301348: 96
sz.301372: 95
sz.301510: 93
bj.920748: 92
sz.301498: 92
bj.920504: 91
sz.301511: 91
bj.920274: 90
sz.301533: 90
sz.301418: 89
sz.301469: 88
bj.920953: 87
sz.301421: 87
sz.301528: 84
sz.301525: 82
bj.920976: 80
sz.301507: 78
sz.301251: 77
bj.920627: 76
sz.301529: 74
bj.920519: 70
sz.301550: 70
bj.920469: 69
sz.301548: 67
sz.301500: 66
sz.301520: 64
bj.920665: 63
bj.920978: 61
sz.301558: 61
sz.301559: 58
bj.920786: 56
sz.301517: 54
bj.920026: 52
sz.301489: 49
bj.920693: 46
sz.301555: 44
bj.920493: 43
bj.920130: 42
bj.920833: 38
bj.920679: 36
bj.920132: 32
bj.920522: 32
bj.920570: 27
sz.301568: 24
bj.920579: 22
sz.301508: 21
bj.920703: 19
sz.301516: 16
bj.920547: 14
sz.301459: 13
bj.920375: 12
sz.301413: 10
bj.920284: 9
bj.920061: 7
sz.301526: 4
bj.920363: 2
sz.301578: 2
sz.301566: 1

[all-missing-from-baostock-by-date]
2023-12-29: 621
2023-12-28: 620
2023-12-26: 618
2023-12-27: 618
2023-12-21: 617
2023-12-22: 617
2023-12-25: 617
2023-12-19: 616
2023-12-20: 616
2023-12-18: 615
2023-12-14: 614
2023-12-15: 614
2023-12-13: 613
2023-12-12: 612
2023-12-11: 611
2023-12-08: 610
2023-12-01: 609
2023-12-05: 609
2023-12-06: 609
2023-12-07: 609
2023-12-04: 608
2023-11-23: 606
2023-11-24: 606
2023-11-27: 606
2023-11-30: 606
2023-11-16: 605
2023-11-17: 605
2023-11-20: 605
2023-11-21: 605
2023-11-22: 605
2023-11-29: 605
2023-11-28: 604
2023-11-10: 603
2023-11-13: 603
2023-11-14: 603
2023-11-15: 603
2023-11-08: 602
2023-11-09: 602
2023-11-02: 601
2023-11-03: 601
2023-11-06: 601
2023-11-07: 601
2023-11-01: 600
2023-10-31: 599
2023-10-30: 598
2023-10-27: 597
2023-10-25: 596
2023-10-26: 596
2023-10-24: 595
2023-10-19: 594
2023-10-20: 594
2023-10-23: 594
2023-10-13: 593
2023-10-17: 593
2023-10-18: 593
2023-09-28: 592
2023-10-09: 592
2023-10-10: 592
2023-10-11: 592
2023-10-12: 592
2023-10-16: 592
2023-09-26: 590
2023-09-27: 590
2023-09-25: 589
2023-09-21: 588
2023-09-22: 588
2023-09-20: 587
2023-09-18: 586
2023-09-19: 586
2023-09-15: 585
2023-09-11: 583
2023-09-12: 583
2023-09-13: 583
2023-09-14: 583
2023-09-07: 582
2023-09-08: 582
2023-09-06: 581
2023-09-05: 580
2023-09-01: 579
2023-09-04: 579
2023-08-30: 578
2023-08-31: 578
2023-08-28: 577
2023-08-29: 577
2023-08-23: 576
2023-08-24: 576
2023-08-25: 576
2023-08-22: 574
2023-08-21: 573
2023-08-18: 572
2023-08-17: 570
2023-08-16: 568
2023-08-15: 566
2023-08-11: 565
2023-08-14: 565
2023-08-10: 564
2023-08-09: 562
2023-08-08: 560
2023-08-04: 559
2023-08-07: 559
2023-08-03: 558
2023-08-01: 557
2023-07-27: 556
2023-07-28: 556
2023-07-31: 556
2023-08-02: 556
2023-07-26: 555
2023-07-25: 553
2023-07-24: 551
2023-07-21: 550
2023-07-20: 549
2023-07-19: 547
2023-07-17: 545
2023-07-18: 545
2023-07-14: 543
2023-07-13: 542
2023-07-12: 541
2023-07-10: 537
2023-07-11: 537
2023-07-07: 535
2023-07-05: 533
2023-07-06: 533
2023-07-04: 532
2023-07-03: 531
2023-06-30: 529
2023-06-29: 526
2023-06-28: 525
2023-06-27: 523
2023-06-21: 521
2023-06-26: 521
2023-06-20: 518
2023-06-19: 517
2023-06-16: 516
2023-06-15: 515
2023-06-14: 514
2023-06-12: 513
2023-06-13: 513
2023-06-09: 512
2023-06-08: 510
2023-06-06: 509
2023-06-07: 509
2023-06-02: 508
2023-06-05: 508
2023-06-01: 507
2023-05-31: 506
2023-05-30: 505
2023-05-26: 504
2023-05-29: 504
2023-05-25: 502
2023-05-23: 500
2023-05-24: 500
2023-05-19: 498
2023-05-22: 498
2023-05-18: 497
2023-05-17: 495
2023-05-15: 494
2023-05-16: 494
2023-05-12: 493
2023-05-09: 491
2023-05-10: 491
2023-05-11: 491
2023-05-08: 490
2023-05-05: 489
2023-04-25: 488
2023-04-26: 488
2023-04-27: 488
2023-04-28: 488
2023-05-04: 488
2023-04-24: 486
2023-04-19: 484
2023-04-20: 484
2023-04-21: 484
2023-04-18: 483
2023-04-17: 480
2023-04-13: 479
2023-04-14: 479
2023-04-06: 478
2023-04-07: 478
2023-04-10: 478
2023-04-11: 478
2023-04-12: 478
2023-04-04: 477
2023-04-03: 475
2023-03-30: 473
2023-03-31: 473
2023-03-29: 472
2023-03-28: 471
2023-03-23: 470
2023-03-24: 470
2023-03-27: 470
2023-03-21: 469
2023-03-22: 469
2023-03-20: 468
2023-03-17: 466
2023-03-15: 464
2023-03-16: 464
2023-03-14: 462
2023-03-13: 461
2023-03-10: 460
2023-03-09: 459
2023-03-08: 458
2023-03-06: 457
2023-03-07: 457
2023-03-01: 455
2023-03-02: 455
2023-03-03: 455
2023-02-28: 454
2023-02-23: 453
2023-02-24: 453
2023-02-27: 453
2023-02-22: 452
2023-02-21: 451
2023-02-17: 450
2023-02-20: 450
2023-02-16: 449
2023-02-09: 448
2023-02-10: 448
2023-02-13: 448
2023-02-14: 448
2023-02-15: 448
2023-02-08: 445
2023-02-06: 443
2023-02-07: 443
2023-02-02: 442
2023-02-03: 442
2023-01-30: 441
2023-01-31: 441
2023-02-01: 441
2023-01-19: 440
2023-01-20: 440
2023-01-18: 438
2023-01-11: 437
2023-01-12: 437
2023-01-13: 437
2023-01-16: 437
2023-01-17: 437
2023-01-03: 436
2023-01-04: 436
2023-01-05: 436
2023-01-06: 436
2023-01-09: 436
2023-01-10: 436

[top-extra-in-baostock-by-code]
sz.000063: 242
sz.000032: 242
sz.000989: 242
sz.000837: 242
sz.000890: 242
sz.000737: 242
sz.000599: 242
sz.000911: 242
sz.000716: 242
sz.000988: 242

[top-extra-in-baostock-by-date]
2023-05-04: 495
2023-05-10: 472
2023-05-09: 472
2023-04-28: 471
2023-05-11: 471
2023-05-15: 470
2023-05-12: 470
2023-05-05: 470
2023-05-29: 470
2023-05-08: 470

[all-extra-in-baostock-by-code]
sz.000001: 242
sz.000002: 242
sz.000004: 242
sz.000005: 242
sz.000006: 242
sz.000007: 242
sz.000008: 242
sz.000009: 242
sz.000010: 242
sz.000011: 242
sz.000012: 242
sz.000014: 242
sz.000016: 242
sz.000017: 242
sz.000019: 242
sz.000020: 242
sz.000021: 242
sz.000023: 242
sz.000025: 242
sz.000026: 242
sz.000027: 242
sz.000028: 242
sz.000029: 242
sz.000030: 242
sz.000031: 242
sz.000032: 242
sz.000034: 242
sz.000035: 242
sz.000036: 242
sz.000037: 242
sz.000039: 242
sz.000040: 242
sz.000042: 242
sz.000045: 242
sz.000046: 242
sz.000048: 242
sz.000049: 242
sz.000050: 242
sz.000055: 242
sz.000056: 242
sz.000058: 242
sz.000059: 242
sz.000060: 242
sz.000061: 242
sz.000062: 242
sz.000063: 242
sz.000065: 242
sz.000066: 242
sz.000068: 242
sz.000069: 242
sz.000070: 242
sz.000078: 242
sz.000088: 242
sz.000089: 242
sz.000090: 242
sz.000096: 242
sz.000099: 242
sz.000100: 242
sz.000151: 242
sz.000153: 242
sz.000155: 242
sz.000156: 242
sz.000157: 242
sz.000158: 242
sz.000159: 242
sz.000166: 242
sz.000301: 242
sz.000333: 242
sz.000338: 242
sz.000400: 242
sz.000401: 242
sz.000402: 242
sz.000403: 242
sz.000404: 242
sz.000407: 242
sz.000408: 242
sz.000409: 242
sz.000410: 242
sz.000411: 242
sz.000413: 242
sz.000415: 242
sz.000416: 242
sz.000417: 242
sz.000419: 242
sz.000420: 242
sz.000421: 242
sz.000422: 242
sz.000423: 242
sz.000425: 242
sz.000426: 242
sz.000428: 242
sz.000429: 242
sz.000430: 242
sz.000488: 242
sz.000498: 242
sz.000501: 242
sz.000503: 242
sz.000504: 242
sz.000505: 242
sz.000506: 242
sz.000507: 242
sz.000509: 242
sz.000510: 242
sz.000513: 242
sz.000514: 242
sz.000516: 242
sz.000517: 242
sz.000518: 242
sz.000519: 242
sz.000520: 242
sz.000521: 242
sz.000523: 242
sz.000524: 242
sz.000525: 242
sz.000526: 242
sz.000528: 242
sz.000529: 242
sz.000530: 242
sz.000531: 242
sz.000532: 242
sz.000533: 242
sz.000534: 242
sz.000536: 242
sz.000537: 242
sz.000538: 242
sz.000539: 242
sz.000541: 242
sz.000543: 242
sz.000544: 242
sz.000545: 242
sz.000546: 242
sz.000547: 242
sz.000548: 242
sz.000550: 242
sz.000551: 242
sz.000552: 242
sz.000553: 242
sz.000554: 242
sz.000555: 242
sz.000557: 242
sz.000558: 242
sz.000559: 242
sz.000560: 242
sz.000561: 242
sz.000563: 242
sz.000564: 242
sz.000565: 242
sz.000566: 242
sz.000567: 242
sz.000568: 242
sz.000570: 242
sz.000571: 242
sz.000572: 242
sz.000573: 242
sz.000576: 242
sz.000581: 242
sz.000582: 242
sz.000584: 242
sz.000586: 242
sz.000589: 242
sz.000590: 242
sz.000591: 242
sz.000592: 242
sz.000593: 242
sz.000595: 242
sz.000596: 242
sz.000597: 242
sz.000598: 242
sz.000599: 242
sz.000600: 242
sz.000601: 242
sz.000603: 242
sz.000605: 242
sz.000607: 242
sz.000608: 242
sz.000609: 242
sz.000610: 242
sz.000612: 242
sz.000615: 242
sz.000617: 242
sz.000619: 242
sz.000620: 242
sz.000622: 242
sz.000623: 242
sz.000625: 242
sz.000626: 242
sz.000627: 242
sz.000628: 242
sz.000629: 242
sz.000630: 242
sz.000631: 242
sz.000632: 242
sz.000633: 242
sz.000635: 242
sz.000636: 242
sz.000637: 242
sz.000638: 242
sz.000639: 242
sz.000650: 242
sz.000651: 242
sz.000652: 242
sz.000655: 242
sz.000656: 242
sz.000657: 242
sz.000659: 242
sz.000661: 242
sz.000663: 242
sz.000665: 242
sz.000668: 242
sz.000669: 242
sz.000670: 242
sz.000672: 242
sz.000676: 242
sz.000677: 242
sz.000678: 242
sz.000679: 242
sz.000680: 242
sz.000681: 242
sz.000682: 242
sz.000683: 242
sz.000685: 242
sz.000686: 242
sz.000688: 242
sz.000690: 242
sz.000691: 242
sz.000692: 242
sz.000695: 242
sz.000697: 242
sz.000698: 242
sz.000700: 242
sz.000701: 242
sz.000702: 242
sz.000703: 242
sz.000705: 242
sz.000707: 242
sz.000708: 242
sz.000709: 242
sz.000710: 242
sz.000711: 242
sz.000712: 242
sz.000713: 242
sz.000715: 242
sz.000716: 242
sz.000717: 242
sz.000718: 242
sz.000719: 242
sz.000720: 242
sz.000721: 242
sz.000722: 242
sz.000723: 242
sz.000725: 242
sz.000726: 242
sz.000727: 242
sz.000728: 242
sz.000729: 242
sz.000731: 242
sz.000733: 242
sz.000735: 242
sz.000736: 242
sz.000737: 242
sz.000738: 242
sz.000739: 242
sz.000750: 242
sz.000751: 242
sz.000752: 242
sz.000753: 242
sz.000755: 242
sz.000756: 242
sz.000757: 242
sz.000758: 242
sz.000759: 242
sz.000761: 242
sz.000762: 242
sz.000766: 242
sz.000767: 242
sz.000768: 242
sz.000776: 242
sz.000777: 242
sz.000778: 242
sz.000779: 242
sz.000782: 242
sz.000783: 242
sz.000785: 242
sz.000786: 242
sz.000788: 242
sz.000789: 242
sz.000790: 242
sz.000791: 242
sz.000792: 242
sz.000793: 242
sz.000795: 242
sz.000796: 242
sz.000797: 242
sz.000798: 242
sz.000799: 242
sz.000800: 242
sz.000801: 242
sz.000802: 242
sz.000803: 242
sz.000807: 242
sz.000809: 242
sz.000810: 242
sz.000811: 242
sz.000812: 242
sz.000813: 242
sz.000815: 242
sz.000816: 242
sz.000818: 242
sz.000819: 242
sz.000820: 242
sz.000821: 242
sz.000822: 242
sz.000823: 242
sz.000825: 242
sz.000826: 242
sz.000828: 242
sz.000829: 242
sz.000830: 242
sz.000831: 242
sz.000833: 242
sz.000836: 242
sz.000837: 242
sz.000838: 242
sz.000839: 242
sz.000848: 242
sz.000850: 242
sz.000851: 242
sz.000852: 242
sz.000856: 242
sz.000858: 242
sz.000859: 242
sz.000860: 242
sz.000861: 242
sz.000862: 242
sz.000863: 242
sz.000868: 242
sz.000869: 242
sz.000875: 242
sz.000876: 242
sz.000877: 242
sz.000878: 242
sz.000880: 242
sz.000881: 242
sz.000882: 242
sz.000883: 242
sz.000885: 242
sz.000886: 242
sz.000887: 242
sz.000888: 242
sz.000889: 242
sz.000890: 242
sz.000892: 242
sz.000893: 242
sz.000895: 242
sz.000897: 242
sz.000898: 242
sz.000899: 242
sz.000900: 242
sz.000901: 242
sz.000902: 242
sz.000903: 242
sz.000905: 242
sz.000906: 242
sz.000908: 242
sz.000909: 242
sz.000910: 242
sz.000911: 242
sz.000912: 242
sz.000913: 242
sz.000915: 242
sz.000917: 242
sz.000919: 242
sz.000920: 242
sz.000921: 242
sz.000922: 242
sz.000923: 242
sz.000925: 242
sz.000926: 242
sz.000927: 242
sz.000928: 242
sz.000929: 242
sz.000930: 242
sz.000931: 242
sz.000932: 242
sz.000933: 242
sz.000935: 242
sz.000936: 242
sz.000937: 242
sz.000938: 242
sz.000948: 242
sz.000949: 242
sz.000950: 242
sz.000951: 242
sz.000952: 242
sz.000953: 242
sz.000955: 242
sz.000957: 242
sz.000958: 242
sz.000959: 242
sz.000960: 242
sz.000961: 242
sz.000962: 242
sz.000963: 242
sz.000965: 242
sz.000966: 242
sz.000967: 242
sz.000968: 242
sz.000969: 242
sz.000970: 242
sz.000971: 242
sz.000972: 242
sz.000973: 242
sz.000975: 242
sz.000976: 242
sz.000977: 242
sz.000978: 242
sz.000980: 242
sz.000981: 242
sz.000982: 242
sz.000983: 242
sz.000985: 242
sz.000987: 242
sz.000988: 242
sz.000989: 242
sz.000990: 242
sz.000993: 242
sz.000995: 242
sz.000996: 242
sz.000997: 242
sz.000998: 242
sz.000999: 242
sz.000666: 196
sz.000616: 156
sz.000671: 151
sz.000732: 143
sz.000918: 138
sz.000667: 128
sz.000038: 126
sz.000606: 122
sz.000806: 122
sz.000540: 118
sz.000150: 105
sz.300330: 78
sz.000587: 60
sz.002503: 59
sz.002504: 49
sz.300297: 49
sh.600530: 43
sz.002113: 43
sz.002564: 39
sz.002656: 39
sh.688555: 38
sz.002499: 37
sz.300356: 36
sh.688086: 35
sz.002118: 35
sz.002751: 34
sz.300089: 34
sz.300526: 34
sz.002411: 33
sz.002417: 32
sz.300392: 31
sz.300336: 30
sh.600077: 29
sz.300273: 29
sz.002013: 28
sz.002781: 28
sh.600393: 27
sh.601258: 26
sz.300309: 26
sh.600767: 25
sh.600242: 24
sh.600532: 23
sh.600781: 23
sh.600466: 21
sh.600122: 20
sh.600139: 20
sh.600311: 17
sh.603790: 11
sh.600012: 10
sh.600358: 10
sh.600375: 10
sh.600378: 10
sh.600421: 10
sh.600446: 10
sh.600766: 10
sh.603023: 10
sh.603196: 10
sh.603488: 10
sh.603815: 10
sh.605389: 10
sh.688360: 10
sh.688536: 10
sz.002146: 10
sz.002554: 10
sz.002813: 10
sz.002917: 10
sz.300114: 10
sz.300152: 10
sz.300197: 10
sz.300319: 10
sz.300613: 10
sz.300757: 10
sz.300875: 10
sz.300965: 10
sh.600260: 9
sh.600719: 9
sh.600290: 8
sz.002644: 8
sz.300163: 8
sz.300346: 8
sh.600372: 7
sh.600647: 7
sz.002184: 7
sh.600081: 6
sh.601916: 6
sh.603880: 6
sz.002251: 6
sz.300475: 6
sh.600038: 5
sh.600172: 5
sh.600491: 5
sh.600666: 5
sh.601828: 5
sh.603036: 5
sh.603161: 5
sh.603356: 5
sh.603358: 5
sh.603578: 5
sh.603655: 5
sh.688337: 5
sh.688567: 5
sz.002159: 5
sz.002186: 5
sz.002217: 5
sz.002697: 5
sz.002739: 5
sz.002825: 5
sz.002880: 5
sz.003043: 5
sz.300135: 5
sz.300165: 5
sz.300266: 5
sz.300460: 5
sz.300521: 5
sz.300850: 5
sh.603329: 4
sh.603816: 4
sh.688065: 4
sz.002336: 4
sz.002408: 4
sz.002513: 4
sz.002776: 4
sz.300697: 4
sh.600373: 3
sh.600774: 3
sh.601298: 3
sh.603920: 3
sz.002800: 3
sz.300313: 3
sz.300561: 3
sh.600306: 2
sh.600470: 2
sh.600540: 2
sh.600589: 2
sh.600844: 2
sh.600892: 2
sh.603030: 2
sh.603038: 2
sh.603042: 2
sh.603685: 2
sz.002021: 2
sz.002086: 2
sz.002122: 2
sz.002136: 2
sz.002157: 2
sz.002207: 2
sz.002277: 2
sz.002482: 2
sz.002510: 2
sz.002575: 2
sz.002638: 2
sz.002682: 2
sz.002721: 2
sz.002795: 2
sz.002989: 2
sz.300010: 2
sz.300210: 2
sh.600066: 1
sh.600070: 1
sh.600117: 1
sh.600136: 1
sh.600182: 1
sh.600226: 1
sh.600239: 1
sh.600241: 1
sh.600382: 1
sh.600387: 1
sh.600388: 1
sh.600396: 1
sh.600455: 1
sh.600543: 1
sh.600601: 1
sh.600654: 1
sh.600671: 1
sh.600726: 1
sh.600759: 1
sh.600816: 1
sh.600817: 1
sh.600823: 1
sh.600898: 1
sh.600970: 1
sh.603001: 1
sh.603039: 1
sh.603133: 1
sh.603555: 1
sh.603559: 1
sh.688272: 1
sh.688309: 1
sh.688500: 1
sz.002002: 1
sz.002022: 1
sz.002052: 1
sz.002069: 1
sz.002076: 1
sz.002087: 1
sz.002089: 1
sz.002102: 1
sz.002177: 1
sz.002211: 1
sz.002289: 1
sz.002313: 1
sz.002316: 1
sz.002321: 1
sz.002358: 1
sz.002366: 1
sz.002427: 1
sz.002433: 1
sz.002470: 1
sz.002485: 1
sz.002502: 1
sz.002535: 1
sz.002586: 1
sz.002692: 1
sz.002699: 1
sz.002740: 1
sz.002808: 1
sz.002816: 1
sz.002951: 1
sz.300084: 1
sz.300096: 1
sz.300108: 1
sz.300159: 1
sz.300167: 1
sz.300201: 1
sz.300209: 1
sz.300220: 1
sz.300256: 1
sz.300268: 1
sz.300282: 1
sz.300338: 1
sz.300370: 1
sz.300427: 1
sz.300555: 1
sz.300742: 1
sz.300799: 1
sz.300859: 1

[all-extra-in-baostock-by-date]
2023-05-04: 495
2023-05-09: 472
2023-05-10: 472
2023-04-28: 471
2023-05-11: 471
2023-05-05: 470
2023-05-08: 470
2023-05-12: 470
2023-05-15: 470
2023-05-29: 470
2023-05-30: 469
2023-05-16: 467
2023-06-06: 467
2023-05-26: 466
2023-05-31: 466
2023-06-02: 466
2023-06-05: 466
2023-05-17: 465
2023-05-18: 465
2023-05-23: 465
2023-05-24: 465
2023-05-25: 465
2023-06-01: 465
2023-06-07: 465
2023-05-19: 464
2023-05-22: 464
2023-06-08: 464
2023-06-14: 464
2023-06-16: 464
2023-04-27: 463
2023-06-09: 463
2023-06-13: 462
2023-06-21: 462
2023-06-26: 462
2023-06-15: 461
2023-06-19: 461
2023-06-20: 461
2023-06-12: 460
2023-06-27: 460
2023-06-28: 459
2023-04-26: 458
2023-06-29: 457
2023-01-31: 453
2023-02-01: 453
2023-02-03: 453
2023-06-30: 453
2023-07-03: 453
2023-07-04: 453
2023-07-05: 453
2023-01-30: 452
2023-02-06: 452
2023-02-08: 452
2023-02-09: 452
2023-02-10: 452
2023-02-14: 452
2023-01-09: 451
2023-01-19: 451
2023-02-02: 451
2023-02-13: 451
2023-02-15: 451
2023-03-20: 451
2023-07-06: 451
2023-01-12: 450
2023-01-17: 450
2023-01-18: 450
2023-01-20: 450
2023-02-07: 450
2023-02-27: 450
2023-03-09: 450
2023-03-10: 450
2023-03-17: 450
2023-03-21: 450
2023-03-22: 450
2023-04-24: 450
2023-04-25: 450
2023-01-13: 449
2023-02-16: 449
2023-02-17: 449
2023-02-24: 449
2023-03-08: 449
2023-03-13: 449
2023-03-16: 449
2023-03-23: 449
2023-04-17: 449
2023-01-03: 448
2023-01-06: 448
2023-01-16: 448
2023-02-23: 448
2023-02-28: 448
2023-03-01: 448
2023-03-03: 448
2023-03-06: 448
2023-03-07: 448
2023-03-14: 448
2023-03-15: 448
2023-03-24: 448
2023-04-07: 448
2023-04-10: 448
2023-04-12: 448
2023-04-14: 448
2023-04-19: 448
2023-04-21: 448
2023-07-07: 448
2023-07-10: 448
2023-07-12: 448
2023-01-04: 447
2023-01-05: 447
2023-01-10: 447
2023-01-11: 447
2023-02-21: 447
2023-02-22: 447
2023-03-02: 447
2023-03-27: 447
2023-03-31: 447
2023-04-03: 447
2023-04-11: 447
2023-04-13: 447
2023-04-18: 447
2023-07-11: 447
2023-07-13: 447
2023-02-20: 446
2023-03-30: 446
2023-04-06: 446
2023-04-20: 446
2023-03-28: 445
2023-03-29: 445
2023-04-04: 445
2023-07-14: 445
2023-07-18: 444
2023-07-24: 444
2023-07-17: 443
2023-07-21: 443
2023-07-25: 443
2023-07-27: 443
2023-07-19: 442
2023-07-20: 442
2023-07-26: 442
2023-07-28: 442
2023-07-31: 441
2023-08-01: 441
2023-08-02: 441
2023-08-03: 440
2023-08-04: 440
2023-08-07: 438
2023-08-08: 438
2023-08-09: 438
2023-08-10: 437
2023-08-11: 437
2023-11-06: 437
2023-12-28: 437
2023-08-14: 436
2023-08-15: 436
2023-08-16: 436
2023-08-18: 436
2023-08-21: 436
2023-12-19: 436
2023-12-22: 436
2023-08-17: 435
2023-08-22: 435
2023-09-04: 435
2023-09-28: 435
2023-10-09: 435
2023-11-07: 435
2023-12-20: 435
2023-12-21: 435
2023-12-25: 435
2023-12-29: 435
2023-08-23: 434
2023-08-29: 434
2023-08-30: 434
2023-08-31: 434
2023-09-01: 434
2023-09-11: 434
2023-09-15: 434
2023-09-18: 434
2023-09-19: 434
2023-09-20: 434
2023-09-21: 434
2023-09-25: 434
2023-09-26: 434
2023-10-11: 434
2023-10-24: 434
2023-10-30: 434
2023-11-09: 434
2023-11-10: 434
2023-11-16: 434
2023-11-17: 434
2023-11-20: 434
2023-12-07: 434
2023-12-12: 434
2023-12-18: 434
2023-12-26: 434
2023-12-27: 434
2023-08-24: 433
2023-08-25: 433
2023-08-28: 433
2023-09-05: 433
2023-09-06: 433
2023-09-07: 433
2023-09-08: 433
2023-09-12: 433
2023-09-13: 433
2023-09-14: 433
2023-09-22: 433
2023-09-27: 433
2023-10-10: 433
2023-10-12: 433
2023-10-13: 433
2023-10-25: 433
2023-10-26: 433
2023-11-08: 433
2023-11-22: 433
2023-11-23: 433
2023-11-24: 433
2023-12-08: 433
2023-12-11: 433
2023-12-13: 433
2023-10-16: 432
2023-10-17: 432
2023-10-18: 432
2023-10-19: 432
2023-10-20: 432
2023-10-23: 432
2023-10-27: 432
2023-10-31: 432
2023-11-02: 432
2023-11-13: 432
2023-11-14: 432
2023-11-15: 432
2023-11-21: 432
2023-12-04: 432
2023-12-05: 432
2023-12-06: 432
2023-12-14: 432
2023-12-15: 432
2023-11-01: 431
2023-11-03: 431
2023-11-27: 431
2023-11-28: 431
2023-11-29: 431
2023-11-30: 431
2023-12-01: 431

[full-master-supplement-field-ratios]
turn=0.888575
tradestatus=0.888575
peTTM=0.888575
pbMRQ=0.888575
psTTM=0.888575
pcfNcfTTM=0.888575
isST=0.888575

[status]
ISSUES
- baostock supplement 未覆盖全部 TDX date+code
- baostock supplement 含有 TDX base 不存在的 date+code
- full master 补字段非空率过低: turn, tradestatus, peTTM, pbMRQ, psTTM, pcfNcfTTM, isST