Full Master Reconcile Report: 2022

tdx_base=code\data\formal\master\tdx_full_master_base_2022.csv
baostock_fields=code\data\formal\master\baostock_fields\2022.csv
full_master=code\data\formal\master\full_master_2022.csv

[row-counts]
tdx_base_rows=1063671
baostock_rows=1101165
full_master_rows=1063671

[stock-counts]
tdx_base_codes=4659
baostock_codes=4674
full_master_codes=4659

[date-ranges]
tdx_base=2022-01-04 -> 2022-12-30
baostock=2022-01-04 -> 2022-12-30
full_master=2022-01-04 -> 2022-12-30

[key-coverage]
tdx_keys=1063671
baostock_keys=1101165
full_master_keys=1063671
tdx_minus_baostock=72852
baostock_minus_tdx=110346
full_minus_tdx=0
tdx_minus_full=0

[top-missing-from-baostock-by-code]
sz.301138: 242
sz.301127: 242
bj.920184: 242
bj.920832: 242
sz.301100: 242
sz.301067: 242
bj.920021: 242
bj.920010: 242
bj.920266: 242
bj.920964: 242

[top-missing-from-baostock-by-date]
2022-12-30: 436
2022-12-29: 431
2022-12-28: 429
2022-12-27: 428
2022-12-26: 425
2022-12-23: 423
2022-12-22: 421
2022-12-21: 419
2022-12-20: 417
2022-12-19: 415

[all-missing-from-baostock-by-code]
bj.920000: 242
bj.920010: 242
bj.920021: 242
bj.920030: 242
bj.920039: 242
bj.920047: 242
bj.920077: 242
bj.920089: 242
bj.920090: 242
bj.920092: 242
bj.920145: 242
bj.920146: 242
bj.920149: 242
bj.920163: 242
bj.920167: 242
bj.920171: 242
bj.920174: 242
bj.920184: 242
bj.920185: 242
bj.920198: 242
bj.920212: 242
bj.920225: 242
bj.920242: 242
bj.920260: 242
bj.920266: 242
bj.920275: 242
bj.920278: 242
bj.920305: 242
bj.920344: 242
bj.920368: 242
bj.920370: 242
bj.920396: 242
bj.920405: 242
bj.920418: 242
bj.920427: 242
bj.920433: 242
bj.920436: 242
bj.920445: 242
bj.920454: 242
bj.920475: 242
bj.920489: 242
bj.920508: 242
bj.920509: 242
bj.920510: 242
bj.920523: 242
bj.920553: 242
bj.920566: 242
bj.920599: 242
bj.920640: 242
bj.920642: 242
bj.920670: 242
bj.920675: 242
bj.920680: 242
bj.920682: 242
bj.920720: 242
bj.920726: 242
bj.920729: 242
bj.920735: 242
bj.920765: 242
bj.920768: 242
bj.920799: 242
bj.920819: 242
bj.920826: 242
bj.920832: 242
bj.920839: 242
bj.920856: 242
bj.920873: 242
bj.920885: 242
bj.920892: 242
bj.920924: 242
bj.920925: 242
bj.920932: 242
bj.920946: 242
bj.920961: 242
bj.920964: 242
bj.920981: 242
sz.301000: 242
sz.301001: 242
sz.301002: 242
sz.301003: 242
sz.301004: 242
sz.301005: 242
sz.301006: 242
sz.301007: 242
sz.301008: 242
sz.301009: 242
sz.301010: 242
sz.301011: 242
sz.301012: 242
sz.301013: 242
sz.301015: 242
sz.301017: 242
sz.301018: 242
sz.301019: 242
sz.301020: 242
sz.301021: 242
sz.301022: 242
sz.301023: 242
sz.301024: 242
sz.301025: 242
sz.301026: 242
sz.301027: 242
sz.301028: 242
sz.301029: 242
sz.301030: 242
sz.301031: 242
sz.301032: 242
sz.301033: 242
sz.301035: 242
sz.301036: 242
sz.301037: 242
sz.301038: 242
sz.301039: 242
sz.301040: 242
sz.301041: 242
sz.301042: 242
sz.301043: 242
sz.301045: 242
sz.301046: 242
sz.301047: 242
sz.301048: 242
sz.301049: 242
sz.301050: 242
sz.301051: 242
sz.301052: 242
sz.301053: 242
sz.301055: 242
sz.301056: 242
sz.301057: 242
sz.301058: 242
sz.301059: 242
sz.301060: 242
sz.301061: 242
sz.301062: 242
sz.301063: 242
sz.301065: 242
sz.301066: 242
sz.301067: 242
sz.301069: 242
sz.301070: 242
sz.301071: 242
sz.301072: 242
sz.301073: 242
sz.301075: 242
sz.301076: 242
sz.301077: 242
sz.301078: 242
sz.301079: 242
sz.301080: 242
sz.301081: 242
sz.301082: 242
sz.301083: 242
sz.301085: 242
sz.301086: 242
sz.301087: 242
sz.301088: 242
sz.301089: 242
sz.301090: 242
sz.301091: 242
sz.301092: 242
sz.301093: 242
sz.301096: 242
sz.301098: 242
sz.301099: 242
sz.301100: 242
sz.301101: 242
sz.301108: 242
sz.301111: 242
sz.301113: 242
sz.301118: 242
sz.301119: 242
sz.301126: 242
sz.301127: 242
sz.301128: 242
sz.301129: 242
sz.301133: 242
sz.301138: 242
sz.301149: 242
sz.301155: 242
sz.301166: 242
sz.301167: 242
sz.301168: 242
sz.301169: 242
sz.301177: 242
sz.301178: 242
sz.301179: 242
sz.301180: 242
sz.301182: 242
sz.301185: 242
sz.301186: 242
sz.301188: 242
sz.301189: 242
sz.301190: 242
sz.301193: 242
sz.301198: 242
sz.301199: 242
sz.301211: 242
sz.301213: 242
sz.301221: 242
bj.920263: 241
bj.920245: 240
sz.301159: 239
sz.301136: 237
sz.301196: 237
bj.920239: 234
bj.920415: 233
sz.301117: 233
sz.301158: 233
bj.920204: 232
sz.301016: 232
sz.301068: 232
sz.301116: 232
sz.301201: 230
sz.301123: 227
sz.301122: 226
sz.301217: 225
sz.301106: 224
sz.301228: 224
sz.301235: 224
sz.301206: 220
sz.301207: 214
sz.301181: 213
sz.301229: 212
bj.920346: 211
sz.301130: 211
bj.920857: 208
sz.301200: 208
bj.920179: 204
sz.301218: 203
sz.301215: 202
sz.301222: 201
bj.920419: 199
sz.301110: 199
sz.301131: 198
sz.301236: 197
sz.301219: 195
bj.920689: 193
sz.301103: 192
sz.301137: 192
sz.301256: 192
sz.301237: 191
sz.301226: 189
sz.301102: 188
sz.301216: 187
sz.301258: 187
sz.301263: 187
sz.301097: 182
sz.301268: 182
sz.301151: 180
sz.301135: 179
sz.301109: 178
sz.301279: 178
bj.920169: 176
sz.301120: 174
sz.301163: 174
sz.301212: 174
sz.301248: 173
sz.301148: 172
sz.301150: 172
sz.301187: 171
sz.301288: 171
sz.301259: 169
sz.301162: 166
bj.920580: 159
sz.301257: 157
bj.920970: 156
sz.301153: 156
bj.920533: 152
sz.301107: 152
sz.301183: 152
sz.301191: 150
bj.920267: 149
bj.920271: 145
sz.301160: 144
sz.301298: 144
sz.301125: 142
sz.301266: 142
bj.920223: 141
bj.920299: 140
bj.920491: 138
sz.301286: 138
bj.920564: 135
sz.301156: 135
sz.301238: 135
bj.920378: 134
sz.301220: 132
sz.301289: 132
sz.301302: 131
bj.920943: 130
sz.301112: 127
bj.920870: 123
sz.301234: 123
sz.301239: 123
bj.920821: 122
sz.301233: 122
sz.301208: 121
sz.301139: 120
sz.301175: 120
sz.301312: 119
bj.920639: 118
bj.920062: 117
bj.920725: 114
bj.920871: 110
sz.301306: 108
sz.301269: 105
sz.301195: 104
sz.301333: 103
sz.301278: 101
sz.301095: 100
sz.301308: 100
bj.920985: 99
sz.301121: 99
sz.301197: 99
sz.301132: 97
sz.301318: 97
sz.301192: 96
sz.301336: 95
sz.301338: 93
sz.301330: 92
sz.301321: 91
sz.301171: 90
sz.301300: 90
bj.920834: 89
sz.301209: 86
sz.301282: 85
sz.301152: 84
sz.301115: 82
sz.301270: 82
bj.920152: 81
bj.920395: 81
bj.920270: 80
bj.920790: 80
sz.301283: 80
sz.301296: 80
sz.301231: 76
sz.301328: 76
sz.301276: 75
sz.301339: 75
sz.301349: 75
sz.301205: 74
sz.301161: 73
sz.301309: 70
sz.301327: 70
sz.301326: 68
sz.301331: 68
sz.301369: 67
bj.920207: 66
sz.301227: 65
sz.301366: 65
bj.920122: 64
bj.920971: 64
bj.920402: 63
sz.301176: 63
sz.301285: 63
sz.301319: 62
sz.301313: 61
bj.920685: 60
sz.301363: 58
bj.920046: 57
sz.301316: 57
bj.920476: 56
bj.920992: 54
sz.301299: 53
sz.301273: 49
sz.301380: 49
sz.301223: 48
bj.920527: 47
bj.920139: 46
bj.920753: 45
sz.301389: 45
sz.301230: 44
sz.301367: 44
sz.301379: 44
sz.301267: 40
bj.920876: 38
sz.301359: 38
sz.301388: 38
bj.920914: 36
sz.301396: 36
sz.301356: 35
sz.301277: 33
sz.301361: 33
bj.920339: 32
bj.920357: 31
bj.920808: 31
sz.301335: 31
sz.301165: 30
sz.301365: 29
sz.301377: 29
bj.920634: 27
bj.920237: 26
bj.920662: 25
bj.920374: 24
sz.301290: 23
sz.301311: 23
bj.920199: 22
sz.301391: 22
bj.920641: 21
bj.920110: 19
bj.920087: 18
bj.920300: 18
bj.920942: 17
bj.920230: 16
bj.920866: 16
bj.920414: 15
bj.920014: 14
bj.920075: 13
bj.920957: 13
bj.920429: 12
bj.920571: 12
sz.301368: 12
sz.301398: 12
bj.920608: 11
bj.920810: 11
sz.301265: 11
bj.920807: 9
bj.920879: 9
bj.920033: 8
bj.920505: 8
bj.920526: 7
bj.920718: 7
bj.920190: 6
bj.920247: 6
bj.920781: 5
sz.301280: 5
bj.920001: 4
sz.301255: 4
sz.301301: 4
bj.920227: 3
bj.920351: 2
bj.920855: 2
bj.920195: 1
bj.920262: 1
bj.920392: 1
sz.301105: 1
sz.301297: 1

[all-missing-from-baostock-by-date]
2022-12-30: 436
2022-12-29: 431
2022-12-28: 429
2022-12-27: 428
2022-12-26: 425
2022-12-23: 423
2022-12-22: 421
2022-12-21: 419
2022-12-20: 417
2022-12-16: 415
2022-12-19: 415
2022-12-15: 412
2022-12-14: 408
2022-12-13: 406
2022-12-12: 405
2022-12-09: 404
2022-12-08: 402
2022-12-07: 401
2022-12-06: 399
2022-12-02: 398
2022-12-05: 398
2022-12-01: 397
2022-11-30: 395
2022-11-29: 393
2022-11-28: 392
2022-11-25: 391
2022-11-24: 390
2022-11-22: 389
2022-11-23: 389
2022-11-21: 387
2022-11-18: 386
2022-11-17: 383
2022-11-16: 382
2022-11-14: 380
2022-11-15: 380
2022-11-11: 379
2022-11-09: 377
2022-11-10: 377
2022-11-07: 374
2022-11-08: 374
2022-11-01: 373
2022-11-02: 373
2022-11-03: 373
2022-11-04: 373
2022-10-31: 370
2022-10-28: 368
2022-10-27: 367
2022-10-26: 366
2022-10-25: 365
2022-10-19: 363
2022-10-20: 363
2022-10-21: 363
2022-10-24: 363
2022-10-18: 362
2022-10-14: 361
2022-10-17: 361
2022-10-13: 360
2022-10-12: 358
2022-10-10: 357
2022-10-11: 357
2022-09-30: 356
2022-09-29: 355
2022-09-28: 354
2022-09-27: 351
2022-09-26: 349
2022-09-23: 347
2022-09-22: 346
2022-09-21: 345
2022-09-19: 343
2022-09-20: 343
2022-09-14: 341
2022-09-15: 341
2022-09-16: 341
2022-09-13: 340
2022-09-09: 339
2022-09-08: 336
2022-09-02: 334
2022-09-05: 334
2022-09-06: 334
2022-09-07: 334
2022-09-01: 330
2022-08-31: 328
2022-08-29: 326
2022-08-30: 326
2022-08-26: 325
2022-08-25: 324
2022-08-22: 323
2022-08-23: 323
2022-08-24: 323
2022-08-19: 322
2022-08-18: 320
2022-08-17: 319
2022-08-16: 318
2022-08-12: 317
2022-08-15: 317
2022-08-11: 316
2022-08-10: 315
2022-08-08: 313
2022-08-09: 313
2022-08-05: 310
2022-08-04: 308
2022-08-02: 307
2022-08-03: 307
2022-08-01: 306
2022-07-29: 304
2022-07-22: 303
2022-07-26: 303
2022-07-27: 303
2022-07-28: 303
2022-07-18: 302
2022-07-19: 302
2022-07-20: 302
2022-07-21: 302
2022-07-25: 302
2022-07-13: 300
2022-07-14: 300
2022-07-15: 300
2022-07-12: 299
2022-07-11: 298
2022-07-08: 297
2022-07-07: 295
2022-07-06: 294
2022-07-05: 292
2022-06-29: 290
2022-06-30: 290
2022-07-01: 290
2022-06-24: 289
2022-06-27: 289
2022-06-28: 289
2022-07-04: 289
2022-06-23: 288
2022-06-22: 287
2022-06-20: 285
2022-06-21: 285
2022-06-17: 284
2022-06-14: 281
2022-06-15: 281
2022-06-16: 281
2022-06-10: 279
2022-06-13: 279
2022-06-09: 278
2022-06-08: 277
2022-06-06: 275
2022-06-07: 275
2022-06-02: 273
2022-05-27: 272
2022-05-30: 272
2022-05-31: 272
2022-06-01: 272
2022-05-26: 271
2022-05-24: 270
2022-05-25: 270
2022-05-18: 267
2022-05-19: 267
2022-05-20: 267
2022-05-23: 267
2022-05-17: 265
2022-05-13: 264
2022-05-16: 264
2022-04-29: 263
2022-05-05: 263
2022-05-06: 263
2022-05-09: 263
2022-05-10: 263
2022-05-11: 263
2022-05-12: 263
2022-04-26: 262
2022-04-27: 262
2022-04-28: 262
2022-04-22: 261
2022-04-25: 261
2022-04-21: 259
2022-04-20: 257
2022-04-19: 256
2022-04-15: 253
2022-04-18: 253
2022-04-13: 252
2022-04-14: 252
2022-04-12: 250
2022-04-11: 249
2022-04-07: 248
2022-04-08: 248
2022-03-29: 246
2022-03-30: 246
2022-03-31: 246
2022-04-01: 246
2022-04-06: 246
2022-03-28: 243
2022-03-25: 242
2022-03-23: 241
2022-03-24: 241
2022-03-22: 240
2022-03-21: 237
2022-03-17: 236
2022-03-18: 236
2022-03-15: 235
2022-03-16: 235
2022-03-14: 234
2022-03-11: 233
2022-03-09: 231
2022-03-10: 231
2022-03-08: 230
2022-03-07: 229
2022-03-04: 228
2022-02-28: 227
2022-03-01: 227
2022-03-02: 227
2022-03-03: 227
2022-02-23: 225
2022-02-24: 225
2022-02-25: 225
2022-02-22: 223
2022-02-21: 222
2022-02-18: 221
2022-02-10: 220
2022-02-11: 220
2022-02-14: 220
2022-02-15: 220
2022-02-16: 220
2022-02-17: 220
2022-01-28: 218
2022-02-07: 218
2022-02-08: 218
2022-02-09: 218
2022-01-27: 215
2022-01-26: 214
2022-01-25: 213
2022-01-20: 212
2022-01-21: 212
2022-01-24: 212
2022-01-18: 211
2022-01-19: 211
2022-01-17: 209
2022-01-11: 207
2022-01-12: 207
2022-01-13: 207
2022-01-14: 207
2022-01-07: 205
2022-01-10: 205
2022-01-06: 204
2022-01-05: 203
2022-01-04: 202

[top-extra-in-baostock-by-code]
sz.000777: 242
sz.000620: 242
sz.000989: 242
sz.000686: 242
sz.000617: 242
sz.000921: 242
sz.000301: 242
sz.000810: 242
sz.000589: 242
sz.000564: 242

[top-extra-in-baostock-by-date]
2022-05-05: 521
2022-05-09: 497
2022-05-06: 496
2022-05-19: 495
2022-05-18: 494
2022-05-10: 494
2022-05-23: 494
2022-05-12: 494
2022-05-11: 494
2022-05-20: 494

[all-extra-in-baostock-by-code]
sz.000001: 242
sz.000002: 242
sz.000004: 242
sz.000005: 242
sz.000006: 242
sz.000007: 242
sz.000008: 242
sz.000009: 242
sz.000010: 242
sz.000011: 242
sz.000012: 242
sz.000014: 242
sz.000016: 242
sz.000017: 242
sz.000019: 242
sz.000020: 242
sz.000021: 242
sz.000023: 242
sz.000025: 242
sz.000026: 242
sz.000027: 242
sz.000028: 242
sz.000029: 242
sz.000030: 242
sz.000031: 242
sz.000032: 242
sz.000034: 242
sz.000035: 242
sz.000036: 242
sz.000037: 242
sz.000038: 242
sz.000039: 242
sz.000040: 242
sz.000042: 242
sz.000045: 242
sz.000046: 242
sz.000048: 242
sz.000049: 242
sz.000050: 242
sz.000055: 242
sz.000056: 242
sz.000058: 242
sz.000059: 242
sz.000060: 242
sz.000061: 242
sz.000062: 242
sz.000063: 242
sz.000065: 242
sz.000066: 242
sz.000068: 242
sz.000069: 242
sz.000070: 242
sz.000078: 242
sz.000088: 242
sz.000089: 242
sz.000090: 242
sz.000096: 242
sz.000099: 242
sz.000100: 242
sz.000150: 242
sz.000151: 242
sz.000153: 242
sz.000155: 242
sz.000156: 242
sz.000157: 242
sz.000158: 242
sz.000159: 242
sz.000166: 242
sz.000301: 242
sz.000333: 242
sz.000338: 242
sz.000400: 242
sz.000401: 242
sz.000402: 242
sz.000403: 242
sz.000404: 242
sz.000407: 242
sz.000408: 242
sz.000409: 242
sz.000410: 242
sz.000411: 242
sz.000413: 242
sz.000415: 242
sz.000416: 242
sz.000417: 242
sz.000419: 242
sz.000420: 242
sz.000421: 242
sz.000422: 242
sz.000423: 242
sz.000425: 242
sz.000426: 242
sz.000428: 242
sz.000429: 242
sz.000430: 242
sz.000488: 242
sz.000498: 242
sz.000501: 242
sz.000503: 242
sz.000504: 242
sz.000505: 242
sz.000506: 242
sz.000507: 242
sz.000509: 242
sz.000510: 242
sz.000513: 242
sz.000514: 242
sz.000516: 242
sz.000517: 242
sz.000518: 242
sz.000519: 242
sz.000520: 242
sz.000521: 242
sz.000523: 242
sz.000524: 242
sz.000525: 242
sz.000526: 242
sz.000528: 242
sz.000529: 242
sz.000530: 242
sz.000531: 242
sz.000532: 242
sz.000533: 242
sz.000534: 242
sz.000536: 242
sz.000537: 242
sz.000538: 242
sz.000539: 242
sz.000540: 242
sz.000541: 242
sz.000543: 242
sz.000544: 242
sz.000545: 242
sz.000546: 242
sz.000547: 242
sz.000548: 242
sz.000550: 242
sz.000551: 242
sz.000552: 242
sz.000553: 242
sz.000554: 242
sz.000555: 242
sz.000557: 242
sz.000558: 242
sz.000559: 242
sz.000560: 242
sz.000561: 242
sz.000563: 242
sz.000564: 242
sz.000565: 242
sz.000566: 242
sz.000567: 242
sz.000568: 242
sz.000570: 242
sz.000571: 242
sz.000572: 242
sz.000573: 242
sz.000576: 242
sz.000581: 242
sz.000582: 242
sz.000584: 242
sz.000586: 242
sz.000587: 242
sz.000589: 242
sz.000590: 242
sz.000591: 242
sz.000592: 242
sz.000593: 242
sz.000595: 242
sz.000596: 242
sz.000597: 242
sz.000598: 242
sz.000599: 242
sz.000600: 242
sz.000601: 242
sz.000603: 242
sz.000605: 242
sz.000606: 242
sz.000607: 242
sz.000608: 242
sz.000609: 242
sz.000610: 242
sz.000612: 242
sz.000615: 242
sz.000616: 242
sz.000617: 242
sz.000619: 242
sz.000620: 242
sz.000622: 242
sz.000623: 242
sz.000625: 242
sz.000626: 242
sz.000627: 242
sz.000628: 242
sz.000629: 242
sz.000630: 242
sz.000631: 242
sz.000632: 242
sz.000633: 242
sz.000635: 242
sz.000636: 242
sz.000637: 242
sz.000638: 242
sz.000639: 242
sz.000650: 242
sz.000651: 242
sz.000652: 242
sz.000655: 242
sz.000656: 242
sz.000657: 242
sz.000659: 242
sz.000661: 242
sz.000663: 242
sz.000665: 242
sz.000666: 242
sz.000667: 242
sz.000668: 242
sz.000669: 242
sz.000670: 242
sz.000671: 242
sz.000672: 242
sz.000676: 242
sz.000677: 242
sz.000678: 242
sz.000679: 242
sz.000680: 242
sz.000681: 242
sz.000682: 242
sz.000683: 242
sz.000685: 242
sz.000686: 242
sz.000688: 242
sz.000690: 242
sz.000691: 242
sz.000692: 242
sz.000695: 242
sz.000697: 242
sz.000698: 242
sz.000700: 242
sz.000701: 242
sz.000702: 242
sz.000703: 242
sz.000705: 242
sz.000707: 242
sz.000708: 242
sz.000709: 242
sz.000710: 242
sz.000711: 242
sz.000712: 242
sz.000713: 242
sz.000715: 242
sz.000716: 242
sz.000717: 242
sz.000718: 242
sz.000719: 242
sz.000720: 242
sz.000721: 242
sz.000722: 242
sz.000723: 242
sz.000725: 242
sz.000726: 242
sz.000727: 242
sz.000728: 242
sz.000729: 242
sz.000731: 242
sz.000732: 242
sz.000733: 242
sz.000735: 242
sz.000736: 242
sz.000737: 242
sz.000738: 242
sz.000739: 242
sz.000750: 242
sz.000751: 242
sz.000752: 242
sz.000753: 242
sz.000755: 242
sz.000756: 242
sz.000757: 242
sz.000758: 242
sz.000759: 242
sz.000761: 242
sz.000762: 242
sz.000766: 242
sz.000767: 242
sz.000768: 242
sz.000776: 242
sz.000777: 242
sz.000778: 242
sz.000779: 242
sz.000782: 242
sz.000783: 242
sz.000785: 242
sz.000786: 242
sz.000788: 242
sz.000789: 242
sz.000790: 242
sz.000791: 242
sz.000792: 242
sz.000793: 242
sz.000795: 242
sz.000796: 242
sz.000797: 242
sz.000798: 242
sz.000799: 242
sz.000800: 242
sz.000801: 242
sz.000802: 242
sz.000803: 242
sz.000806: 242
sz.000807: 242
sz.000809: 242
sz.000810: 242
sz.000811: 242
sz.000812: 242
sz.000813: 242
sz.000815: 242
sz.000816: 242
sz.000818: 242
sz.000819: 242
sz.000820: 242
sz.000821: 242
sz.000822: 242
sz.000823: 242
sz.000825: 242
sz.000826: 242
sz.000828: 242
sz.000829: 242
sz.000830: 242
sz.000831: 242
sz.000833: 242
sz.000836: 242
sz.000837: 242
sz.000838: 242
sz.000839: 242
sz.000848: 242
sz.000850: 242
sz.000851: 242
sz.000852: 242
sz.000856: 242
sz.000858: 242
sz.000859: 242
sz.000860: 242
sz.000861: 242
sz.000862: 242
sz.000863: 242
sz.000868: 242
sz.000869: 242
sz.000875: 242
sz.000876: 242
sz.000877: 242
sz.000878: 242
sz.000880: 242
sz.000881: 242
sz.000882: 242
sz.000883: 242
sz.000885: 242
sz.000886: 242
sz.000887: 242
sz.000888: 242
sz.000889: 242
sz.000890: 242
sz.000892: 242
sz.000893: 242
sz.000895: 242
sz.000897: 242
sz.000898: 242
sz.000899: 242
sz.000900: 242
sz.000901: 242
sz.000902: 242
sz.000903: 242
sz.000905: 242
sz.000906: 242
sz.000908: 242
sz.000909: 242
sz.000910: 242
sz.000911: 242
sz.000912: 242
sz.000913: 242
sz.000915: 242
sz.000917: 242
sz.000918: 242
sz.000919: 242
sz.000920: 242
sz.000921: 242
sz.000922: 242
sz.000923: 242
sz.000925: 242
sz.000926: 242
sz.000927: 242
sz.000928: 242
sz.000929: 242
sz.000930: 242
sz.000931: 242
sz.000932: 242
sz.000933: 242
sz.000935: 242
sz.000936: 242
sz.000937: 242
sz.000938: 242
sz.000948: 242
sz.000949: 242
sz.000950: 242
sz.000951: 242
sz.000952: 242
sz.000953: 242
sz.000955: 242
sz.000957: 242
sz.000958: 242
sz.000959: 242
sz.000960: 242
sz.000961: 242
sz.000962: 242
sz.000963: 242
sz.000965: 242
sz.000966: 242
sz.000967: 242
sz.000968: 242
sz.000969: 242
sz.000970: 242
sz.000971: 242
sz.000972: 242
sz.000973: 242
sz.000975: 242
sz.000976: 242
sz.000977: 242
sz.000978: 242
sz.000980: 242
sz.000981: 242
sz.000982: 242
sz.000983: 242
sz.000985: 242
sz.000987: 242
sz.000988: 242
sz.000989: 242
sz.000990: 242
sz.000993: 242
sz.000995: 242
sz.000996: 242
sz.000997: 242
sz.000998: 242
sz.000999: 242
sz.000673: 119
sz.000613: 116
sz.000611: 115
sz.000502: 114
sz.000687: 108
sz.000585: 91
sz.000835: 90
sz.002260: 78
sh.600090: 44
sh.600532: 44
sh.600896: 42
sz.002776: 41
sh.600781: 40
sz.002411: 40
sz.300201: 40
sz.002118: 39
sz.300108: 39
sh.600555: 34
sh.600385: 31
sh.600734: 30
sz.002433: 30
sz.002670: 30
sz.300202: 28
sz.300312: 27
sz.300367: 27
sz.300038: 26
sh.600146: 25
sh.600870: 25
sh.600145: 24
sh.600856: 24
sz.002464: 24
sz.300023: 24
sh.600093: 23
sz.300325: 23
sz.002447: 22
sz.002684: 22
sz.300064: 22
sz.300178: 22
sh.600091: 20
sh.600209: 20
sz.002147: 20
sz.002770: 20
sh.600275: 19
sh.600890: 19
sh.603157: 19
sh.603996: 19
sz.002473: 19
sz.002618: 19
sh.600652: 18
sz.002619: 18
sh.600695: 17
sz.000780: 15
sh.600291: 13
sh.600303: 13
sh.603069: 13
sz.300261: 12
sh.600372: 11
sh.600449: 11
sh.600719: 11
sh.600866: 11
sh.600882: 11
sh.600961: 11
sh.603056: 11
sh.603227: 11
sh.603315: 11
sh.603318: 11
sh.603612: 11
sh.605090: 11
sz.002013: 11
sz.300446: 11
sh.600345: 10
sh.600575: 10
sh.600647: 10
sh.600663: 10
sh.600720: 10
sh.600729: 10
sh.600847: 10
sh.600970: 10
sh.600975: 10
sh.601700: 10
sh.603021: 10
sh.603029: 10
sh.688131: 10
sh.688157: 10
sh.688621: 10
sz.001979: 10
sz.002060: 10
sz.002092: 10
sz.002387: 10
sz.002564: 10
sz.002627: 10
sz.002716: 10
sz.002729: 10
sz.002940: 10
sz.003031: 10
sz.300140: 10
sz.300280: 10
sz.300419: 10
sz.300521: 10
sz.300604: 10
sz.300679: 10
sz.300757: 10
sz.300875: 10
sz.300886: 10
sz.300905: 10
sh.603066: 9
sh.603603: 9
sz.300052: 9
sh.600110: 8
sh.600726: 8
sh.600758: 8
sh.603661: 8
sz.002813: 8
sz.300189: 8
sh.600072: 7
sh.605319: 7
sh.600030: 6
sh.600078: 6
sh.600459: 6
sh.600958: 6
sh.601016: 6
sh.601108: 6
sh.601377: 6
sh.601515: 6
sz.002022: 6
sz.002948: 6
sz.300772: 6
sh.600006: 5
sh.600038: 5
sh.600053: 5
sh.600388: 5
sh.600605: 5
sh.603133: 5
sh.603161: 5
sh.603636: 5
sh.603819: 5
sh.603990: 5
sz.002011: 5
sz.002121: 5
sz.002196: 5
sz.002288: 5
sz.002341: 5
sz.002388: 5
sz.002408: 5
sz.002429: 5
sz.002439: 5
sz.002633: 5
sz.002638: 5
sz.002703: 5
sz.002761: 5
sz.002816: 5
sz.002883: 5
sz.002893: 5
sz.002995: 5
sz.003005: 5
sz.300013: 5
sz.300018: 5
sz.300070: 5
sz.300169: 5
sz.300237: 5
sz.300323: 5
sz.300324: 5
sz.300340: 5
sz.300479: 5
sz.300513: 5
sz.300716: 5
sh.600185: 4
sh.603778: 4
sz.002088: 4
sz.002150: 4
sz.002717: 4
sz.300534: 4
sz.300548: 4
sh.600282: 3
sh.601177: 3
sh.603010: 3
sh.603322: 3
sh.688201: 3
sz.002239: 3
sz.002323: 3
sz.002848: 3
sz.002933: 3
sz.300461: 3
sh.600221: 2
sh.600255: 2
sh.600301: 2
sh.600422: 2
sh.600515: 2
sh.600595: 2
sh.600601: 2
sh.600654: 2
sh.603458: 2
sh.603559: 2
sh.603955: 2
sh.688086: 2
sz.002076: 2
sz.002122: 2
sz.002182: 2
sz.002219: 2
sz.002348: 2
sz.002366: 2
sz.002427: 2
sz.002731: 2
sz.002781: 2
sz.002795: 2
sz.300256: 2
sz.300273: 2
sz.300279: 2
sz.300330: 2
sz.300370: 2
sz.300393: 2
sh.600009: 1
sh.600039: 1
sh.600063: 1
sh.600083: 1
sh.600084: 1
sh.600112: 1
sh.600136: 1
sh.600139: 1
sh.600182: 1
sh.600191: 1
sh.600198: 1
sh.600225: 1
sh.600239: 1
sh.600242: 1
sh.600260: 1
sh.600265: 1
sh.600300: 1
sh.600306: 1
sh.600311: 1
sh.600319: 1
sh.600361: 1
sh.600382: 1
sh.600387: 1
sh.600393: 1
sh.600403: 1
sh.600408: 1
sh.600461: 1
sh.600506: 1
sh.600518: 1
sh.600526: 1
sh.600576: 1
sh.600593: 1
sh.600615: 1
sh.600666: 1
sh.600721: 1
sh.600759: 1
sh.600766: 1
sh.600767: 1
sh.600803: 1
sh.600804: 1
sh.600850: 1
sh.600861: 1
sh.600865: 1
sh.600898: 1
sh.600900: 1
sh.600980: 1
sh.600995: 1
sh.601020: 1
sh.601069: 1
sh.601113: 1
sh.603032: 1
sh.603039: 1
sh.603045: 1
sh.603117: 1
sh.603555: 1
sh.603729: 1
sh.603863: 1
sh.605368: 1
sh.688309: 1
sh.688555: 1
sz.002024: 1
sz.002052: 1
sz.002058: 1
sz.002069: 1
sz.002072: 1
sz.002096: 1
sz.002175: 1
sz.002177: 1
sz.002188: 1
sz.002211: 1
sz.002265: 1
sz.002309: 1
sz.002312: 1
sz.002313: 1
sz.002316: 1
sz.002319: 1
sz.002321: 1
sz.002356: 1
sz.002417: 1
sz.002482: 1
sz.002485: 1
sz.002496: 1
sz.002501: 1
sz.002552: 1
sz.002575: 1
sz.002586: 1
sz.002640: 1
sz.002668: 1
sz.002699: 1
sz.002722: 1
sz.002740: 1
sz.002742: 1
sz.002751: 1
sz.002766: 1
sz.300029: 1
sz.300044: 1
sz.300051: 1
sz.300071: 1
sz.300084: 1
sz.300089: 1
sz.300159: 1
sz.300269: 1
sz.300278: 1
sz.300282: 1
sz.300297: 1
sz.300301: 1
sz.300309: 1
sz.300336: 1
sz.300338: 1
sz.300356: 1
sz.300392: 1
sz.300526: 1
sz.300530: 1
sz.300795: 1
sz.300850: 1
sz.300859: 1

[all-extra-in-baostock-by-date]
2022-05-05: 521
2022-05-09: 497
2022-05-06: 496
2022-05-19: 495
2022-05-10: 494
2022-05-11: 494
2022-05-12: 494
2022-05-18: 494
2022-05-20: 494
2022-05-23: 494
2022-05-16: 493
2022-05-24: 493
2022-05-13: 492
2022-05-17: 492
2022-05-25: 486
2022-05-27: 486
2022-05-30: 486
2022-05-26: 485
2022-04-29: 481
2022-05-31: 480
2022-06-01: 479
2022-06-02: 478
2022-04-28: 477
2022-04-27: 470
2022-06-06: 470
2022-06-09: 470
2022-06-17: 470
2022-06-08: 469
2022-06-07: 468
2022-06-20: 467
2022-06-22: 467
2022-06-10: 466
2022-06-14: 466
2022-06-16: 466
2022-04-26: 465
2022-06-21: 465
2022-04-20: 463
2022-04-25: 463
2022-06-13: 463
2022-06-24: 463
2022-06-27: 463
2022-04-18: 462
2022-04-19: 462
2022-04-22: 462
2022-06-15: 462
2022-03-09: 461
2022-04-07: 461
2022-04-08: 461
2022-04-11: 461
2022-04-21: 461
2022-06-23: 461
2022-01-04: 460
2022-01-05: 460
2022-01-17: 460
2022-03-10: 460
2022-04-01: 460
2022-04-06: 460
2022-04-15: 460
2022-01-06: 459
2022-01-19: 459
2022-01-20: 459
2022-01-21: 459
2022-01-24: 459
2022-01-25: 459
2022-01-26: 459
2022-03-08: 459
2022-03-11: 459
2022-03-31: 459
2022-04-12: 459
2022-06-28: 459
2022-01-07: 458
2022-01-10: 458
2022-01-11: 458
2022-01-12: 458
2022-01-13: 458
2022-01-18: 458
2022-02-08: 458
2022-06-29: 458
2022-01-14: 457
2022-01-27: 457
2022-01-28: 457
2022-02-07: 457
2022-02-09: 457
2022-04-13: 457
2022-04-14: 457
2022-02-10: 456
2022-02-11: 456
2022-02-28: 456
2022-03-03: 456
2022-03-07: 456
2022-03-14: 456
2022-03-18: 456
2022-02-14: 455
2022-02-25: 455
2022-03-01: 455
2022-03-02: 455
2022-03-04: 455
2022-03-15: 455
2022-03-16: 455
2022-03-17: 455
2022-03-21: 455
2022-03-24: 455
2022-03-25: 455
2022-03-28: 455
2022-03-29: 455
2022-03-30: 455
2022-06-30: 455
2022-07-04: 455
2022-02-15: 454
2022-02-16: 454
2022-02-17: 454
2022-02-22: 454
2022-02-23: 454
2022-02-24: 454
2022-03-22: 454
2022-02-18: 453
2022-02-21: 453
2022-03-23: 453
2022-07-13: 452
2022-11-18: 452
2022-12-21: 452
2022-07-01: 451
2022-07-25: 451
2022-10-26: 451
2022-10-27: 451
2022-11-17: 451
2022-11-21: 451
2022-07-05: 450
2022-07-07: 450
2022-07-11: 450
2022-07-12: 450
2022-10-17: 450
2022-10-18: 450
2022-10-31: 450
2022-11-01: 450
2022-11-03: 450
2022-11-09: 450
2022-11-16: 450
2022-07-06: 449
2022-07-29: 449
2022-08-15: 449
2022-08-23: 449
2022-09-15: 449
2022-10-11: 449
2022-10-12: 449
2022-10-13: 449
2022-10-25: 449
2022-10-28: 449
2022-11-02: 449
2022-11-14: 449
2022-11-15: 449
2022-12-09: 449
2022-12-28: 449
2022-07-08: 448
2022-07-26: 448
2022-07-27: 448
2022-07-28: 448
2022-08-22: 448
2022-08-24: 448
2022-08-26: 448
2022-09-16: 448
2022-09-30: 448
2022-10-10: 448
2022-10-19: 448
2022-10-20: 448
2022-11-04: 448
2022-11-08: 448
2022-11-22: 448
2022-12-19: 448
2022-12-20: 448
2022-12-26: 448
2022-12-30: 448
2022-07-14: 447
2022-08-01: 447
2022-08-11: 447
2022-08-25: 447
2022-09-01: 447
2022-09-19: 447
2022-09-20: 447
2022-09-22: 447
2022-09-29: 447
2022-10-14: 447
2022-10-21: 447
2022-10-24: 447
2022-11-07: 447
2022-11-10: 447
2022-11-23: 447
2022-12-08: 447
2022-12-14: 447
2022-12-15: 447
2022-07-15: 446
2022-07-19: 446
2022-07-20: 446
2022-07-21: 446
2022-07-22: 446
2022-08-12: 446
2022-08-17: 446
2022-08-18: 446
2022-08-19: 446
2022-08-29: 446
2022-08-30: 446
2022-09-13: 446
2022-09-14: 446
2022-09-23: 446
2022-09-26: 446
2022-09-27: 446
2022-11-11: 446
2022-12-05: 446
2022-12-06: 446
2022-12-07: 446
2022-12-12: 446
2022-12-13: 446
2022-12-16: 446
2022-12-22: 446
2022-12-27: 446
2022-12-29: 446
2022-07-18: 445
2022-08-02: 445
2022-08-05: 445
2022-08-10: 445
2022-08-16: 445
2022-08-31: 445
2022-09-02: 445
2022-09-06: 445
2022-09-07: 445
2022-09-21: 445
2022-09-28: 445
2022-11-24: 445
2022-11-25: 445
2022-12-23: 445
2022-08-03: 444
2022-08-04: 444
2022-08-08: 444
2022-08-09: 444
2022-09-05: 444
2022-09-08: 444
2022-09-09: 444
2022-11-28: 444
2022-11-30: 444
2022-12-02: 444
2022-11-29: 443
2022-12-01: 443

[full-master-supplement-field-ratios]
turn=0.850009
tradestatus=0.850009
peTTM=0.850009
pbMRQ=0.850009
psTTM=0.850009
pcfNcfTTM=0.850009
isST=0.850009

[status]
ISSUES
- baostock supplement 未覆盖全部 TDX date+code
- baostock supplement 含有 TDX base 不存在的 date+code
- full master 补字段非空率过低: turn, tradestatus, peTTM, pbMRQ, psTTM, pcfNcfTTM, isST