Full Master Reconcile Report: 2025

tdx_base=code\data\formal\master\tdx_full_master_base_2025.csv
baostock_fields=code\data\formal\master\baostock_fields\2025.csv
full_master=code\data\formal\master\full_master_2025.csv

[row-counts]
tdx_base_rows=1212006
baostock_rows=1136599
full_master_rows=1212006

[stock-counts]
tdx_base_codes=5080
baostock_codes=4759
full_master_codes=5080

[date-ranges]
tdx_base=2025-01-02 -> 2025-12-31
baostock=2025-01-02 -> 2025-12-31
full_master=2025-01-02 -> 2025-12-31

[key-coverage]
tdx_keys=1212006
baostock_keys=1136599
full_master_keys=1212006
tdx_minus_baostock=179454
baostock_minus_tdx=104047
full_minus_tdx=0
tdx_minus_full=0

[top-missing-from-baostock-by-code]
sz.301308: 243
sz.301045: 243
sz.301611: 243
sz.301329: 243
sz.301419: 243
sz.301188: 243
sz.301219: 243
sz.301550: 243
sz.301333: 243
sz.301043: 243

[top-missing-from-baostock-by-date]
2025-05-20: 1129
2025-05-21: 1128
2025-05-19: 1128
2025-05-16: 1127
2025-05-15: 1126
2025-05-14: 1126
2025-05-13: 1126
2025-05-23: 1126
2025-05-12: 1125
2025-05-22: 1125

[all-missing-from-baostock-by-code]
bj.920002: 243
bj.920006: 243
bj.920008: 243
bj.920016: 243
bj.920019: 243
bj.920057: 243
bj.920060: 243
bj.920066: 243
bj.920082: 243
bj.920088: 243
bj.920092: 243
bj.920098: 243
bj.920099: 243
bj.920106: 243
bj.920111: 243
bj.920116: 243
bj.920118: 243
bj.920128: 243
bj.920145: 243
bj.920171: 243
bj.920185: 243
bj.920263: 243
bj.920284: 243
bj.920299: 243
bj.920344: 243
bj.920351: 243
bj.920357: 243
bj.920367: 243
bj.920378: 243
bj.920394: 243
bj.920493: 243
bj.920508: 243
bj.920519: 243
bj.920663: 243
bj.920682: 243
bj.920706: 243
bj.920765: 243
bj.920821: 243
bj.920839: 243
bj.920982: 243
sz.301000: 243
sz.301001: 243
sz.301002: 243
sz.301003: 243
sz.301004: 243
sz.301005: 243
sz.301006: 243
sz.301008: 243
sz.301009: 243
sz.301010: 243
sz.301011: 243
sz.301013: 243
sz.301015: 243
sz.301016: 243
sz.301017: 243
sz.301018: 243
sz.301019: 243
sz.301020: 243
sz.301021: 243
sz.301022: 243
sz.301023: 243
sz.301024: 243
sz.301026: 243
sz.301028: 243
sz.301029: 243
sz.301030: 243
sz.301031: 243
sz.301032: 243
sz.301035: 243
sz.301036: 243
sz.301037: 243
sz.301038: 243
sz.301039: 243
sz.301041: 243
sz.301042: 243
sz.301043: 243
sz.301045: 243
sz.301046: 243
sz.301047: 243
sz.301048: 243
sz.301049: 243
sz.301050: 243
sz.301051: 243
sz.301052: 243
sz.301053: 243
sz.301055: 243
sz.301056: 243
sz.301057: 243
sz.301058: 243
sz.301059: 243
sz.301060: 243
sz.301061: 243
sz.301062: 243
sz.301063: 243
sz.301065: 243
sz.301066: 243
sz.301067: 243
sz.301068: 243
sz.301069: 243
sz.301070: 243
sz.301071: 243
sz.301072: 243
sz.301076: 243
sz.301077: 243
sz.301078: 243
sz.301080: 243
sz.301081: 243
sz.301082: 243
sz.301083: 243
sz.301085: 243
sz.301086: 243
sz.301087: 243
sz.301088: 243
sz.301089: 243
sz.301090: 243
sz.301091: 243
sz.301092: 243
sz.301093: 243
sz.301095: 243
sz.301096: 243
sz.301097: 243
sz.301098: 243
sz.301099: 243
sz.301100: 243
sz.301101: 243
sz.301102: 243
sz.301103: 243
sz.301105: 243
sz.301106: 243
sz.301107: 243
sz.301108: 243
sz.301109: 243
sz.301110: 243
sz.301111: 243
sz.301113: 243
sz.301115: 243
sz.301116: 243
sz.301117: 243
sz.301118: 243
sz.301119: 243
sz.301120: 243
sz.301121: 243
sz.301122: 243
sz.301123: 243
sz.301125: 243
sz.301126: 243
sz.301127: 243
sz.301128: 243
sz.301129: 243
sz.301130: 243
sz.301131: 243
sz.301132: 243
sz.301133: 243
sz.301135: 243
sz.301136: 243
sz.301137: 243
sz.301138: 243
sz.301139: 243
sz.301141: 243
sz.301149: 243
sz.301150: 243
sz.301151: 243
sz.301152: 243
sz.301153: 243
sz.301155: 243
sz.301156: 243
sz.301157: 243
sz.301158: 243
sz.301159: 243
sz.301160: 243
sz.301161: 243
sz.301162: 243
sz.301163: 243
sz.301165: 243
sz.301166: 243
sz.301167: 243
sz.301168: 243
sz.301169: 243
sz.301170: 243
sz.301171: 243
sz.301172: 243
sz.301175: 243
sz.301176: 243
sz.301177: 243
sz.301179: 243
sz.301180: 243
sz.301182: 243
sz.301183: 243
sz.301185: 243
sz.301187: 243
sz.301188: 243
sz.301189: 243
sz.301190: 243
sz.301191: 243
sz.301192: 243
sz.301193: 243
sz.301195: 243
sz.301196: 243
sz.301197: 243
sz.301198: 243
sz.301199: 243
sz.301200: 243
sz.301201: 243
sz.301202: 243
sz.301203: 243
sz.301205: 243
sz.301206: 243
sz.301207: 243
sz.301208: 243
sz.301209: 243
sz.301210: 243
sz.301211: 243
sz.301212: 243
sz.301215: 243
sz.301216: 243
sz.301217: 243
sz.301218: 243
sz.301219: 243
sz.301220: 243
sz.301221: 243
sz.301222: 243
sz.301223: 243
sz.301225: 243
sz.301226: 243
sz.301227: 243
sz.301228: 243
sz.301229: 243
sz.301230: 243
sz.301231: 243
sz.301232: 243
sz.301233: 243
sz.301234: 243
sz.301235: 243
sz.301236: 243
sz.301237: 243
sz.301238: 243
sz.301239: 243
sz.301246: 243
sz.301248: 243
sz.301251: 243
sz.301252: 243
sz.301255: 243
sz.301256: 243
sz.301257: 243
sz.301258: 243
sz.301259: 243
sz.301260: 243
sz.301261: 243
sz.301262: 243
sz.301263: 243
sz.301265: 243
sz.301266: 243
sz.301267: 243
sz.301268: 243
sz.301270: 243
sz.301272: 243
sz.301273: 243
sz.301276: 243
sz.301277: 243
sz.301278: 243
sz.301279: 243
sz.301280: 243
sz.301281: 243
sz.301282: 243
sz.301283: 243
sz.301285: 243
sz.301286: 243
sz.301287: 243
sz.301289: 243
sz.301290: 243
sz.301291: 243
sz.301292: 243
sz.301293: 243
sz.301295: 243
sz.301296: 243
sz.301297: 243
sz.301298: 243
sz.301299: 243
sz.301300: 243
sz.301301: 243
sz.301302: 243
sz.301303: 243
sz.301305: 243
sz.301306: 243
sz.301307: 243
sz.301308: 243
sz.301309: 243
sz.301310: 243
sz.301311: 243
sz.301312: 243
sz.301313: 243
sz.301314: 243
sz.301315: 243
sz.301317: 243
sz.301318: 243
sz.301319: 243
sz.301320: 243
sz.301321: 243
sz.301322: 243
sz.301325: 243
sz.301326: 243
sz.301327: 243
sz.301328: 243
sz.301329: 243
sz.301330: 243
sz.301331: 243
sz.301332: 243
sz.301333: 243
sz.301336: 243
sz.301337: 243
sz.301338: 243
sz.301339: 243
sz.301345: 243
sz.301348: 243
sz.301349: 243
sz.301353: 243
sz.301355: 243
sz.301356: 243
sz.301358: 243
sz.301359: 243
sz.301360: 243
sz.301361: 243
sz.301362: 243
sz.301363: 243
sz.301365: 243
sz.301366: 243
sz.301367: 243
sz.301368: 243
sz.301369: 243
sz.301370: 243
sz.301371: 243
sz.301372: 243
sz.301373: 243
sz.301376: 243
sz.301377: 243
sz.301378: 243
sz.301379: 243
sz.301380: 243
sz.301381: 243
sz.301382: 243
sz.301383: 243
sz.301386: 243
sz.301387: 243
sz.301388: 243
sz.301389: 243
sz.301390: 243
sz.301391: 243
sz.301392: 243
sz.301393: 243
sz.301395: 243
sz.301396: 243
sz.301397: 243
sz.301398: 243
sz.301399: 243
sz.301408: 243
sz.301413: 243
sz.301418: 243
sz.301419: 243
sz.301421: 243
sz.301428: 243
sz.301429: 243
sz.301439: 243
sz.301446: 243
sz.301448: 243
sz.301456: 243
sz.301459: 243
sz.301468: 243
sz.301469: 243
sz.301487: 243
sz.301488: 243
sz.301489: 243
sz.301498: 243
sz.301499: 243
sz.301500: 243
sz.301502: 243
sz.301503: 243
sz.301507: 243
sz.301508: 243
sz.301509: 243
sz.301510: 243
sz.301511: 243
sz.301512: 243
sz.301515: 243
sz.301516: 243
sz.301518: 243
sz.301519: 243
sz.301520: 243
sz.301522: 243
sz.301525: 243
sz.301526: 243
sz.301528: 243
sz.301529: 243
sz.301533: 243
sz.301536: 243
sz.301538: 243
sz.301539: 243
sz.301548: 243
sz.301550: 243
sz.301551: 243
sz.301552: 243
sz.301555: 243
sz.301556: 243
sz.301558: 243
sz.301559: 243
sz.301565: 243
sz.301566: 243
sz.301567: 243
sz.301568: 243
sz.301571: 243
sz.301577: 243
sz.301578: 243
sz.301580: 243
sz.301585: 243
sz.301586: 243
sz.301587: 243
sz.301588: 243
sz.301589: 243
sz.301591: 243
sz.301592: 243
sz.301596: 243
sz.301598: 243
sz.301600: 243
sz.301603: 243
sz.301606: 243
sz.301607: 243
sz.301608: 243
sz.301611: 243
sz.301617: 243
sz.301618: 243
sz.301622: 243
sz.301626: 243
sz.301628: 243
sz.301631: 243
sz.301633: 243
bj.920000: 242
bj.920001: 242
bj.920010: 242
bj.920014: 242
bj.920017: 242
bj.920021: 242
bj.920023: 242
bj.920026: 242
bj.920030: 242
bj.920033: 242
bj.920039: 242
bj.920046: 242
bj.920047: 242
bj.920058: 242
bj.920061: 242
bj.920062: 242
bj.920075: 242
bj.920077: 242
bj.920087: 242
bj.920089: 242
bj.920090: 242
bj.920110: 242
bj.920122: 242
bj.920123: 242
bj.920130: 242
bj.920132: 242
bj.920139: 242
bj.920146: 242
bj.920149: 242
bj.920152: 242
bj.920163: 242
bj.920169: 242
bj.920174: 242
bj.920175: 242
bj.920179: 242
bj.920184: 242
bj.920190: 242
bj.920195: 242
bj.920198: 242
bj.920199: 242
bj.920204: 242
bj.920207: 242
bj.920208: 242
bj.920212: 242
bj.920221: 242
bj.920223: 242
bj.920225: 242
bj.920227: 242
bj.920230: 242
bj.920237: 242
bj.920239: 242
bj.920242: 242
bj.920245: 242
bj.920247: 242
bj.920249: 242
bj.920252: 242
bj.920260: 242
bj.920261: 242
bj.920262: 242
bj.920266: 242
bj.920267: 242
bj.920270: 242
bj.920271: 242
bj.920273: 242
bj.920274: 242
bj.920275: 242
bj.920278: 242
bj.920300: 242
bj.920304: 242
bj.920339: 242
bj.920346: 242
bj.920363: 242
bj.920368: 242
bj.920370: 242
bj.920371: 242
bj.920374: 242
bj.920375: 242
bj.920392: 242
bj.920395: 242
bj.920396: 242
bj.920402: 242
bj.920403: 242
bj.920405: 242
bj.920407: 242
bj.920414: 242
bj.920415: 242
bj.920418: 242
bj.920419: 242
bj.920422: 242
bj.920425: 242
bj.920427: 242
bj.920429: 242
bj.920433: 242
bj.920436: 242
bj.920438: 242
bj.920454: 242
bj.920455: 242
bj.920469: 242
bj.920471: 242
bj.920475: 242
bj.920476: 242
bj.920478: 242
bj.920491: 242
bj.920496: 242
bj.920504: 242
bj.920505: 242
bj.920509: 242
bj.920510: 242
bj.920522: 242
bj.920523: 242
bj.920526: 242
bj.920527: 242
bj.920533: 242
bj.920541: 242
bj.920547: 242
bj.920553: 242
bj.920556: 242
bj.920564: 242
bj.920566: 242
bj.920570: 242
bj.920571: 242
bj.920575: 242
bj.920576: 242
bj.920578: 242
bj.920579: 242
bj.920580: 242
bj.920592: 242
bj.920593: 242
bj.920599: 242
bj.920608: 242
bj.920627: 242
bj.920634: 242
bj.920639: 242
bj.920640: 242
bj.920642: 242
bj.920651: 242
bj.920656: 242
bj.920662: 242
bj.920665: 242
bj.920670: 242
bj.920675: 242
bj.920679: 242
bj.920685: 242
bj.920689: 242
bj.920690: 242
bj.920693: 242
bj.920694: 242
bj.920699: 242
bj.920701: 242
bj.920703: 242
bj.920717: 242
bj.920718: 242
bj.920719: 242
bj.920720: 242
bj.920725: 242
bj.920726: 242
bj.920729: 242
bj.920735: 242
bj.920748: 242
bj.920751: 242
bj.920753: 242
bj.920768: 242
bj.920770: 242
bj.920779: 242
bj.920781: 242
bj.920786: 242
bj.920790: 242
bj.920792: 242
bj.920802: 242
bj.920806: 242
bj.920807: 242
bj.920809: 242
bj.920810: 242
bj.920826: 242
bj.920832: 242
bj.920833: 242
bj.920834: 242
bj.920837: 242
bj.920855: 242
bj.920856: 242
bj.920857: 242
bj.920866: 242
bj.920870: 242
bj.920871: 242
bj.920873: 242
bj.920876: 242
bj.920879: 242
bj.920885: 242
bj.920892: 242
bj.920895: 242
bj.920896: 242
bj.920906: 242
bj.920914: 242
bj.920924: 242
bj.920925: 242
bj.920926: 242
bj.920931: 242
bj.920932: 242
bj.920942: 242
bj.920943: 242
bj.920946: 242
bj.920950: 242
bj.920953: 242
bj.920957: 242
bj.920964: 242
bj.920970: 242
bj.920971: 242
bj.920974: 242
bj.920976: 242
bj.920978: 242
bj.920981: 242
bj.920985: 242
bj.920992: 242
sz.301288: 242
sz.301581: 242
bj.920641: 241
sz.301007: 241
sz.301012: 241
sz.301186: 241
sz.301027: 240
sz.301025: 238
sz.301040: 238
sz.301073: 238
sz.301075: 238
sz.301181: 238
bj.920305: 237
bj.920961: 237
sz.301458: 237
sz.301213: 235
sz.301505: 234
sz.301517: 234
sz.301601: 234
sz.301033: 233
sz.301079: 233
sz.301112: 233
sz.301148: 233
sz.301178: 233
sz.301269: 233
sz.301316: 233
sz.301323: 233
sz.301335: 233
sz.301357: 233
sz.301486: 233
sz.301613: 233
bj.920808: 232
sz.301602: 229
bj.920108: 224
sz.301173: 207
sz.301557: 206
sz.301275: 201
sz.301479: 196
sz.301501: 195
sz.301629: 192
sz.301535: 189
sz.301616: 189
bj.920029: 188
sz.301658: 185
sz.301665: 179
sz.301662: 175
sz.301560: 169
bj.920068: 160
sz.301636: 157
sz.301595: 156
bj.920680: 154
sz.301590: 144
bj.920027: 141
bj.920167: 138
bj.920445: 138
bj.920489: 138
bj.920799: 138
bj.920819: 138
sz.301678: 133
bj.920037: 129
sz.301630: 119
sz.301609: 110
bj.920005: 104
sz.301491: 100
bj.920007: 98
sz.301632: 96
bj.920101: 94
bj.920018: 90
bj.920056: 88
bj.920112: 84
bj.920100: 77
sz.301575: 75
bj.920022: 68
bj.920015: 64
sz.301584: 64
sz.301656: 64
sz.301668: 63
sz.301563: 61
bj.920080: 59
bj.920158: 55
bj.920020: 47
bj.920009: 43
bj.920003: 39
bj.920160: 32
sz.301638: 32
bj.920091: 29
bj.920124: 25
bj.920035: 22
sz.300549: 19
sz.300550: 19
sz.300551: 19
sz.300552: 19
sz.300553: 19
sz.300554: 19
sz.300555: 19
sz.300556: 19
sz.300557: 19
sz.300558: 19
sz.300559: 19
sz.300560: 19
sz.300561: 19
sz.300562: 19
sz.300563: 19
sz.300564: 19
sz.300565: 19
sz.300566: 19
sz.300567: 19
sz.300568: 19
sz.300569: 19
sz.300570: 19
sz.300571: 19
sz.300572: 19
sz.300573: 19
sz.300575: 19
sz.300576: 19
sz.300577: 19
sz.300578: 19
sz.300579: 19
sz.300580: 19
sz.300581: 19
sz.300582: 19
sz.300583: 19
sz.300584: 19
sz.300585: 19
sz.300586: 19
sz.300587: 19
sz.300588: 19
sz.300589: 19
sz.300590: 19
sz.300591: 19
sz.300592: 19
sz.300593: 19
sz.300594: 19
sz.300595: 19
sz.300596: 19
sz.300597: 19
sz.300598: 19
sz.300599: 19
sz.300601: 19
sz.300602: 19
sz.300603: 19
sz.300604: 19
sz.300605: 19
sz.300606: 19
sz.300607: 19
sz.300608: 19
sz.300610: 19
sz.300611: 19
sz.300612: 19
sz.300613: 19
sz.300614: 19
sz.300615: 19
sz.300616: 19
sz.300617: 19
sz.300618: 19
sz.300619: 19
sz.300620: 19
sz.300621: 19
sz.300622: 19
sz.300623: 19
sz.300624: 19
sz.300625: 19
sz.300626: 19
sz.300627: 19
sz.300628: 19
sz.300629: 19
sz.300631: 19
sz.300632: 19
sz.300633: 19
sz.300634: 19
sz.300635: 19
sz.300636: 19
sz.300637: 19
sz.300638: 19
sz.300639: 19
sz.300640: 19
sz.300641: 19
sz.300642: 19
sz.300643: 19
sz.300644: 19
sz.300645: 19
sz.300647: 19
sz.300648: 19
sz.300649: 19
sz.300650: 19
sz.300651: 19
sz.300652: 19
sz.300653: 19
sz.300654: 19
sz.300655: 19
sz.300656: 19
sz.300657: 19
sz.300658: 19
sz.300659: 19
sz.300660: 19
sz.300661: 19
sz.300662: 19
sz.300663: 19
sz.300664: 19
sz.300665: 19
sz.300666: 19
sz.300667: 19
sz.300668: 19
sz.300669: 19
sz.300670: 19
sz.300671: 19
sz.300673: 19
sz.300674: 19
sz.300675: 19
sz.300676: 19
sz.300677: 19
sz.300678: 19
sz.300679: 19
sz.300680: 19
sz.300681: 19
sz.300682: 19
sz.300683: 19
sz.300684: 19
sz.300685: 19
sz.300686: 19
sz.300687: 19
sz.300688: 19
sz.300689: 19
sz.300690: 19
sz.300692: 19
sz.300693: 19
sz.300694: 19
sz.300695: 19
sz.300696: 19
sz.300697: 19
sz.300698: 19
sz.300699: 19
sz.300700: 19
sz.300701: 19
sz.300702: 19
sz.300703: 19
sz.300705: 19
sz.300706: 19
sz.300707: 19
sz.300708: 19
sz.300709: 19
sz.300710: 19
sz.300711: 19
sz.300712: 19
sz.300713: 19
sz.300715: 19
sz.300716: 19
sz.300717: 19
sz.300718: 19
sz.300719: 19
sz.300720: 19
sz.300721: 19
sz.300722: 19
sz.300723: 19
sz.300724: 19
sz.300725: 19
sz.300726: 19
sz.300727: 19
sz.300729: 19
sz.300730: 19
sz.300731: 19
sz.300732: 19
sz.300733: 19
sz.300735: 19
sz.300736: 19
sz.300737: 19
sz.300738: 19
sz.300739: 19
sz.300740: 19
sz.300741: 19
sz.300743: 19
sz.300745: 19
sz.300746: 19
sz.300747: 19
sz.300748: 19
sz.300749: 19
sz.300750: 19
sz.300751: 19
sz.300752: 19
sz.300753: 19
sz.300755: 19
sz.300756: 19
sz.300757: 19
sz.300758: 19
sz.300759: 19
sz.300760: 19
sz.300761: 19
sz.300762: 19
sz.300763: 19
sz.300765: 19
sz.300766: 19
sz.300767: 19
sz.300768: 19
sz.300769: 19
sz.300770: 19
sz.300771: 19
sz.300772: 19
sz.300773: 19
sz.300774: 19
sz.300775: 19
sz.300776: 19
sz.300777: 19
sz.300778: 19
sz.300779: 19
sz.300780: 19
sz.300781: 19
sz.300782: 19
sz.300783: 19
sz.300784: 19
sz.300785: 19
sz.300786: 19
sz.300787: 19
sz.300788: 19
sz.300789: 19
sz.300790: 19
sz.300791: 19
sz.300792: 19
sz.300793: 19
sz.300795: 19
sz.300796: 19
sz.300797: 19
sz.300798: 19
sz.300800: 19
sz.300801: 19
sz.300802: 19
sz.300803: 19
sz.300804: 19
sz.300805: 19
sz.300806: 19
sz.300807: 19
sz.300808: 19
sz.300809: 19
sz.300810: 19
sz.300811: 19
sz.300812: 19
sz.300813: 19
sz.300814: 19
sz.300815: 19
sz.300816: 19
sz.300817: 19
sz.300818: 19
sz.300819: 19
sz.300820: 19
sz.300821: 19
sz.300822: 19
sz.300823: 19
sz.300824: 19
sz.300825: 19
sz.300826: 19
sz.300827: 19
sz.300828: 19
sz.300829: 19
sz.300830: 19
sz.300831: 19
sz.300832: 19
sz.300833: 19
sz.300834: 19
sz.300835: 19
sz.300836: 19
sz.300837: 19
sz.300838: 19
sz.300839: 19
sz.300840: 19
sz.300841: 19
sz.300842: 19
sz.300843: 19
sz.300844: 19
sz.300845: 19
sz.300846: 19
sz.300847: 19
sz.300848: 19
sz.300849: 19
sz.300850: 19
sz.300851: 19
sz.300852: 19
sz.300853: 19
sz.300854: 19
sz.300855: 19
sz.300856: 19
sz.300857: 19
sz.300858: 19
sz.300859: 19
sz.300860: 19
sz.300861: 19
sz.300862: 19
sz.300863: 19
sz.300864: 19
sz.300865: 19
sz.300866: 19
sz.300867: 19
sz.300868: 19
sz.300869: 19
sz.300870: 19
sz.300871: 19
sz.300872: 19
sz.300873: 19
sz.300875: 19
sz.300876: 19
sz.300877: 19
sz.300878: 19
sz.300879: 19
sz.300880: 19
sz.300881: 19
sz.300882: 19
sz.300883: 19
sz.300884: 19
sz.300885: 19
sz.300886: 19
sz.300887: 19
sz.300888: 19
sz.300889: 19
sz.300890: 19
sz.300891: 19
sz.300892: 19
sz.300893: 19
sz.300894: 19
sz.300895: 19
sz.300896: 19
sz.300897: 19
sz.300898: 19
sz.300899: 19
sz.300900: 19
sz.300901: 19
sz.300902: 19
sz.300903: 19
sz.300904: 19
sz.300905: 19
sz.300906: 19
sz.300907: 19
sz.300908: 19
sz.300909: 19
sz.300910: 19
sz.300911: 19
sz.300912: 19
sz.300913: 19
sz.300915: 19
sz.300916: 19
sz.300917: 19
sz.300918: 19
sz.300919: 19
sz.300920: 19
sz.300921: 19
sz.300922: 19
sz.300923: 19
sz.300925: 19
sz.300926: 19
sz.300927: 19
sz.300928: 19
sz.300929: 19
sz.300930: 19
sz.300931: 19
sz.300932: 19
sz.300933: 19
sz.300935: 19
sz.300936: 19
sz.300937: 19
sz.300938: 19
sz.300939: 19
sz.300940: 19
sz.300941: 19
sz.300942: 19
sz.300943: 19
sz.300945: 19
sz.300946: 19
sz.300947: 19
sz.300948: 19
sz.300949: 19
sz.300950: 19
sz.300951: 19
sz.300952: 19
sz.300953: 19
sz.300955: 19
sz.300956: 19
sz.300957: 19
sz.300958: 19
sz.300959: 19
sz.300960: 19
sz.300961: 19
sz.300962: 19
sz.300963: 19
sz.300964: 19
sz.300965: 19
sz.300966: 19
sz.300967: 19
sz.300968: 19
sz.300969: 19
sz.300970: 19
sz.300971: 19
sz.300972: 19
sz.300973: 19
sz.300975: 19
sz.300976: 19
sz.300977: 19
sz.300978: 19
sz.300979: 19
sz.300980: 19
sz.300981: 19
sz.300982: 19
sz.300983: 19
sz.300984: 19
sz.300985: 19
sz.300986: 19
sz.300987: 19
sz.300988: 19
sz.300989: 19
sz.300990: 19
sz.300991: 19
sz.300992: 19
sz.300993: 19
sz.300994: 19
sz.300995: 19
sz.300996: 19
sz.300997: 19
sz.300998: 19
sz.300999: 19
sz.300600: 18
sz.300609: 16
sz.300630: 12
sz.300672: 12
sz.300691: 10
sz.301449: 7
sz.301667: 7
bj.920121: 5
bj.920045: 1
sz.301687: 1

[all-missing-from-baostock-by-date]
2025-05-20: 1129
2025-05-19: 1128
2025-05-21: 1128
2025-05-16: 1127
2025-05-13: 1126
2025-05-14: 1126
2025-05-15: 1126
2025-05-23: 1126
2025-05-06: 1125
2025-05-12: 1125
2025-05-22: 1125
2025-05-07: 1124
2025-05-08: 1124
2025-05-09: 1124
2025-05-26: 1124
2025-05-27: 1124
2025-05-28: 1124
2025-05-29: 1124
2025-05-30: 1123
2025-12-31: 738
2025-12-29: 737
2025-12-30: 737
2025-12-25: 736
2025-12-26: 736
2025-12-11: 735
2025-12-12: 735
2025-12-15: 735
2025-12-16: 735
2025-12-17: 735
2025-12-18: 735
2025-12-19: 735
2025-12-23: 735
2025-12-24: 735
2025-12-03: 734
2025-12-04: 734
2025-12-05: 734
2025-12-08: 734
2025-12-09: 734
2025-12-10: 734
2025-12-02: 733
2025-12-22: 733
2025-12-01: 732
2025-11-21: 731
2025-11-24: 731
2025-11-25: 731
2025-11-27: 731
2025-11-28: 731
2025-11-19: 730
2025-11-20: 730
2025-11-26: 730
2025-11-07: 729
2025-11-10: 729
2025-11-11: 729
2025-11-12: 729
2025-11-13: 729
2025-11-18: 729
2025-11-14: 728
2025-10-28: 727
2025-10-29: 727
2025-10-30: 727
2025-11-03: 727
2025-11-04: 727
2025-11-05: 727
2025-11-06: 727
2025-11-17: 727
2025-10-16: 726
2025-10-17: 726
2025-10-20: 726
2025-10-21: 726
2025-10-22: 726
2025-10-23: 726
2025-10-24: 726
2025-10-27: 726
2025-10-31: 726
2025-10-14: 725
2025-10-15: 725
2025-10-10: 724
2025-10-13: 724
2025-10-09: 723
2025-09-26: 718
2025-09-25: 717
2025-09-29: 717
2025-09-11: 714
2025-09-12: 714
2025-09-23: 714
2025-09-24: 714
2025-09-10: 713
2025-09-15: 713
2025-09-19: 713
2025-09-22: 713
2025-09-08: 712
2025-09-09: 712
2025-09-16: 712
2025-09-17: 712
2025-09-18: 712
2025-08-26: 711
2025-08-27: 711
2025-08-28: 711
2025-09-05: 711
2025-08-22: 710
2025-08-25: 710
2025-08-29: 710
2025-09-01: 710
2025-09-02: 710
2025-09-03: 710
2025-09-04: 710
2025-08-20: 709
2025-08-21: 709
2025-08-12: 708
2025-08-14: 708
2025-08-15: 708
2025-08-18: 708
2025-08-19: 708
2025-08-08: 707
2025-08-11: 707
2025-08-13: 707
2025-08-06: 706
2025-08-07: 706
2025-07-31: 705
2025-08-01: 705
2025-08-04: 705
2025-08-05: 705
2025-07-16: 703
2025-07-23: 703
2025-07-24: 703
2025-07-25: 703
2025-07-28: 703
2025-07-29: 703
2025-07-30: 703
2025-07-15: 702
2025-07-17: 702
2025-07-18: 702
2025-07-21: 702
2025-07-22: 702
2025-06-26: 701
2025-07-14: 701
2025-04-28: 700
2025-06-20: 700
2025-06-24: 700
2025-06-25: 700
2025-06-27: 700
2025-06-30: 700
2025-07-01: 700
2025-07-04: 700
2025-07-10: 700
2025-07-11: 700
2025-04-25: 699
2025-04-29: 699
2025-06-10: 699
2025-06-11: 699
2025-06-12: 699
2025-06-13: 699
2025-06-17: 699
2025-06-18: 699
2025-06-19: 699
2025-06-23: 699
2025-07-02: 699
2025-07-03: 699
2025-07-07: 699
2025-07-08: 699
2025-07-09: 699
2025-04-22: 698
2025-04-23: 698
2025-04-24: 698
2025-04-30: 698
2025-06-16: 698
2025-04-02: 697
2025-04-03: 697
2025-04-07: 697
2025-04-11: 697
2025-04-17: 697
2025-04-18: 697
2025-04-21: 697
2025-06-06: 697
2025-06-09: 697
2025-03-31: 696
2025-04-01: 696
2025-04-08: 696
2025-04-09: 696
2025-04-10: 696
2025-04-14: 696
2025-04-15: 696
2025-04-16: 696
2025-06-05: 696
2025-03-28: 695
2025-06-03: 695
2025-06-04: 695
2025-03-27: 694
2025-03-24: 692
2025-03-25: 692
2025-03-26: 692
2025-03-19: 690
2025-03-20: 690
2025-03-21: 690
2025-03-18: 689
2025-03-04: 688
2025-03-05: 688
2025-03-06: 688
2025-03-07: 688
2025-03-11: 688
2025-03-12: 688
2025-03-13: 688
2025-03-14: 688
2025-03-17: 688
2025-02-06: 687
2025-02-07: 687
2025-02-10: 687
2025-02-11: 687
2025-02-12: 687
2025-02-13: 687
2025-02-14: 687
2025-02-17: 687
2025-02-18: 687
2025-02-19: 687
2025-02-20: 687
2025-02-21: 687
2025-02-26: 687
2025-02-27: 687
2025-02-28: 687
2025-03-03: 687
2025-03-10: 687
2025-01-22: 686
2025-01-23: 686
2025-01-24: 686
2025-01-27: 686
2025-02-05: 686
2025-02-24: 686
2025-02-25: 686
2025-01-15: 685
2025-01-16: 685
2025-01-17: 685
2025-01-20: 685
2025-01-21: 685
2025-01-10: 684
2025-01-13: 684
2025-01-14: 684
2025-01-03: 683
2025-01-06: 683
2025-01-07: 683
2025-01-08: 683
2025-01-09: 683
2025-01-02: 682
2025-09-30: 502

[top-extra-in-baostock-by-code]
sz.000733: 243
sz.000410: 243
sz.000608: 243
sz.000421: 243
sz.000400: 243
sz.000955: 243
sz.000888: 243
sz.000923: 243
sz.000539: 243
sz.000766: 243

[top-extra-in-baostock-by-date]
2025-04-30: 469
2025-04-29: 460
2025-04-28: 444
2025-06-03: 444
2025-05-28: 440
2025-06-09: 440
2025-04-25: 439
2025-05-19: 439
2025-06-05: 439
2025-05-26: 439

[all-extra-in-baostock-by-code]
sz.000001: 243
sz.000002: 243
sz.000004: 243
sz.000006: 243
sz.000007: 243
sz.000008: 243
sz.000009: 243
sz.000010: 243
sz.000011: 243
sz.000012: 243
sz.000014: 243
sz.000016: 243
sz.000017: 243
sz.000019: 243
sz.000020: 243
sz.000021: 243
sz.000025: 243
sz.000026: 243
sz.000027: 243
sz.000028: 243
sz.000029: 243
sz.000030: 243
sz.000031: 243
sz.000032: 243
sz.000034: 243
sz.000035: 243
sz.000036: 243
sz.000037: 243
sz.000039: 243
sz.000042: 243
sz.000045: 243
sz.000048: 243
sz.000049: 243
sz.000050: 243
sz.000055: 243
sz.000056: 243
sz.000058: 243
sz.000059: 243
sz.000060: 243
sz.000061: 243
sz.000062: 243
sz.000063: 243
sz.000065: 243
sz.000066: 243
sz.000068: 243
sz.000069: 243
sz.000070: 243
sz.000078: 243
sz.000088: 243
sz.000089: 243
sz.000090: 243
sz.000096: 243
sz.000099: 243
sz.000100: 243
sz.000151: 243
sz.000153: 243
sz.000155: 243
sz.000156: 243
sz.000157: 243
sz.000158: 243
sz.000159: 243
sz.000166: 243
sz.000301: 243
sz.000333: 243
sz.000338: 243
sz.000400: 243
sz.000401: 243
sz.000402: 243
sz.000403: 243
sz.000404: 243
sz.000407: 243
sz.000408: 243
sz.000409: 243
sz.000410: 243
sz.000411: 243
sz.000415: 243
sz.000417: 243
sz.000419: 243
sz.000420: 243
sz.000421: 243
sz.000422: 243
sz.000423: 243
sz.000425: 243
sz.000426: 243
sz.000428: 243
sz.000429: 243
sz.000430: 243
sz.000488: 243
sz.000498: 243
sz.000501: 243
sz.000503: 243
sz.000504: 243
sz.000505: 243
sz.000506: 243
sz.000507: 243
sz.000509: 243
sz.000510: 243
sz.000513: 243
sz.000514: 243
sz.000516: 243
sz.000517: 243
sz.000518: 243
sz.000519: 243
sz.000520: 243
sz.000521: 243
sz.000523: 243
sz.000524: 243
sz.000525: 243
sz.000526: 243
sz.000528: 243
sz.000529: 243
sz.000530: 243
sz.000531: 243
sz.000532: 243
sz.000533: 243
sz.000534: 243
sz.000536: 243
sz.000537: 243
sz.000538: 243
sz.000539: 243
sz.000541: 243
sz.000543: 243
sz.000544: 243
sz.000545: 243
sz.000546: 243
sz.000547: 243
sz.000548: 243
sz.000550: 243
sz.000551: 243
sz.000552: 243
sz.000553: 243
sz.000554: 243
sz.000555: 243
sz.000557: 243
sz.000558: 243
sz.000559: 243
sz.000560: 243
sz.000561: 243
sz.000563: 243
sz.000564: 243
sz.000565: 243
sz.000566: 243
sz.000567: 243
sz.000568: 243
sz.000570: 243
sz.000571: 243
sz.000572: 243
sz.000573: 243
sz.000576: 243
sz.000581: 243
sz.000582: 243
sz.000586: 243
sz.000589: 243
sz.000590: 243
sz.000591: 243
sz.000592: 243
sz.000593: 243
sz.000595: 243
sz.000596: 243
sz.000597: 243
sz.000598: 243
sz.000599: 243
sz.000600: 243
sz.000601: 243
sz.000603: 243
sz.000605: 243
sz.000607: 243
sz.000608: 243
sz.000609: 243
sz.000610: 243
sz.000612: 243
sz.000615: 243
sz.000617: 243
sz.000619: 243
sz.000620: 243
sz.000623: 243
sz.000625: 243
sz.000626: 243
sz.000628: 243
sz.000629: 243
sz.000630: 243
sz.000631: 243
sz.000632: 243
sz.000633: 243
sz.000635: 243
sz.000636: 243
sz.000637: 243
sz.000638: 243
sz.000639: 243
sz.000650: 243
sz.000651: 243
sz.000652: 243
sz.000655: 243
sz.000656: 243
sz.000657: 243
sz.000659: 243
sz.000661: 243
sz.000663: 243
sz.000665: 243
sz.000668: 243
sz.000669: 243
sz.000670: 243
sz.000672: 243
sz.000676: 243
sz.000677: 243
sz.000678: 243
sz.000679: 243
sz.000680: 243
sz.000681: 243
sz.000682: 243
sz.000683: 243
sz.000685: 243
sz.000686: 243
sz.000688: 243
sz.000690: 243
sz.000691: 243
sz.000692: 243
sz.000695: 243
sz.000697: 243
sz.000698: 243
sz.000700: 243
sz.000701: 243
sz.000702: 243
sz.000703: 243
sz.000705: 243
sz.000707: 243
sz.000708: 243
sz.000709: 243
sz.000710: 243
sz.000711: 243
sz.000712: 243
sz.000713: 243
sz.000715: 243
sz.000716: 243
sz.000717: 243
sz.000718: 243
sz.000719: 243
sz.000720: 243
sz.000721: 243
sz.000722: 243
sz.000723: 243
sz.000725: 243
sz.000726: 243
sz.000727: 243
sz.000728: 243
sz.000729: 243
sz.000731: 243
sz.000733: 243
sz.000735: 243
sz.000736: 243
sz.000737: 243
sz.000738: 243
sz.000739: 243
sz.000750: 243
sz.000751: 243
sz.000752: 243
sz.000753: 243
sz.000755: 243
sz.000756: 243
sz.000757: 243
sz.000758: 243
sz.000759: 243
sz.000761: 243
sz.000762: 243
sz.000766: 243
sz.000767: 243
sz.000768: 243
sz.000776: 243
sz.000777: 243
sz.000778: 243
sz.000779: 243
sz.000782: 243
sz.000783: 243
sz.000785: 243
sz.000786: 243
sz.000788: 243
sz.000789: 243
sz.000790: 243
sz.000791: 243
sz.000792: 243
sz.000793: 243
sz.000795: 243
sz.000796: 243
sz.000797: 243
sz.000798: 243
sz.000799: 243
sz.000800: 243
sz.000801: 243
sz.000802: 243
sz.000803: 243
sz.000807: 243
sz.000809: 243
sz.000810: 243
sz.000811: 243
sz.000812: 243
sz.000813: 243
sz.000815: 243
sz.000816: 243
sz.000818: 243
sz.000819: 243
sz.000820: 243
sz.000821: 243
sz.000822: 243
sz.000823: 243
sz.000825: 243
sz.000826: 243
sz.000828: 243
sz.000829: 243
sz.000830: 243
sz.000831: 243
sz.000833: 243
sz.000837: 243
sz.000838: 243
sz.000839: 243
sz.000848: 243
sz.000850: 243
sz.000852: 243
sz.000856: 243
sz.000858: 243
sz.000859: 243
sz.000860: 243
sz.000862: 243
sz.000863: 243
sz.000868: 243
sz.000869: 243
sz.000875: 243
sz.000876: 243
sz.000877: 243
sz.000878: 243
sz.000880: 243
sz.000881: 243
sz.000882: 243
sz.000883: 243
sz.000885: 243
sz.000886: 243
sz.000887: 243
sz.000888: 243
sz.000889: 243
sz.000890: 243
sz.000892: 243
sz.000893: 243
sz.000895: 243
sz.000897: 243
sz.000898: 243
sz.000899: 243
sz.000900: 243
sz.000901: 243
sz.000902: 243
sz.000903: 243
sz.000905: 243
sz.000906: 243
sz.000908: 243
sz.000909: 243
sz.000910: 243
sz.000911: 243
sz.000912: 243
sz.000913: 243
sz.000915: 243
sz.000917: 243
sz.000919: 243
sz.000920: 243
sz.000921: 243
sz.000922: 243
sz.000923: 243
sz.000925: 243
sz.000926: 243
sz.000927: 243
sz.000928: 243
sz.000929: 243
sz.000930: 243
sz.000931: 243
sz.000932: 243
sz.000933: 243
sz.000935: 243
sz.000936: 243
sz.000937: 243
sz.000938: 243
sz.000948: 243
sz.000949: 243
sz.000950: 243
sz.000951: 243
sz.000952: 243
sz.000953: 243
sz.000955: 243
sz.000957: 243
sz.000958: 243
sz.000959: 243
sz.000960: 243
sz.000962: 243
sz.000963: 243
sz.000965: 243
sz.000966: 243
sz.000967: 243
sz.000968: 243
sz.000969: 243
sz.000970: 243
sz.000972: 243
sz.000973: 243
sz.000975: 243
sz.000977: 243
sz.000978: 243
sz.000980: 243
sz.000981: 243
sz.000983: 243
sz.000985: 243
sz.000987: 243
sz.000988: 243
sz.000989: 243
sz.000990: 243
sz.000993: 243
sz.000995: 243
sz.000997: 243
sz.000998: 243
sz.000999: 243
sz.000851: 206
sz.000627: 182
sz.000622: 128
sz.000584: 125
sz.300280: 116
sz.000040: 78
sh.600777: 44
sh.601028: 42
sh.603377: 42
sz.300225: 41
sh.600462: 39
sz.300208: 38
sh.600705: 35
sh.600387: 33
sh.603963: 30
sh.600083: 28
sh.603389: 28
sh.605255: 28
sz.002336: 28
sh.600804: 27
sh.603003: 27
sh.603843: 26
sz.002750: 26
sh.600190: 25
sh.600225: 25
sz.300379: 25
sz.300630: 25
sz.300108: 22
sz.300117: 21
sh.601059: 20
sh.601198: 20
sh.601995: 20
sz.300307: 20
sh.600837: 19
sh.603388: 19
sh.601989: 17
sh.600898: 15
sz.300486: 15
sh.600070: 14
sh.605178: 14
sh.688585: 14
sh.600811: 13
sh.600289: 12
sh.600200: 11
sh.600358: 11
sh.600095: 10
sh.600114: 10
sh.600156: 10
sh.600168: 10
sh.600208: 10
sh.600319: 10
sh.600337: 10
sh.600360: 10
sh.600539: 10
sh.600579: 10
sh.600590: 10
sh.600800: 10
sh.600960: 10
sh.600962: 10
sh.601088: 10
sh.601519: 10
sh.603014: 10
sh.603019: 10
sh.603058: 10
sh.603213: 10
sh.603306: 10
sh.603359: 10
sh.688038: 10
sh.688041: 10
sh.688051: 10
sh.688073: 10
sh.688126: 10
sh.688195: 10
sh.688206: 10
sh.688209: 10
sh.688228: 10
sh.688293: 10
sh.688339: 10
sh.688347: 10
sh.688381: 10
sh.688478: 10
sh.688521: 10
sh.688522: 10
sh.688536: 10
sh.688588: 10
sh.688593: 10
sh.688720: 10
sh.688766: 10
sz.002123: 10
sz.002166: 10
sz.002185: 10
sz.002456: 10
sz.002480: 10
sz.002656: 10
sz.002769: 10
sz.002812: 10
sz.002968: 10
sz.003013: 10
sz.300051: 10
sz.300065: 10
sz.300069: 10
sz.300111: 10
sz.300127: 10
sz.300131: 10
sz.300277: 10
sz.300373: 10
sz.300423: 10
sz.300449: 10
sz.300542: 10
sz.300620: 10
sz.300710: 10
sz.300889: 10
sz.300943: 10
sz.300950: 10
sz.300956: 10
sh.600500: 9
sh.603216: 9
sh.603496: 9
sh.603690: 9
sh.603758: 9
sh.605008: 9
sh.688012: 9
sh.688291: 9
sh.688313: 9
sh.688621: 9
sh.688655: 9
sh.688667: 9
sz.001206: 9
sz.001314: 9
sz.002128: 9
sz.002708: 9
sz.300174: 9
sz.300353: 9
sh.600863: 8
sh.600933: 8
sh.603151: 8
sz.002169: 8
sz.002494: 8
sz.300291: 8
sh.605389: 7
sz.001331: 7
sz.002309: 7
sh.600243: 6
sh.600421: 6
sh.600803: 6
sh.600903: 6
sh.603608: 6
sh.605081: 6
sh.688981: 6
sz.002047: 6
sz.002199: 6
sz.002529: 6
sz.002762: 6
sh.600222: 5
sh.600302: 5
sh.600446: 5
sh.600593: 5
sh.600730: 5
sh.603037: 5
sh.603042: 5
sh.603082: 5
sh.603118: 5
sh.603161: 5
sh.603336: 5
sh.603719: 5
sh.603776: 5
sh.603863: 5
sh.603897: 5
sh.688109: 5
sh.688178: 5
sh.688237: 5
sh.688350: 5
sh.688591: 5
sz.002036: 5
sz.002172: 5
sz.002175: 5
sz.002176: 5
sz.002235: 5
sz.002348: 5
sz.002370: 5
sz.002387: 5
sz.002515: 5
sz.002516: 5
sz.002527: 5
sz.002667: 5
sz.002713: 5
sz.002718: 5
sz.002725: 5
sz.002778: 5
sz.002826: 5
sz.002828: 5
sz.002853: 5
sz.002868: 5
sz.002875: 5
sz.002931: 5
sz.002969: 5
sz.003041: 5
sz.300018: 5
sz.300022: 5
sz.300046: 5
sz.300068: 5
sz.300084: 5
sz.300165: 5
sz.300264: 5
sz.300270: 5
sz.300329: 5
sz.300422: 5
sz.300424: 5
sz.300451: 5
sz.300507: 5
sz.300511: 5
sz.300551: 5
sz.300572: 5
sz.300585: 5
sz.300588: 5
sz.300839: 5
sz.300841: 5
sz.300897: 5
sz.300948: 5
sz.300955: 5
sz.300959: 5
sh.600150: 4
sh.601121: 4
sh.601500: 4
sh.603001: 4
sh.603226: 4
sh.603330: 4
sz.001267: 4
sz.002114: 4
sz.002289: 4
sz.002571: 4
sz.002806: 4
sz.002955: 4
sz.300300: 4
sz.300326: 4
sh.600165: 3
sh.600721: 3
sh.601133: 3
sh.603122: 3
sh.603508: 3
sh.688037: 3
sh.688110: 3
sh.688139: 3
sh.688739: 3
sz.002153: 3
sz.002252: 3
sz.002379: 3
sz.002420: 3
sz.002633: 3
sz.300506: 3
sz.300523: 3
sz.300554: 3
sz.300635: 3
sz.300672: 3
sz.300692: 3
sz.300807: 3
sh.600058: 2
sh.601211: 2
sh.601515: 2
sh.603007: 2
sh.603139: 2
sh.603305: 2
sh.688567: 2
sz.001212: 2
sz.002049: 2
sz.002090: 2
sz.002200: 2
sz.002424: 2
sz.002647: 2
sz.002742: 2
sz.002765: 2
sz.002798: 2
sz.002822: 2
sz.300093: 2
sz.300125: 2
sz.300159: 2
sz.300185: 2
sz.300344: 2
sz.300419: 2
sz.300478: 2
sz.300665: 2
sh.600079: 1
sh.600107: 1
sh.600130: 1
sh.600169: 1
sh.600191: 1
sh.600193: 1
sh.600228: 1
sh.600234: 1
sh.600238: 1
sh.600265: 1
sh.600287: 1
sh.600303: 1
sh.600355: 1
sh.600375: 1
sh.600381: 1
sh.600399: 1
sh.600525: 1
sh.600530: 1
sh.600566: 1
sh.600599: 1
sh.600603: 1
sh.600608: 1
sh.600624: 1
sh.600636: 1
sh.600671: 1
sh.600696: 1
sh.600711: 1
sh.600715: 1
sh.600735: 1
sh.600745: 1
sh.600753: 1
sh.600831: 1
sh.600892: 1
sh.603021: 1
sh.603023: 1
sh.603261: 1
sh.603268: 1
sh.603363: 1
sh.603398: 1
sh.603517: 1
sh.603559: 1
sh.603580: 1
sh.603595: 1
sh.603721: 1
sh.603789: 1
sh.603813: 1
sh.603822: 1
sh.603825: 1
sh.603838: 1
sh.603879: 1
sh.603959: 1
sh.605199: 1
sh.605318: 1
sh.688053: 1
sh.688076: 1
sh.688184: 1
sh.688282: 1
sh.688287: 1
sh.688511: 1
sh.688646: 1
sh.688656: 1
sz.001270: 1
sz.002052: 1
sz.002058: 1
sz.002076: 1
sz.002092: 1
sz.002122: 1
sz.002124: 1
sz.002141: 1
sz.002168: 1
sz.002197: 1
sz.002211: 1
sz.002214: 1
sz.002217: 1
sz.002231: 1
sz.002251: 1
sz.002253: 1
sz.002259: 1
sz.002305: 1
sz.002306: 1
sz.002310: 1
sz.002316: 1
sz.002425: 1
sz.002490: 1
sz.002496: 1
sz.002564: 1
sz.002569: 1
sz.002581: 1
sz.002586: 1
sz.002602: 1
sz.002620: 1
sz.002630: 1
sz.002689: 1
sz.002693: 1
sz.002700: 1
sz.002717: 1
sz.002721: 1
sz.002748: 1
sz.002789: 1
sz.002808: 1
sz.002816: 1
sz.002848: 1
sz.002898: 1
sz.002951: 1
sz.003004: 1
sz.003032: 1
sz.300013: 1
sz.300020: 1
sz.300029: 1
sz.300044: 1
sz.300052: 1
sz.300114: 1
sz.300137: 1
sz.300147: 1
sz.300152: 1
sz.300163: 1
sz.300167: 1
sz.300173: 1
sz.300175: 1
sz.300198: 1
sz.300205: 1
sz.300209: 1
sz.300211: 1
sz.300237: 1
sz.300268: 1
sz.300301: 1
sz.300311: 1
sz.300313: 1
sz.300327: 1
sz.300338: 1
sz.300343: 1
sz.300366: 1
sz.300368: 1
sz.300391: 1
sz.300460: 1
sz.300462: 1
sz.300472: 1
sz.300477: 1
sz.300527: 1
sz.300536: 1
sz.300561: 1
sz.300691: 1
sz.300716: 1
sz.300899: 1
sz.300965: 1

[all-extra-in-baostock-by-date]
2025-04-30: 469
2025-04-29: 460
2025-04-28: 444
2025-06-03: 444
2025-05-28: 440
2025-06-09: 440
2025-04-25: 439
2025-05-19: 439
2025-05-26: 439
2025-06-05: 439
2025-05-22: 438
2025-05-30: 438
2025-06-04: 438
2025-04-22: 437
2025-05-21: 437
2025-05-23: 437
2025-05-27: 437
2025-05-29: 437
2025-04-24: 436
2025-05-06: 436
2025-06-06: 436
2025-04-23: 435
2025-04-15: 434
2025-05-07: 434
2025-05-12: 434
2025-05-20: 434
2025-06-10: 434
2025-12-01: 434
2025-04-07: 433
2025-04-17: 433
2025-04-18: 433
2025-04-21: 433
2025-05-08: 433
2025-05-09: 433
2025-05-15: 433
2025-05-16: 433
2025-06-11: 433
2025-06-12: 433
2025-06-13: 433
2025-01-02: 432
2025-01-06: 432
2025-03-06: 432
2025-03-17: 432
2025-04-08: 432
2025-04-11: 432
2025-04-14: 432
2025-05-13: 432
2025-05-14: 432
2025-06-23: 432
2025-12-10: 432
2025-01-03: 431
2025-01-20: 431
2025-01-27: 431
2025-03-03: 431
2025-03-04: 431
2025-03-05: 431
2025-03-07: 431
2025-03-19: 431
2025-03-24: 431
2025-03-28: 431
2025-04-03: 431
2025-04-16: 431
2025-06-16: 431
2025-07-01: 431
2025-07-02: 431
2025-11-28: 431
2025-12-02: 431
2025-12-05: 431
2025-01-13: 430
2025-01-17: 430
2025-01-24: 430
2025-02-05: 430
2025-02-06: 430
2025-02-27: 430
2025-02-28: 430
2025-03-10: 430
2025-03-20: 430
2025-03-21: 430
2025-04-01: 430
2025-04-02: 430
2025-04-09: 430
2025-04-10: 430
2025-11-26: 430
2025-11-27: 430
2025-01-07: 429
2025-01-08: 429
2025-01-21: 429
2025-02-07: 429
2025-03-12: 429
2025-03-25: 429
2025-03-27: 429
2025-03-31: 429
2025-06-27: 429
2025-06-30: 429
2025-07-03: 429
2025-07-08: 429
2025-07-22: 429
2025-12-04: 429
2025-12-08: 429
2025-12-11: 429
2025-12-22: 429
2025-01-09: 428
2025-01-10: 428
2025-01-14: 428
2025-01-15: 428
2025-01-16: 428
2025-02-10: 428
2025-02-11: 428
2025-02-12: 428
2025-02-14: 428
2025-02-25: 428
2025-02-26: 428
2025-03-11: 428
2025-03-18: 428
2025-03-26: 428
2025-06-20: 428
2025-06-24: 428
2025-06-25: 428
2025-07-07: 428
2025-07-10: 428
2025-07-24: 428
2025-08-18: 428
2025-08-20: 428
2025-10-09: 428
2025-12-09: 428
2025-12-15: 428
2025-01-22: 427
2025-01-23: 427
2025-02-13: 427
2025-03-13: 427
2025-03-14: 427
2025-06-19: 427
2025-07-04: 427
2025-07-16: 427
2025-07-18: 427
2025-07-21: 427
2025-07-23: 427
2025-09-29: 427
2025-11-25: 427
2025-12-03: 427
2025-12-12: 427
2025-12-16: 427
2025-12-17: 427
2025-12-19: 427
2025-12-23: 427
2025-02-24: 426
2025-06-17: 426
2025-06-18: 426
2025-06-26: 426
2025-07-09: 426
2025-07-15: 426
2025-07-17: 426
2025-08-04: 426
2025-08-13: 426
2025-08-15: 426
2025-08-29: 426
2025-09-01: 426
2025-10-10: 426
2025-10-13: 426
2025-02-17: 425
2025-02-18: 425
2025-02-19: 425
2025-02-20: 425
2025-07-25: 425
2025-07-31: 425
2025-08-05: 425
2025-08-07: 425
2025-08-08: 425
2025-08-11: 425
2025-08-14: 425
2025-08-19: 425
2025-08-21: 425
2025-08-22: 425
2025-08-25: 425
2025-08-26: 425
2025-09-02: 425
2025-09-22: 425
2025-09-30: 425
2025-10-14: 425
2025-10-30: 425
2025-11-07: 425
2025-12-18: 425
2025-12-24: 425
2025-12-30: 425
2025-02-21: 424
2025-07-14: 424
2025-07-28: 424
2025-08-01: 424
2025-08-06: 424
2025-08-27: 424
2025-08-28: 424
2025-09-04: 424
2025-10-15: 424
2025-10-29: 424
2025-11-06: 424
2025-11-24: 424
2025-12-25: 424
2025-12-29: 424
2025-08-12: 423
2025-09-03: 423
2025-09-05: 423
2025-09-08: 423
2025-09-26: 423
2025-10-28: 423
2025-10-31: 423
2025-11-05: 423
2025-12-26: 423
2025-12-31: 423
2025-07-11: 422
2025-09-09: 422
2025-09-11: 422
2025-09-18: 422
2025-09-24: 422
2025-09-25: 422
2025-10-16: 422
2025-10-21: 422
2025-10-22: 422
2025-11-03: 422
2025-11-10: 422
2025-11-11: 422
2025-07-30: 421
2025-09-10: 421
2025-09-15: 421
2025-09-17: 421
2025-09-19: 421
2025-09-23: 421
2025-10-20: 421
2025-10-23: 421
2025-10-24: 421
2025-10-27: 421
2025-11-04: 421
2025-11-20: 421
2025-07-29: 420
2025-09-12: 420
2025-09-16: 420
2025-10-17: 420
2025-11-14: 420
2025-11-17: 420
2025-11-18: 420
2025-11-19: 420
2025-11-21: 420
2025-11-12: 419
2025-11-13: 419

[full-master-supplement-field-ratios]
turn=0.851934
tradestatus=0.851936
peTTM=0.851936
pbMRQ=0.851936
psTTM=0.851936
pcfNcfTTM=0.851936
isST=0.851936

[status]
ISSUES
- baostock supplement 未覆盖全部 TDX date+code
- baostock supplement 含有 TDX base 不存在的 date+code
- full master 补字段非空率过低: turn, tradestatus, peTTM, pbMRQ, psTTM, pcfNcfTTM, isST