Full Master Reconcile Report: 2024

tdx_base=code\data\formal\master\tdx_full_master_base_2024.csv
baostock_fields=code\data\formal\master\baostock_fields\2024.csv
full_master=code\data\formal\master\full_master_2024.csv

[row-counts]
tdx_base_rows=1191377
baostock_rows=1113867
full_master_rows=1191377

[stock-counts]
tdx_base_codes=5002
baostock_codes=4754
full_master_codes=5002

[date-ranges]
tdx_base=2024-01-02 -> 2024-12-31
baostock=2024-01-02 -> 2024-12-31
full_master=2024-01-02 -> 2024-12-31

[key-coverage]
tdx_keys=1191377
baostock_keys=1113867
full_master_keys=1191377
tdx_minus_baostock=182814
baostock_minus_tdx=105304
full_minus_tdx=0
tdx_minus_full=0

[top-missing-from-baostock-by-code]
bj.920547: 242
sz.301089: 242
sz.301383: 242
bj.920001: 242
sz.301171: 242
sz.301066: 242
bj.920273: 242
sz.301348: 242
sz.301336: 242
sz.301127: 242

[top-missing-from-baostock-by-date]
2024-07-26: 1776
2024-07-15: 1776
2024-07-12: 1776
2024-07-10: 1776
2024-07-16: 1776
2024-07-11: 1776
2024-07-17: 1776
2024-07-18: 1775
2024-07-25: 1775
2024-07-09: 1775

[all-missing-from-baostock-by-code]
bj.920000: 242
bj.920001: 242
bj.920006: 242
bj.920010: 242
bj.920014: 242
bj.920017: 242
bj.920021: 242
bj.920023: 242
bj.920026: 242
bj.920030: 242
bj.920033: 242
bj.920039: 242
bj.920046: 242
bj.920047: 242
bj.920057: 242
bj.920058: 242
bj.920061: 242
bj.920062: 242
bj.920075: 242
bj.920077: 242
bj.920087: 242
bj.920089: 242
bj.920090: 242
bj.920092: 242
bj.920110: 242
bj.920122: 242
bj.920130: 242
bj.920132: 242
bj.920139: 242
bj.920145: 242
bj.920146: 242
bj.920149: 242
bj.920152: 242
bj.920163: 242
bj.920167: 242
bj.920169: 242
bj.920171: 242
bj.920175: 242
bj.920179: 242
bj.920184: 242
bj.920185: 242
bj.920190: 242
bj.920195: 242
bj.920198: 242
bj.920199: 242
bj.920204: 242
bj.920207: 242
bj.920208: 242
bj.920212: 242
bj.920221: 242
bj.920223: 242
bj.920225: 242
bj.920227: 242
bj.920230: 242
bj.920237: 242
bj.920239: 242
bj.920242: 242
bj.920245: 242
bj.920247: 242
bj.920249: 242
bj.920252: 242
bj.920260: 242
bj.920261: 242
bj.920262: 242
bj.920263: 242
bj.920266: 242
bj.920267: 242
bj.920270: 242
bj.920271: 242
bj.920273: 242
bj.920274: 242
bj.920275: 242
bj.920278: 242
bj.920284: 242
bj.920299: 242
bj.920300: 242
bj.920304: 242
bj.920305: 242
bj.920339: 242
bj.920344: 242
bj.920346: 242
bj.920351: 242
bj.920357: 242
bj.920363: 242
bj.920367: 242
bj.920368: 242
bj.920370: 242
bj.920371: 242
bj.920374: 242
bj.920375: 242
bj.920378: 242
bj.920392: 242
bj.920394: 242
bj.920395: 242
bj.920396: 242
bj.920402: 242
bj.920405: 242
bj.920407: 242
bj.920414: 242
bj.920415: 242
bj.920418: 242
bj.920419: 242
bj.920422: 242
bj.920425: 242
bj.920427: 242
bj.920429: 242
bj.920433: 242
bj.920436: 242
bj.920445: 242
bj.920454: 242
bj.920455: 242
bj.920469: 242
bj.920471: 242
bj.920475: 242
bj.920476: 242
bj.920478: 242
bj.920489: 242
bj.920491: 242
bj.920493: 242
bj.920504: 242
bj.920505: 242
bj.920508: 242
bj.920509: 242
bj.920510: 242
bj.920519: 242
bj.920522: 242
bj.920523: 242
bj.920526: 242
bj.920527: 242
bj.920533: 242
bj.920541: 242
bj.920547: 242
bj.920553: 242
bj.920556: 242
bj.920564: 242
bj.920566: 242
bj.920570: 242
bj.920571: 242
bj.920575: 242
bj.920576: 242
bj.920578: 242
bj.920579: 242
bj.920580: 242
bj.920592: 242
bj.920593: 242
bj.920599: 242
bj.920608: 242
bj.920627: 242
bj.920634: 242
bj.920639: 242
bj.920640: 242
bj.920641: 242
bj.920642: 242
bj.920651: 242
bj.920662: 242
bj.920663: 242
bj.920665: 242
bj.920670: 242
bj.920675: 242
bj.920679: 242
bj.920680: 242
bj.920682: 242
bj.920685: 242
bj.920689: 242
bj.920693: 242
bj.920694: 242
bj.920699: 242
bj.920701: 242
bj.920703: 242
bj.920717: 242
bj.920718: 242
bj.920719: 242
bj.920720: 242
bj.920725: 242
bj.920726: 242
bj.920729: 242
bj.920735: 242
bj.920748: 242
bj.920751: 242
bj.920753: 242
bj.920765: 242
bj.920768: 242
bj.920770: 242
bj.920779: 242
bj.920781: 242
bj.920786: 242
bj.920790: 242
bj.920792: 242
bj.920799: 242
bj.920802: 242
bj.920807: 242
bj.920808: 242
bj.920809: 242
bj.920810: 242
bj.920819: 242
bj.920821: 242
bj.920826: 242
bj.920832: 242
bj.920833: 242
bj.920834: 242
bj.920837: 242
bj.920839: 242
bj.920855: 242
bj.920856: 242
bj.920857: 242
bj.920866: 242
bj.920870: 242
bj.920871: 242
bj.920873: 242
bj.920876: 242
bj.920879: 242
bj.920885: 242
bj.920892: 242
bj.920895: 242
bj.920896: 242
bj.920906: 242
bj.920914: 242
bj.920924: 242
bj.920925: 242
bj.920926: 242
bj.920932: 242
bj.920942: 242
bj.920943: 242
bj.920946: 242
bj.920950: 242
bj.920953: 242
bj.920957: 242
bj.920961: 242
bj.920970: 242
bj.920971: 242
bj.920974: 242
bj.920976: 242
bj.920978: 242
bj.920981: 242
bj.920982: 242
bj.920985: 242
bj.920992: 242
sz.301000: 242
sz.301001: 242
sz.301002: 242
sz.301003: 242
sz.301004: 242
sz.301005: 242
sz.301006: 242
sz.301007: 242
sz.301008: 242
sz.301009: 242
sz.301010: 242
sz.301011: 242
sz.301012: 242
sz.301013: 242
sz.301015: 242
sz.301016: 242
sz.301017: 242
sz.301018: 242
sz.301019: 242
sz.301020: 242
sz.301021: 242
sz.301022: 242
sz.301023: 242
sz.301024: 242
sz.301025: 242
sz.301026: 242
sz.301027: 242
sz.301028: 242
sz.301029: 242
sz.301030: 242
sz.301031: 242
sz.301032: 242
sz.301033: 242
sz.301035: 242
sz.301036: 242
sz.301037: 242
sz.301038: 242
sz.301040: 242
sz.301041: 242
sz.301042: 242
sz.301043: 242
sz.301045: 242
sz.301046: 242
sz.301047: 242
sz.301048: 242
sz.301049: 242
sz.301050: 242
sz.301051: 242
sz.301052: 242
sz.301053: 242
sz.301055: 242
sz.301056: 242
sz.301057: 242
sz.301058: 242
sz.301059: 242
sz.301060: 242
sz.301061: 242
sz.301062: 242
sz.301063: 242
sz.301065: 242
sz.301066: 242
sz.301067: 242
sz.301068: 242
sz.301069: 242
sz.301070: 242
sz.301071: 242
sz.301072: 242
sz.301073: 242
sz.301075: 242
sz.301076: 242
sz.301077: 242
sz.301078: 242
sz.301079: 242
sz.301080: 242
sz.301081: 242
sz.301082: 242
sz.301083: 242
sz.301085: 242
sz.301086: 242
sz.301087: 242
sz.301088: 242
sz.301089: 242
sz.301090: 242
sz.301091: 242
sz.301092: 242
sz.301093: 242
sz.301095: 242
sz.301096: 242
sz.301097: 242
sz.301098: 242
sz.301099: 242
sz.301100: 242
sz.301101: 242
sz.301102: 242
sz.301103: 242
sz.301105: 242
sz.301106: 242
sz.301107: 242
sz.301108: 242
sz.301109: 242
sz.301110: 242
sz.301111: 242
sz.301112: 242
sz.301113: 242
sz.301115: 242
sz.301116: 242
sz.301117: 242
sz.301118: 242
sz.301119: 242
sz.301120: 242
sz.301121: 242
sz.301122: 242
sz.301123: 242
sz.301125: 242
sz.301126: 242
sz.301127: 242
sz.301128: 242
sz.301129: 242
sz.301130: 242
sz.301131: 242
sz.301132: 242
sz.301133: 242
sz.301135: 242
sz.301136: 242
sz.301137: 242
sz.301138: 242
sz.301139: 242
sz.301141: 242
sz.301148: 242
sz.301149: 242
sz.301150: 242
sz.301151: 242
sz.301152: 242
sz.301153: 242
sz.301155: 242
sz.301156: 242
sz.301157: 242
sz.301158: 242
sz.301159: 242
sz.301160: 242
sz.301161: 242
sz.301162: 242
sz.301163: 242
sz.301165: 242
sz.301166: 242
sz.301167: 242
sz.301168: 242
sz.301169: 242
sz.301170: 242
sz.301171: 242
sz.301172: 242
sz.301175: 242
sz.301176: 242
sz.301177: 242
sz.301178: 242
sz.301179: 242
sz.301180: 242
sz.301181: 242
sz.301182: 242
sz.301183: 242
sz.301185: 242
sz.301186: 242
sz.301187: 242
sz.301188: 242
sz.301189: 242
sz.301190: 242
sz.301191: 242
sz.301192: 242
sz.301193: 242
sz.301195: 242
sz.301196: 242
sz.301197: 242
sz.301198: 242
sz.301199: 242
sz.301200: 242
sz.301201: 242
sz.301202: 242
sz.301203: 242
sz.301205: 242
sz.301206: 242
sz.301207: 242
sz.301208: 242
sz.301209: 242
sz.301210: 242
sz.301211: 242
sz.301212: 242
sz.301213: 242
sz.301215: 242
sz.301216: 242
sz.301217: 242
sz.301218: 242
sz.301219: 242
sz.301220: 242
sz.301221: 242
sz.301222: 242
sz.301223: 242
sz.301225: 242
sz.301226: 242
sz.301227: 242
sz.301228: 242
sz.301229: 242
sz.301230: 242
sz.301231: 242
sz.301232: 242
sz.301233: 242
sz.301234: 242
sz.301235: 242
sz.301236: 242
sz.301237: 242
sz.301238: 242
sz.301239: 242
sz.301246: 242
sz.301248: 242
sz.301251: 242
sz.301252: 242
sz.301255: 242
sz.301256: 242
sz.301257: 242
sz.301258: 242
sz.301259: 242
sz.301260: 242
sz.301261: 242
sz.301262: 242
sz.301263: 242
sz.301265: 242
sz.301266: 242
sz.301267: 242
sz.301268: 242
sz.301269: 242
sz.301270: 242
sz.301272: 242
sz.301273: 242
sz.301276: 242
sz.301277: 242
sz.301278: 242
sz.301279: 242
sz.301280: 242
sz.301282: 242
sz.301283: 242
sz.301285: 242
sz.301286: 242
sz.301287: 242
sz.301288: 242
sz.301289: 242
sz.301290: 242
sz.301291: 242
sz.301292: 242
sz.301293: 242
sz.301295: 242
sz.301296: 242
sz.301298: 242
sz.301299: 242
sz.301300: 242
sz.301301: 242
sz.301302: 242
sz.301303: 242
sz.301305: 242
sz.301306: 242
sz.301307: 242
sz.301308: 242
sz.301309: 242
sz.301310: 242
sz.301311: 242
sz.301312: 242
sz.301313: 242
sz.301314: 242
sz.301315: 242
sz.301316: 242
sz.301317: 242
sz.301318: 242
sz.301319: 242
sz.301320: 242
sz.301321: 242
sz.301322: 242
sz.301323: 242
sz.301325: 242
sz.301326: 242
sz.301327: 242
sz.301328: 242
sz.301329: 242
sz.301330: 242
sz.301331: 242
sz.301332: 242
sz.301333: 242
sz.301335: 242
sz.301336: 242
sz.301337: 242
sz.301338: 242
sz.301339: 242
sz.301345: 242
sz.301348: 242
sz.301349: 242
sz.301353: 242
sz.301355: 242
sz.301356: 242
sz.301357: 242
sz.301358: 242
sz.301359: 242
sz.301360: 242
sz.301361: 242
sz.301362: 242
sz.301363: 242
sz.301365: 242
sz.301366: 242
sz.301367: 242
sz.301368: 242
sz.301369: 242
sz.301370: 242
sz.301371: 242
sz.301372: 242
sz.301373: 242
sz.301376: 242
sz.301377: 242
sz.301378: 242
sz.301379: 242
sz.301380: 242
sz.301381: 242
sz.301382: 242
sz.301383: 242
sz.301386: 242
sz.301387: 242
sz.301388: 242
sz.301389: 242
sz.301390: 242
sz.301391: 242
sz.301393: 242
sz.301395: 242
sz.301396: 242
sz.301397: 242
sz.301398: 242
sz.301399: 242
sz.301408: 242
sz.301413: 242
sz.301418: 242
sz.301419: 242
sz.301421: 242
sz.301428: 242
sz.301429: 242
sz.301439: 242
sz.301446: 242
sz.301448: 242
sz.301456: 242
sz.301459: 242
sz.301468: 242
sz.301469: 242
sz.301486: 242
sz.301487: 242
sz.301488: 242
sz.301489: 242
sz.301498: 242
sz.301499: 242
sz.301500: 242
sz.301503: 242
sz.301505: 242
sz.301507: 242
sz.301508: 242
sz.301509: 242
sz.301510: 242
sz.301511: 242
sz.301512: 242
sz.301515: 242
sz.301516: 242
sz.301517: 242
sz.301518: 242
sz.301519: 242
sz.301520: 242
sz.301525: 242
sz.301526: 242
sz.301528: 242
sz.301529: 242
sz.301533: 242
sz.301548: 242
sz.301550: 242
sz.301555: 242
sz.301558: 242
sz.301559: 242
sz.301566: 242
sz.301568: 242
sz.301578: 242
sz.301039: 241
bj.920690: 239
bj.920964: 238
bj.920806: 235
bj.920174: 232
sz.301281: 232
sz.301297: 232
sz.301567: 232
bj.920403: 230
sz.301577: 226
bj.920496: 224
bj.920656: 219
sz.301502: 219
sz.301589: 215
sz.301591: 207
bj.920706: 200
sz.301588: 197
sz.301538: 192
bj.920438: 189
sz.301536: 186
bj.920123: 185
bj.920931: 181
sz.301587: 181
sz.301539: 176
sz.301596: 159
bj.920002: 146
sz.301392: 142
sz.301565: 132
sz.301580: 128
sz.301603: 118
sz.301552: 110
sz.301606: 106
sz.301608: 102
sz.301611: 91
sz.301571: 88
bj.920118: 87
sz.301586: 83
bj.920008: 82
sz.301607: 78
sz.301600: 73
bj.920016: 71
bj.920099: 65
sz.301551: 64
sz.301618: 62
bj.920019: 58
sz.301522: 55
sz.301556: 54
sz.301592: 49
sz.301626: 49
sz.301613: 48
bj.920088: 46
bj.920066: 44
sz.301628: 44
sz.301633: 39
bj.920111: 37
bj.920060: 31
sz.301631: 28
bj.920128: 23
sz.002849: 23
sz.002850: 23
sz.002851: 23
sz.002852: 23
sz.002853: 23
sz.002855: 23
sz.002856: 23
sz.002857: 23
sz.002858: 23
sz.002859: 23
sz.002860: 23
sz.002861: 23
sz.002862: 23
sz.002863: 23
sz.002864: 23
sz.002865: 23
sz.002866: 23
sz.002867: 23
sz.002868: 23
sz.002869: 23
sz.002870: 23
sz.002871: 23
sz.002872: 23
sz.002873: 23
sz.002875: 23
sz.002876: 23
sz.002877: 23
sz.002878: 23
sz.002879: 23
sz.002880: 23
sz.002881: 23
sz.002882: 23
sz.002883: 23
sz.002884: 23
sz.002885: 23
sz.002886: 23
sz.002887: 23
sz.002888: 23
sz.002889: 23
sz.002890: 23
sz.002891: 23
sz.002892: 23
sz.002893: 23
sz.002895: 23
sz.002896: 23
sz.002897: 23
sz.002898: 23
sz.002899: 23
sz.002900: 23
sz.002901: 23
sz.002902: 23
sz.002903: 23
sz.002905: 23
sz.002906: 23
sz.002907: 23
sz.002908: 23
sz.002909: 23
sz.002910: 23
sz.002911: 23
sz.002912: 23
sz.002913: 23
sz.002915: 23
sz.002916: 23
sz.002917: 23
sz.002918: 23
sz.002919: 23
sz.002920: 23
sz.002921: 23
sz.002922: 23
sz.002923: 23
sz.002925: 23
sz.002926: 23
sz.002927: 23
sz.002928: 23
sz.002929: 23
sz.002930: 23
sz.002931: 23
sz.002932: 23
sz.002933: 23
sz.002935: 23
sz.002936: 23
sz.002937: 23
sz.002938: 23
sz.002939: 23
sz.002940: 23
sz.002941: 23
sz.002942: 23
sz.002943: 23
sz.002945: 23
sz.002946: 23
sz.002947: 23
sz.002948: 23
sz.002949: 23
sz.002950: 23
sz.002951: 23
sz.002952: 23
sz.002953: 23
sz.002955: 23
sz.002956: 23
sz.002957: 23
sz.002958: 23
sz.002959: 23
sz.002960: 23
sz.002961: 23
sz.002962: 23
sz.002963: 23
sz.002965: 23
sz.002966: 23
sz.002967: 23
sz.002968: 23
sz.002969: 23
sz.002970: 23
sz.002971: 23
sz.002972: 23
sz.002973: 23
sz.002975: 23
sz.002976: 23
sz.002977: 23
sz.002978: 23
sz.002979: 23
sz.002980: 23
sz.002981: 23
sz.002982: 23
sz.002983: 23
sz.002984: 23
sz.002985: 23
sz.002986: 23
sz.002987: 23
sz.002988: 23
sz.002989: 23
sz.002990: 23
sz.002991: 23
sz.002992: 23
sz.002993: 23
sz.002995: 23
sz.002996: 23
sz.002997: 23
sz.002998: 23
sz.002999: 23
sz.003000: 23
sz.003001: 23
sz.003002: 23
sz.003003: 23
sz.003004: 23
sz.003005: 23
sz.003006: 23
sz.003007: 23
sz.003008: 23
sz.003009: 23
sz.003010: 23
sz.003011: 23
sz.003012: 23
sz.003013: 23
sz.003015: 23
sz.003016: 23
sz.003017: 23
sz.003018: 23
sz.003019: 23
sz.003020: 23
sz.003021: 23
sz.003022: 23
sz.003023: 23
sz.003025: 23
sz.003026: 23
sz.003027: 23
sz.003028: 23
sz.003029: 23
sz.003030: 23
sz.003031: 23
sz.003032: 23
sz.003033: 23
sz.003035: 23
sz.003036: 23
sz.003037: 23
sz.003038: 23
sz.003039: 23
sz.003040: 23
sz.003041: 23
sz.003042: 23
sz.003043: 23
sz.003816: 23
sz.300001: 23
sz.300002: 23
sz.300003: 23
sz.300004: 23
sz.300005: 23
sz.300006: 23
sz.300007: 23
sz.300008: 23
sz.300009: 23
sz.300010: 23
sz.300011: 23
sz.300012: 23
sz.300013: 23
sz.300014: 23
sz.300015: 23
sz.300016: 23
sz.300017: 23
sz.300018: 23
sz.300019: 23
sz.300020: 23
sz.300021: 23
sz.300022: 23
sz.300024: 23
sz.300025: 23
sz.300026: 23
sz.300027: 23
sz.300029: 23
sz.300030: 23
sz.300031: 23
sz.300032: 23
sz.300033: 23
sz.300034: 23
sz.300035: 23
sz.300036: 23
sz.300037: 23
sz.300039: 23
sz.300040: 23
sz.300041: 23
sz.300042: 23
sz.300043: 23
sz.300044: 23
sz.300045: 23
sz.300046: 23
sz.300047: 23
sz.300048: 23
sz.300049: 23
sz.300050: 23
sz.300051: 23
sz.300052: 23
sz.300053: 23
sz.300054: 23
sz.300055: 23
sz.300056: 23
sz.300057: 23
sz.300058: 23
sz.300059: 23
sz.300061: 23
sz.300062: 23
sz.300063: 23
sz.300065: 23
sz.300066: 23
sz.300067: 23
sz.300068: 23
sz.300069: 23
sz.300070: 23
sz.300071: 23
sz.300072: 23
sz.300073: 23
sz.300074: 23
sz.300075: 23
sz.300076: 23
sz.300077: 23
sz.300078: 23
sz.300079: 23
sz.300080: 23
sz.300081: 23
sz.300082: 23
sz.300083: 23
sz.300084: 23
sz.300085: 23
sz.300086: 23
sz.300087: 23
sz.300088: 23
sz.300091: 23
sz.300092: 23
sz.300093: 23
sz.300094: 23
sz.300095: 23
sz.300096: 23
sz.300097: 23
sz.300098: 23
sz.300099: 23
sz.300100: 23
sz.300101: 23
sz.300102: 23
sz.300103: 23
sz.300105: 23
sz.300106: 23
sz.300107: 23
sz.300108: 23
sz.300109: 23
sz.300110: 23
sz.300111: 23
sz.300112: 23
sz.300113: 23
sz.300114: 23
sz.300115: 23
sz.300117: 23
sz.300118: 23
sz.300119: 23
sz.300120: 23
sz.300121: 23
sz.300122: 23
sz.300123: 23
sz.300124: 23
sz.300125: 23
sz.300126: 23
sz.300127: 23
sz.300128: 23
sz.300129: 23
sz.300130: 23
sz.300131: 23
sz.300132: 23
sz.300133: 23
sz.300134: 23
sz.300135: 23
sz.300136: 23
sz.300137: 23
sz.300138: 23
sz.300139: 23
sz.300140: 23
sz.300141: 23
sz.300142: 23
sz.300143: 23
sz.300144: 23
sz.300145: 23
sz.300146: 23
sz.300147: 23
sz.300148: 23
sz.300149: 23
sz.300150: 23
sz.300151: 23
sz.300152: 23
sz.300153: 23
sz.300154: 23
sz.300155: 23
sz.300157: 23
sz.300158: 23
sz.300159: 23
sz.300160: 23
sz.300161: 23
sz.300162: 23
sz.300163: 23
sz.300164: 23
sz.300165: 23
sz.300166: 23
sz.300167: 23
sz.300168: 23
sz.300169: 23
sz.300170: 23
sz.300171: 23
sz.300172: 23
sz.300173: 23
sz.300174: 23
sz.300175: 23
sz.300176: 23
sz.300177: 23
sz.300179: 23
sz.300180: 23
sz.300181: 23
sz.300182: 23
sz.300183: 23
sz.300184: 23
sz.300185: 23
sz.300187: 23
sz.300188: 23
sz.300189: 23
sz.300190: 23
sz.300191: 23
sz.300192: 23
sz.300193: 23
sz.300194: 23
sz.300195: 23
sz.300196: 23
sz.300197: 23
sz.300198: 23
sz.300199: 23
sz.300200: 23
sz.300201: 23
sz.300203: 23
sz.300204: 23
sz.300205: 23
sz.300206: 23
sz.300207: 23
sz.300208: 23
sz.300209: 23
sz.300210: 23
sz.300211: 23
sz.300212: 23
sz.300213: 23
sz.300214: 23
sz.300215: 23
sz.300217: 23
sz.300218: 23
sz.300219: 23
sz.300220: 23
sz.300221: 23
sz.300222: 23
sz.300223: 23
sz.300224: 23
sz.300225: 23
sz.300226: 23
sz.300227: 23
sz.300228: 23
sz.300229: 23
sz.300230: 23
sz.300231: 23
sz.300232: 23
sz.300233: 23
sz.300234: 23
sz.300235: 23
sz.300236: 23
sz.300237: 23
sz.300238: 23
sz.300239: 23
sz.300240: 23
sz.300241: 23
sz.300242: 23
sz.300243: 23
sz.300244: 23
sz.300245: 23
sz.300246: 23
sz.300247: 23
sz.300248: 23
sz.300249: 23
sz.300250: 23
sz.300251: 23
sz.300252: 23
sz.300253: 23
sz.300254: 23
sz.300255: 23
sz.300256: 23
sz.300257: 23
sz.300258: 23
sz.300259: 23
sz.300260: 23
sz.300261: 23
sz.300263: 23
sz.300264: 23
sz.300265: 23
sz.300266: 23
sz.300267: 23
sz.300268: 23
sz.300269: 23
sz.300270: 23
sz.300271: 23
sz.300272: 23
sz.300274: 23
sz.300275: 23
sz.300276: 23
sz.300277: 23
sz.300278: 23
sz.300279: 23
sz.300280: 23
sz.300281: 23
sz.300283: 23
sz.300284: 23
sz.300285: 23
sz.300286: 23
sz.300287: 23
sz.300288: 23
sz.300289: 23
sz.300290: 23
sz.300291: 23
sz.300292: 23
sz.300293: 23
sz.300294: 23
sz.300295: 23
sz.300296: 23
sz.300298: 23
sz.300299: 23
sz.300300: 23
sz.300301: 23
sz.300302: 23
sz.300303: 23
sz.300304: 23
sz.300305: 23
sz.300306: 23
sz.300307: 23
sz.300308: 23
sz.300310: 23
sz.300311: 23
sz.300313: 23
sz.300314: 23
sz.300315: 23
sz.300316: 23
sz.300317: 23
sz.300318: 23
sz.300319: 23
sz.300320: 23
sz.300321: 23
sz.300322: 23
sz.300323: 23
sz.300324: 23
sz.300326: 23
sz.300327: 23
sz.300328: 23
sz.300329: 23
sz.300331: 23
sz.300332: 23
sz.300333: 23
sz.300334: 23
sz.300335: 23
sz.300337: 23
sz.300338: 23
sz.300339: 23
sz.300340: 23
sz.300341: 23
sz.300342: 23
sz.300343: 23
sz.300344: 23
sz.300345: 23
sz.300346: 23
sz.300347: 23
sz.300348: 23
sz.300349: 23
sz.300350: 23
sz.300351: 23
sz.300352: 23
sz.300353: 23
sz.300354: 23
sz.300355: 23
sz.300357: 23
sz.300358: 23
sz.300359: 23
sz.300360: 23
sz.300363: 23
sz.300364: 23
sz.300365: 23
sz.300366: 23
sz.300368: 23
sz.300369: 23
sz.300370: 23
sz.300371: 23
sz.300373: 23
sz.300374: 23
sz.300375: 23
sz.300377: 23
sz.300378: 23
sz.300379: 23
sz.300380: 23
sz.300381: 23
sz.300382: 23
sz.300383: 23
sz.300384: 23
sz.300385: 23
sz.300386: 23
sz.300387: 23
sz.300388: 23
sz.300389: 23
sz.300390: 23
sz.300391: 23
sz.300393: 23
sz.300394: 23
sz.300395: 23
sz.300396: 23
sz.300397: 23
sz.300398: 23
sz.300399: 23
sz.300400: 23
sz.300401: 23
sz.300402: 23
sz.300403: 23
sz.300404: 23
sz.300405: 23
sz.300406: 23
sz.300407: 23
sz.300408: 23
sz.300409: 23
sz.300410: 23
sz.300411: 23
sz.300412: 23
sz.300413: 23
sz.300414: 23
sz.300415: 23
sz.300416: 23
sz.300417: 23
sz.300418: 23
sz.300419: 23
sz.300420: 23
sz.300421: 23
sz.300422: 23
sz.300423: 23
sz.300424: 23
sz.300425: 23
sz.300426: 23
sz.300427: 23
sz.300428: 23
sz.300429: 23
sz.300430: 23
sz.300432: 23
sz.300433: 23
sz.300434: 23
sz.300435: 23
sz.300436: 23
sz.300437: 23
sz.300438: 23
sz.300439: 23
sz.300440: 23
sz.300441: 23
sz.300442: 23
sz.300443: 23
sz.300444: 23
sz.300445: 23
sz.300446: 23
sz.300447: 23
sz.300448: 23
sz.300449: 23
sz.300450: 23
sz.300451: 23
sz.300452: 23
sz.300453: 23
sz.300454: 23
sz.300455: 23
sz.300456: 23
sz.300457: 23
sz.300458: 23
sz.300459: 23
sz.300460: 23
sz.300461: 23
sz.300462: 23
sz.300463: 23
sz.300464: 23
sz.300465: 23
sz.300466: 23
sz.300467: 23
sz.300468: 23
sz.300469: 23
sz.300470: 23
sz.300471: 23
sz.300472: 23
sz.300473: 23
sz.300474: 23
sz.300475: 23
sz.300476: 23
sz.300477: 23
sz.300478: 23
sz.300479: 23
sz.300480: 23
sz.300481: 23
sz.300482: 23
sz.300483: 23
sz.300484: 23
sz.300485: 23
sz.300486: 23
sz.300487: 23
sz.300488: 23
sz.300489: 23
sz.300490: 23
sz.300491: 23
sz.300492: 23
sz.300493: 23
sz.300494: 23
sz.300496: 23
sz.300497: 23
sz.300498: 23
sz.300499: 23
sz.300500: 23
sz.300501: 23
sz.300502: 23
sz.300503: 23
sz.300504: 23
sz.300505: 23
sz.300506: 23
sz.300507: 23
sz.300508: 23
sz.300509: 23
sz.300510: 23
sz.300511: 23
sz.300512: 23
sz.300513: 23
sz.300514: 23
sz.300515: 23
sz.300516: 23
sz.300517: 23
sz.300518: 23
sz.300519: 23
sz.300520: 23
sz.300521: 23
sz.300522: 23
sz.300523: 23
sz.300525: 23
sz.300527: 23
sz.300528: 23
sz.300529: 23
sz.300530: 23
sz.300531: 23
sz.300532: 23
sz.300533: 23
sz.300534: 23
sz.300535: 23
sz.300536: 23
sz.300537: 23
sz.300538: 23
sz.300539: 23
sz.300540: 23
sz.300541: 23
sz.300542: 23
sz.300543: 23
sz.300545: 23
sz.300546: 23
sz.300547: 23
sz.300548: 23
sz.300549: 23
sz.300550: 23
sz.300551: 23
sz.300552: 23
sz.300553: 23
sz.300554: 23
sz.300555: 23
sz.300556: 23
sz.300557: 23
sz.300558: 23
sz.300559: 23
sz.300560: 23
sz.300561: 23
sz.300562: 23
sz.300563: 23
sz.300564: 23
sz.300565: 23
sz.300566: 23
sz.300567: 23
sz.300568: 23
sz.300569: 23
sz.300570: 23
sz.300571: 23
sz.300572: 23
sz.300573: 23
sz.300575: 23
sz.300576: 23
sz.300577: 23
sz.300578: 23
sz.300579: 23
sz.300580: 23
sz.300581: 23
sz.300582: 23
sz.300583: 23
sz.300584: 23
sz.300585: 23
sz.300586: 23
sz.300587: 23
sz.300588: 23
sz.300589: 23
sz.300590: 23
sz.300591: 23
sz.300592: 23
sz.300593: 23
sz.300594: 23
sz.300595: 23
sz.300596: 23
sz.300597: 23
sz.300598: 23
sz.300599: 23
sz.300600: 23
sz.300601: 23
sz.300602: 23
sz.300603: 23
sz.300604: 23
sz.300605: 23
sz.300606: 23
sz.300607: 23
sz.300608: 23
sz.300609: 23
sz.300610: 23
sz.300611: 23
sz.300612: 23
sz.300613: 23
sz.300614: 23
sz.300615: 23
sz.300616: 23
sz.300617: 23
sz.300618: 23
sz.300619: 23
sz.300620: 23
sz.300621: 23
sz.300622: 23
sz.300623: 23
sz.300624: 23
sz.300625: 23
sz.300626: 23
sz.300627: 23
sz.300628: 23
sz.300629: 23
sz.300631: 23
sz.300632: 23
sz.300633: 23
sz.300634: 23
sz.300635: 23
sz.300636: 23
sz.300637: 23
sz.300638: 23
sz.300639: 23
sz.300640: 23
sz.300641: 23
sz.300642: 23
sz.300643: 23
sz.300644: 23
sz.300645: 23
sz.300647: 23
sz.300648: 23
sz.300649: 23
sz.300650: 23
sz.300651: 23
sz.300652: 23
sz.300653: 23
sz.300654: 23
sz.300655: 23
sz.300656: 23
sz.300657: 23
sz.300658: 23
sz.300659: 23
sz.300660: 23
sz.300661: 23
sz.300662: 23
sz.300663: 23
sz.300664: 23
sz.300665: 23
sz.300666: 23
sz.300667: 23
sz.300668: 23
sz.300669: 23
sz.300670: 23
sz.300671: 23
sz.300672: 23
sz.300673: 23
sz.300674: 23
sz.300675: 23
sz.300676: 23
sz.300677: 23
sz.300678: 23
sz.300679: 23
sz.300680: 23
sz.300681: 23
sz.300682: 23
sz.300683: 23
sz.300684: 23
sz.300685: 23
sz.300686: 23
sz.300687: 23
sz.300688: 23
sz.300689: 23
sz.300690: 23
sz.300691: 23
sz.300692: 23
sz.300693: 23
sz.300694: 23
sz.300695: 23
sz.300696: 23
sz.300697: 23
sz.300698: 23
sz.300699: 23
sz.300700: 23
sz.300701: 23
sz.300702: 23
sz.300703: 23
sz.300705: 23
sz.300706: 23
sz.300707: 23
sz.300708: 23
sz.300709: 23
sz.300710: 23
sz.300711: 23
sz.300712: 23
sz.300713: 23
sz.300715: 23
sz.300716: 23
sz.300717: 23
sz.300718: 23
sz.300719: 23
sz.300720: 23
sz.300721: 23
sz.300722: 23
sz.300723: 23
sz.300724: 23
sz.300725: 23
sz.300726: 23
sz.300727: 23
sz.300729: 23
sz.300730: 23
sz.300731: 23
sz.300732: 23
sz.300733: 23
sz.300735: 23
sz.300736: 23
sz.300737: 23
sz.300738: 23
sz.300739: 23
sz.300740: 23
sz.300741: 23
sz.300743: 23
sz.300745: 23
sz.300746: 23
sz.300747: 23
sz.300748: 23
sz.300749: 23
sz.300750: 23
sz.300751: 23
sz.300752: 23
sz.300753: 23
sz.300755: 23
sz.300756: 23
sz.300757: 23
sz.300758: 23
sz.300759: 23
sz.300760: 23
sz.300761: 23
sz.300762: 23
sz.300763: 23
sz.300765: 23
sz.300766: 23
sz.300767: 23
sz.300768: 23
sz.300769: 23
sz.300770: 23
sz.300771: 23
sz.300772: 23
sz.300773: 23
sz.300774: 23
sz.300775: 23
sz.300776: 23
sz.300777: 23
sz.300778: 23
sz.300779: 23
sz.300780: 23
sz.300781: 23
sz.300782: 23
sz.300783: 23
sz.300784: 23
sz.300785: 23
sz.300786: 23
sz.300787: 23
sz.300788: 23
sz.300789: 23
sz.300790: 23
sz.300791: 23
sz.300792: 23
sz.300793: 23
sz.300795: 23
sz.300796: 23
sz.300797: 23
sz.300798: 23
sz.300800: 23
sz.300801: 23
sz.300802: 23
sz.300803: 23
sz.300804: 23
sz.300805: 23
sz.300806: 23
sz.300807: 23
sz.300808: 23
sz.300809: 23
sz.300810: 23
sz.300811: 23
sz.300812: 23
sz.300813: 23
sz.300814: 23
sz.300815: 23
sz.300816: 23
sz.300817: 23
sz.300818: 23
sz.300819: 23
sz.300820: 23
sz.300821: 23
sz.300822: 23
sz.300823: 23
sz.300824: 23
sz.300825: 23
sz.300826: 23
sz.300827: 23
sz.300828: 23
sz.300829: 23
sz.300830: 23
sz.300831: 23
sz.300832: 23
sz.300833: 23
sz.300834: 23
sz.300835: 23
sz.300836: 23
sz.300837: 23
sz.300838: 23
sz.300839: 23
sz.300840: 23
sz.300841: 23
sz.300842: 23
sz.300843: 23
sz.300844: 23
sz.300845: 23
sz.300846: 23
sz.300847: 23
sz.300848: 23
sz.300849: 23
sz.300850: 23
sz.300851: 23
sz.300852: 23
sz.300853: 23
sz.300854: 23
sz.300855: 23
sz.300856: 23
sz.300857: 23
sz.300858: 23
sz.300859: 23
sz.300860: 23
sz.300861: 23
sz.300862: 23
sz.300863: 23
sz.300864: 23
sz.300865: 23
sz.300866: 23
sz.300867: 23
sz.300868: 23
sz.300869: 23
sz.300870: 23
sz.300871: 23
sz.300872: 23
sz.300873: 23
sz.300875: 23
sz.300876: 23
sz.300877: 23
sz.300878: 23
sz.300879: 23
sz.300880: 23
sz.300881: 23
sz.300882: 23
sz.300883: 23
sz.300884: 23
sz.300885: 23
sz.300886: 23
sz.300887: 23
sz.300888: 23
sz.300889: 23
sz.300890: 23
sz.300891: 23
sz.300892: 23
sz.300893: 23
sz.300894: 23
sz.300895: 23
sz.300896: 23
sz.300897: 23
sz.300898: 23
sz.300899: 23
sz.300900: 23
sz.300901: 23
sz.300902: 23
sz.300903: 23
sz.300904: 23
sz.300905: 23
sz.300906: 23
sz.300907: 23
sz.300908: 23
sz.300909: 23
sz.300910: 23
sz.300911: 23
sz.300912: 23
sz.300913: 23
sz.300915: 23
sz.300916: 23
sz.300917: 23
sz.300918: 23
sz.300919: 23
sz.300920: 23
sz.300921: 23
sz.300922: 23
sz.300923: 23
sz.300925: 23
sz.300926: 23
sz.300927: 23
sz.300928: 23
sz.300929: 23
sz.300930: 23
sz.300931: 23
sz.300932: 23
sz.300933: 23
sz.300935: 23
sz.300936: 23
sz.300937: 23
sz.300938: 23
sz.300939: 23
sz.300940: 23
sz.300941: 23
sz.300942: 23
sz.300943: 23
sz.300945: 23
sz.300946: 23
sz.300947: 23
sz.300948: 23
sz.300949: 23
sz.300950: 23
sz.300951: 23
sz.300952: 23
sz.300953: 23
sz.300955: 23
sz.300956: 23
sz.300957: 23
sz.300958: 23
sz.300959: 23
sz.300960: 23
sz.300961: 23
sz.300962: 23
sz.300963: 23
sz.300964: 23
sz.300965: 23
sz.300966: 23
sz.300967: 23
sz.300968: 23
sz.300969: 23
sz.300970: 23
sz.300971: 23
sz.300972: 23
sz.300973: 23
sz.300975: 23
sz.300976: 23
sz.300977: 23
sz.300978: 23
sz.300979: 23
sz.300980: 23
sz.300981: 23
sz.300982: 23
sz.300983: 23
sz.300984: 23
sz.300985: 23
sz.300986: 23
sz.300987: 23
sz.300988: 23
sz.300989: 23
sz.300990: 23
sz.300991: 23
sz.300992: 23
sz.300993: 23
sz.300994: 23
sz.300995: 23
sz.300996: 23
sz.300997: 23
sz.300998: 23
sz.300999: 23
sz.300376: 22
sz.301622: 20
bj.920098: 19
sz.300630: 18
sz.300742: 15
sz.300799: 15
sz.301617: 15
sz.300282: 13
bj.920106: 10
sz.301585: 8
sz.301598: 8
bj.920082: 4

[all-missing-from-baostock-by-date]
2024-07-10: 1776
2024-07-11: 1776
2024-07-12: 1776
2024-07-15: 1776
2024-07-16: 1776
2024-07-17: 1776
2024-07-26: 1776
2024-07-09: 1775
2024-07-18: 1775
2024-07-19: 1775
2024-07-22: 1775
2024-07-23: 1775
2024-07-24: 1775
2024-07-25: 1775
2024-07-29: 1775
2024-07-30: 1775
2024-07-31: 1775
2024-07-08: 1774
2024-07-01: 1773
2024-07-02: 1773
2024-07-03: 1773
2024-07-04: 1773
2024-07-05: 1773
2024-12-26: 681
2024-12-27: 681
2024-12-30: 681
2024-12-31: 681
2024-12-20: 680
2024-12-23: 680
2024-12-24: 680
2024-12-25: 680
2024-12-18: 678
2024-12-19: 678
2024-12-11: 677
2024-12-12: 677
2024-12-13: 677
2024-12-16: 677
2024-12-17: 677
2024-12-10: 676
2024-12-05: 675
2024-12-06: 675
2024-12-09: 675
2024-12-04: 674
2024-11-22: 673
2024-11-25: 673
2024-11-29: 673
2024-12-02: 673
2024-12-03: 673
2024-11-19: 672
2024-11-20: 672
2024-11-21: 672
2024-11-26: 672
2024-11-27: 672
2024-11-28: 672
2024-11-11: 671
2024-11-12: 671
2024-11-13: 671
2024-11-14: 671
2024-11-15: 671
2024-11-18: 671
2024-11-07: 670
2024-11-08: 670
2024-10-31: 669
2024-11-01: 669
2024-11-04: 669
2024-11-05: 669
2024-11-06: 669
2024-10-29: 667
2024-10-30: 667
2024-10-28: 666
2024-10-25: 665
2024-10-24: 664
2024-10-17: 662
2024-10-18: 662
2024-10-21: 662
2024-10-22: 662
2024-10-23: 662
2024-10-16: 660
2024-09-30: 659
2024-10-11: 659
2024-10-14: 659
2024-10-15: 659
2024-09-25: 658
2024-09-26: 658
2024-09-27: 658
2024-10-08: 658
2024-10-09: 658
2024-10-10: 658
2024-09-13: 657
2024-09-18: 657
2024-09-19: 657
2024-09-20: 657
2024-09-23: 657
2024-09-24: 657
2024-09-11: 656
2024-09-12: 656
2024-09-04: 655
2024-09-05: 655
2024-09-06: 655
2024-09-09: 655
2024-09-10: 655
2024-08-29: 654
2024-08-30: 654
2024-09-02: 654
2024-09-03: 654
2024-08-28: 653
2024-08-22: 652
2024-08-23: 652
2024-08-26: 652
2024-08-27: 652
2024-08-21: 651
2024-08-16: 650
2024-08-19: 650
2024-08-20: 650
2024-08-01: 649
2024-08-02: 649
2024-08-05: 649
2024-08-06: 649
2024-08-07: 649
2024-08-08: 649
2024-08-09: 649
2024-08-12: 649
2024-08-13: 649
2024-08-14: 649
2024-08-15: 649
2024-06-26: 645
2024-06-27: 645
2024-06-28: 645
2024-06-20: 644
2024-06-21: 644
2024-06-24: 644
2024-06-25: 644
2024-06-05: 643
2024-06-06: 643
2024-06-07: 643
2024-06-11: 643
2024-06-12: 643
2024-06-13: 643
2024-06-14: 643
2024-06-17: 643
2024-06-18: 643
2024-06-19: 643
2024-05-30: 642
2024-05-31: 642
2024-06-03: 642
2024-06-04: 642
2024-05-13: 641
2024-05-14: 641
2024-05-15: 641
2024-05-16: 641
2024-05-17: 641
2024-05-20: 641
2024-05-21: 641
2024-05-22: 641
2024-05-23: 641
2024-05-24: 641
2024-05-27: 641
2024-05-28: 641
2024-05-29: 641
2024-04-15: 640
2024-04-16: 640
2024-04-17: 640
2024-04-18: 640
2024-04-19: 640
2024-04-22: 640
2024-04-23: 640
2024-04-24: 640
2024-04-25: 640
2024-04-26: 640
2024-04-29: 640
2024-04-30: 640
2024-05-06: 640
2024-05-07: 640
2024-05-08: 640
2024-05-09: 640
2024-05-10: 640
2024-04-08: 639
2024-04-09: 639
2024-04-10: 639
2024-04-11: 639
2024-04-12: 639
2024-03-29: 637
2024-04-01: 637
2024-04-02: 637
2024-04-03: 637
2024-03-28: 636
2024-03-25: 635
2024-03-26: 635
2024-03-27: 635
2024-03-20: 634
2024-03-21: 634
2024-03-22: 634
2024-03-13: 633
2024-03-14: 633
2024-03-15: 633
2024-03-18: 633
2024-03-19: 633
2024-03-08: 632
2024-03-12: 632
2024-02-28: 631
2024-02-29: 631
2024-03-01: 631
2024-03-04: 631
2024-03-05: 631
2024-03-06: 631
2024-03-07: 631
2024-03-11: 631
2024-02-08: 630
2024-02-19: 630
2024-02-20: 630
2024-02-21: 630
2024-02-22: 630
2024-02-23: 630
2024-02-26: 630
2024-02-27: 630
2024-02-02: 629
2024-02-05: 629
2024-02-06: 629
2024-02-07: 629
2024-01-26: 627
2024-01-29: 627
2024-01-30: 627
2024-01-31: 627
2024-02-01: 627
2024-01-24: 626
2024-01-25: 626
2024-01-18: 625
2024-01-19: 625
2024-01-22: 625
2024-01-23: 625
2024-01-16: 624
2024-01-17: 624
2024-01-11: 623
2024-01-12: 623
2024-01-15: 623
2024-01-05: 622
2024-01-08: 622
2024-01-09: 622
2024-01-10: 622
2024-01-02: 621
2024-01-03: 621
2024-01-04: 621

[top-extra-in-baostock-by-code]
sz.000776: 242
sz.000926: 242
sz.000750: 242
sz.000553: 242
sz.000421: 242
sz.000507: 242
sz.000516: 242
sz.000001: 242
sz.000912: 242
sz.000710: 242

[top-extra-in-baostock-by-date]
2024-04-30: 480
2024-04-29: 451
2024-06-25: 449
2024-06-28: 448
2024-06-04: 448
2024-06-27: 448
2024-05-20: 447
2024-05-31: 447
2024-06-03: 447
2024-05-13: 446

[all-extra-in-baostock-by-code]
sz.000001: 242
sz.000002: 242
sz.000004: 242
sz.000006: 242
sz.000007: 242
sz.000008: 242
sz.000009: 242
sz.000010: 242
sz.000011: 242
sz.000012: 242
sz.000014: 242
sz.000016: 242
sz.000017: 242
sz.000019: 242
sz.000020: 242
sz.000021: 242
sz.000025: 242
sz.000026: 242
sz.000027: 242
sz.000028: 242
sz.000029: 242
sz.000030: 242
sz.000031: 242
sz.000032: 242
sz.000034: 242
sz.000035: 242
sz.000036: 242
sz.000037: 242
sz.000039: 242
sz.000040: 242
sz.000042: 242
sz.000045: 242
sz.000048: 242
sz.000049: 242
sz.000050: 242
sz.000055: 242
sz.000056: 242
sz.000058: 242
sz.000059: 242
sz.000060: 242
sz.000061: 242
sz.000062: 242
sz.000063: 242
sz.000065: 242
sz.000066: 242
sz.000068: 242
sz.000069: 242
sz.000070: 242
sz.000078: 242
sz.000088: 242
sz.000089: 242
sz.000090: 242
sz.000096: 242
sz.000099: 242
sz.000100: 242
sz.000151: 242
sz.000153: 242
sz.000155: 242
sz.000156: 242
sz.000157: 242
sz.000158: 242
sz.000159: 242
sz.000166: 242
sz.000301: 242
sz.000333: 242
sz.000338: 242
sz.000400: 242
sz.000401: 242
sz.000402: 242
sz.000403: 242
sz.000404: 242
sz.000407: 242
sz.000408: 242
sz.000409: 242
sz.000410: 242
sz.000411: 242
sz.000415: 242
sz.000417: 242
sz.000419: 242
sz.000420: 242
sz.000421: 242
sz.000422: 242
sz.000423: 242
sz.000425: 242
sz.000426: 242
sz.000428: 242
sz.000429: 242
sz.000430: 242
sz.000488: 242
sz.000498: 242
sz.000501: 242
sz.000503: 242
sz.000504: 242
sz.000505: 242
sz.000506: 242
sz.000507: 242
sz.000509: 242
sz.000510: 242
sz.000513: 242
sz.000514: 242
sz.000516: 242
sz.000517: 242
sz.000518: 242
sz.000519: 242
sz.000520: 242
sz.000521: 242
sz.000523: 242
sz.000524: 242
sz.000525: 242
sz.000526: 242
sz.000528: 242
sz.000529: 242
sz.000530: 242
sz.000531: 242
sz.000532: 242
sz.000533: 242
sz.000534: 242
sz.000536: 242
sz.000537: 242
sz.000538: 242
sz.000539: 242
sz.000541: 242
sz.000543: 242
sz.000544: 242
sz.000545: 242
sz.000546: 242
sz.000547: 242
sz.000548: 242
sz.000550: 242
sz.000551: 242
sz.000552: 242
sz.000553: 242
sz.000554: 242
sz.000555: 242
sz.000557: 242
sz.000558: 242
sz.000559: 242
sz.000560: 242
sz.000561: 242
sz.000563: 242
sz.000564: 242
sz.000565: 242
sz.000566: 242
sz.000567: 242
sz.000568: 242
sz.000570: 242
sz.000571: 242
sz.000572: 242
sz.000573: 242
sz.000576: 242
sz.000581: 242
sz.000582: 242
sz.000584: 242
sz.000586: 242
sz.000589: 242
sz.000590: 242
sz.000591: 242
sz.000592: 242
sz.000593: 242
sz.000595: 242
sz.000596: 242
sz.000597: 242
sz.000598: 242
sz.000599: 242
sz.000600: 242
sz.000601: 242
sz.000603: 242
sz.000605: 242
sz.000607: 242
sz.000608: 242
sz.000609: 242
sz.000610: 242
sz.000612: 242
sz.000615: 242
sz.000617: 242
sz.000619: 242
sz.000620: 242
sz.000622: 242
sz.000623: 242
sz.000625: 242
sz.000626: 242
sz.000627: 242
sz.000628: 242
sz.000629: 242
sz.000630: 242
sz.000631: 242
sz.000632: 242
sz.000633: 242
sz.000635: 242
sz.000636: 242
sz.000637: 242
sz.000638: 242
sz.000639: 242
sz.000650: 242
sz.000651: 242
sz.000652: 242
sz.000655: 242
sz.000656: 242
sz.000657: 242
sz.000659: 242
sz.000661: 242
sz.000663: 242
sz.000665: 242
sz.000668: 242
sz.000669: 242
sz.000670: 242
sz.000672: 242
sz.000676: 242
sz.000677: 242
sz.000678: 242
sz.000679: 242
sz.000680: 242
sz.000681: 242
sz.000682: 242
sz.000683: 242
sz.000685: 242
sz.000686: 242
sz.000688: 242
sz.000690: 242
sz.000691: 242
sz.000692: 242
sz.000695: 242
sz.000697: 242
sz.000698: 242
sz.000700: 242
sz.000701: 242
sz.000702: 242
sz.000703: 242
sz.000705: 242
sz.000707: 242
sz.000708: 242
sz.000709: 242
sz.000710: 242
sz.000711: 242
sz.000712: 242
sz.000713: 242
sz.000715: 242
sz.000716: 242
sz.000717: 242
sz.000718: 242
sz.000719: 242
sz.000720: 242
sz.000721: 242
sz.000722: 242
sz.000723: 242
sz.000725: 242
sz.000726: 242
sz.000727: 242
sz.000728: 242
sz.000729: 242
sz.000731: 242
sz.000733: 242
sz.000735: 242
sz.000736: 242
sz.000737: 242
sz.000738: 242
sz.000739: 242
sz.000750: 242
sz.000751: 242
sz.000752: 242
sz.000753: 242
sz.000755: 242
sz.000756: 242
sz.000757: 242
sz.000758: 242
sz.000759: 242
sz.000761: 242
sz.000762: 242
sz.000766: 242
sz.000767: 242
sz.000768: 242
sz.000776: 242
sz.000777: 242
sz.000778: 242
sz.000779: 242
sz.000782: 242
sz.000783: 242
sz.000785: 242
sz.000786: 242
sz.000788: 242
sz.000789: 242
sz.000790: 242
sz.000791: 242
sz.000792: 242
sz.000793: 242
sz.000795: 242
sz.000796: 242
sz.000797: 242
sz.000798: 242
sz.000799: 242
sz.000800: 242
sz.000801: 242
sz.000802: 242
sz.000803: 242
sz.000807: 242
sz.000809: 242
sz.000810: 242
sz.000811: 242
sz.000812: 242
sz.000813: 242
sz.000815: 242
sz.000816: 242
sz.000818: 242
sz.000819: 242
sz.000820: 242
sz.000821: 242
sz.000822: 242
sz.000823: 242
sz.000825: 242
sz.000826: 242
sz.000828: 242
sz.000829: 242
sz.000830: 242
sz.000831: 242
sz.000833: 242
sz.000837: 242
sz.000838: 242
sz.000839: 242
sz.000848: 242
sz.000850: 242
sz.000851: 242
sz.000852: 242
sz.000856: 242
sz.000858: 242
sz.000859: 242
sz.000860: 242
sz.000862: 242
sz.000863: 242
sz.000868: 242
sz.000869: 242
sz.000875: 242
sz.000876: 242
sz.000877: 242
sz.000878: 242
sz.000880: 242
sz.000881: 242
sz.000882: 242
sz.000883: 242
sz.000885: 242
sz.000886: 242
sz.000887: 242
sz.000888: 242
sz.000889: 242
sz.000890: 242
sz.000892: 242
sz.000893: 242
sz.000895: 242
sz.000897: 242
sz.000898: 242
sz.000899: 242
sz.000900: 242
sz.000901: 242
sz.000902: 242
sz.000903: 242
sz.000905: 242
sz.000906: 242
sz.000908: 242
sz.000909: 242
sz.000910: 242
sz.000911: 242
sz.000912: 242
sz.000913: 242
sz.000915: 242
sz.000917: 242
sz.000919: 242
sz.000920: 242
sz.000921: 242
sz.000922: 242
sz.000923: 242
sz.000925: 242
sz.000926: 242
sz.000927: 242
sz.000928: 242
sz.000929: 242
sz.000930: 242
sz.000931: 242
sz.000932: 242
sz.000933: 242
sz.000935: 242
sz.000936: 242
sz.000937: 242
sz.000938: 242
sz.000948: 242
sz.000949: 242
sz.000950: 242
sz.000951: 242
sz.000952: 242
sz.000953: 242
sz.000955: 242
sz.000957: 242
sz.000958: 242
sz.000959: 242
sz.000960: 242
sz.000962: 242
sz.000963: 242
sz.000965: 242
sz.000966: 242
sz.000967: 242
sz.000968: 242
sz.000969: 242
sz.000970: 242
sz.000972: 242
sz.000973: 242
sz.000975: 242
sz.000977: 242
sz.000978: 242
sz.000980: 242
sz.000981: 242
sz.000983: 242
sz.000985: 242
sz.000987: 242
sz.000988: 242
sz.000989: 242
sz.000990: 242
sz.000993: 242
sz.000995: 242
sz.000997: 242
sz.000998: 242
sz.000999: 242
sz.000413: 185
sz.000861: 173
sz.000023: 163
sz.000976: 159
sz.000836: 148
sz.000982: 148
sz.000971: 135
sz.000961: 126
sz.000996: 117
sz.000416: 101
sz.000005: 76
sz.300495: 71
sz.002308: 69
sz.300799: 46
sh.600213: 44
sz.002505: 43
sz.002665: 43
sz.002610: 40
sz.002288: 39
sz.002341: 39
sz.300630: 39
sz.300742: 39
sh.600190: 38
sh.600289: 38
sh.600647: 38
sz.002280: 38
sz.002309: 38
sz.002621: 38
sz.002502: 37
sz.002656: 37
sz.300282: 37
sh.603603: 36
sz.002002: 36
sz.002325: 35
sh.600565: 34
sz.002435: 34
sz.300116: 31
sh.600297: 30
sz.002089: 30
sz.002433: 30
sh.600766: 28
sh.603133: 28
sz.000046: 27
sz.002699: 26
sh.603958: 25
sz.002087: 25
sz.002740: 25
sh.600306: 23
sh.600823: 22
sz.300262: 22
sh.600112: 20
sh.600220: 20
sh.600277: 20
sh.600321: 19
sh.600836: 19
sz.002776: 18
sh.600837: 17
sh.601211: 17
sh.603555: 16
sh.600250: 15
sh.600290: 11
sh.600027: 10
sh.600150: 10
sh.600157: 10
sh.600179: 10
sh.600225: 10
sh.600292: 10
sh.600322: 10
sh.600482: 10
sh.600575: 10
sh.600718: 10
sh.600725: 10
sh.600889: 10
sh.601107: 10
sh.601456: 10
sh.601989: 10
sh.603160: 10
sh.603196: 10
sh.603776: 10
sh.603922: 10
sh.688089: 10
sh.688115: 10
sh.688368: 10
sh.688535: 10
sz.002052: 10
sz.002208: 10
sz.002277: 10
sz.002693: 10
sz.002715: 10
sz.002736: 10
sz.002743: 10
sz.002761: 10
sz.002838: 10
sz.002873: 10
sz.300131: 10
sz.300277: 10
sz.300688: 10
sz.300765: 10
sh.600356: 9
sh.600479: 9
sh.603991: 9
sh.688143: 9
sh.688173: 9
sh.688622: 9
sh.603268: 8
sh.688175: 8
sh.688656: 8
sz.300473: 8
sh.603001: 7
sh.603031: 7
sh.688139: 7
sz.002252: 7
sz.002379: 7
sh.688132: 6
sh.600520: 5
sh.600584: 5
sh.603069: 5
sh.603088: 5
sh.603305: 5
sh.603356: 5
sh.603887: 5
sh.605077: 5
sh.688337: 5
sh.688550: 5
sz.002931: 5
sz.300103: 5
sz.300121: 5
sz.300420: 5
sz.300489: 5
sz.300641: 5
sh.600070: 4
sh.600777: 4
sh.600804: 4
sh.603389: 4
sh.603955: 4
sh.605028: 4
sh.688027: 4
sh.688085: 4
sz.002016: 4
sz.002047: 4
sz.002064: 4
sz.002995: 4
sz.300781: 4
sh.601298: 3
sh.603963: 3
sz.300135: 3
sh.600117: 2
sh.600165: 2
sh.600375: 2
sh.600421: 2
sh.600535: 2
sh.600715: 2
sh.600729: 2
sh.600759: 2
sh.603007: 2
sh.603030: 2
sh.603227: 2
sh.603300: 2
sh.603559: 2
sh.603819: 2
sh.603988: 2
sz.002217: 2
sz.002251: 2
sz.002263: 2
sz.002310: 2
sz.002494: 2
sz.002510: 2
sz.300209: 2
sz.300746: 2
sz.300807: 2
sh.600078: 1
sh.600083: 1
sh.600136: 1
sh.600234: 1
sh.600265: 1
sh.600282: 1
sh.600287: 1
sh.600331: 1
sh.600360: 1
sh.600381: 1
sh.600387: 1
sh.600396: 1
sh.600462: 1
sh.600518: 1
sh.600530: 1
sh.600543: 1
sh.600589: 1
sh.600603: 1
sh.600641: 1
sh.600654: 1
sh.600666: 1
sh.600671: 1
sh.600711: 1
sh.600734: 1
sh.600748: 1
sh.600831: 1
sh.600843: 1
sh.600847: 1
sh.600898: 1
sh.603003: 1
sh.603023: 1
sh.603050: 1
sh.603117: 1
sh.603223: 1
sh.603363: 1
sh.603377: 1
sh.603388: 1
sh.603608: 1
sh.603828: 1
sh.603869: 1
sh.603879: 1
sh.603880: 1
sh.603959: 1
sh.688272: 1
sh.688282: 1
sh.688287: 1
sh.688500: 1
sz.002021: 1
sz.002086: 1
sz.002092: 1
sz.002124: 1
sz.002141: 1
sz.002157: 1
sz.002168: 1
sz.002197: 1
sz.002316: 1
sz.002336: 1
sz.002377: 1
sz.002388: 1
sz.002424: 1
sz.002425: 1
sz.002482: 1
sz.002490: 1
sz.002528: 1
sz.002602: 1
sz.002650: 1
sz.002721: 1
sz.002748: 1
sz.002750: 1
sz.002800: 1
sz.002816: 1
sz.002822: 1
sz.002951: 1
sz.300010: 1
sz.300013: 1
sz.300020: 1
sz.300097: 1
sz.300108: 1
sz.300117: 1
sz.300125: 1
sz.300137: 1
sz.300163: 1
sz.300165: 1
sz.300167: 1
sz.300205: 1
sz.300208: 1
sz.300220: 1
sz.300268: 1
sz.300300: 1
sz.300313: 1
sz.300338: 1
sz.300368: 1
sz.300419: 1
sz.300427: 1
sz.300506: 1
sz.300536: 1
sz.300600: 1
sz.300859: 1
sz.300965: 1

[all-extra-in-baostock-by-date]
2024-04-30: 480
2024-04-29: 451
2024-06-25: 449
2024-06-04: 448
2024-06-27: 448
2024-06-28: 448
2024-05-20: 447
2024-05-31: 447
2024-06-03: 447
2024-05-08: 446
2024-05-13: 446
2024-05-27: 446
2024-05-29: 446
2024-05-09: 445
2024-05-10: 445
2024-05-21: 445
2024-05-28: 445
2024-05-30: 445
2024-07-03: 445
2024-08-01: 445
2024-08-05: 445
2024-05-06: 444
2024-05-07: 444
2024-05-14: 444
2024-05-16: 444
2024-05-17: 444
2024-05-22: 444
2024-05-23: 444
2024-05-24: 444
2024-06-24: 444
2024-06-26: 444
2024-07-08: 444
2024-06-05: 443
2024-06-07: 443
2024-06-11: 443
2024-06-20: 443
2024-06-21: 443
2024-07-02: 443
2024-07-05: 443
2024-08-02: 443
2024-08-06: 443
2024-04-26: 442
2024-05-15: 442
2024-07-01: 442
2024-07-09: 442
2024-08-07: 442
2024-06-12: 441
2024-06-19: 441
2024-07-04: 441
2024-07-10: 441
2024-07-22: 441
2024-07-23: 441
2024-07-24: 441
2024-07-25: 441
2024-07-29: 441
2024-07-31: 441
2024-06-06: 440
2024-06-13: 440
2024-07-11: 440
2024-07-17: 440
2024-07-18: 440
2024-07-19: 440
2024-07-26: 440
2024-07-30: 440
2024-08-08: 440
2024-08-09: 440
2024-01-12: 439
2024-06-14: 439
2024-06-17: 439
2024-06-18: 439
2024-08-12: 439
2024-01-15: 438
2024-07-12: 438
2024-01-16: 437
2024-01-24: 437
2024-07-15: 437
2024-07-16: 437
2024-01-11: 436
2024-01-17: 436
2024-01-19: 436
2024-01-22: 436
2024-01-23: 436
2024-01-25: 436
2024-02-05: 436
2024-02-26: 436
2024-02-28: 436
2024-02-29: 436
2024-03-01: 436
2024-03-04: 436
2024-03-18: 436
2024-08-13: 436
2024-08-14: 436
2024-01-02: 435
2024-01-03: 435
2024-01-04: 435
2024-01-05: 435
2024-01-08: 435
2024-01-09: 435
2024-01-10: 435
2024-01-18: 435
2024-01-26: 435
2024-01-30: 435
2024-02-02: 435
2024-02-06: 435
2024-02-07: 435
2024-02-23: 435
2024-02-27: 435
2024-03-05: 435
2024-03-06: 435
2024-03-07: 435
2024-03-08: 435
2024-03-11: 435
2024-03-15: 435
2024-03-20: 435
2024-03-21: 435
2024-03-22: 435
2024-03-25: 435
2024-04-25: 435
2024-08-15: 435
2024-01-29: 434
2024-01-31: 434
2024-02-01: 434
2024-02-08: 434
2024-02-19: 434
2024-02-20: 434
2024-02-21: 434
2024-02-22: 434
2024-03-12: 434
2024-03-13: 434
2024-03-14: 434
2024-03-19: 434
2024-04-22: 434
2024-04-24: 434
2024-09-09: 434
2024-09-10: 434
2024-09-18: 434
2024-10-30: 434
2024-10-31: 434
2024-03-26: 433
2024-03-29: 433
2024-04-19: 433
2024-04-23: 433
2024-08-16: 433
2024-08-19: 433
2024-08-23: 433
2024-09-04: 433
2024-09-05: 433
2024-12-25: 433
2024-12-30: 433
2024-03-28: 432
2024-04-18: 432
2024-09-02: 432
2024-09-03: 432
2024-09-06: 432
2024-10-29: 432
2024-11-01: 432
2024-11-11: 432
2024-11-18: 432
2024-03-27: 431
2024-04-03: 431
2024-04-15: 431
2024-04-16: 431
2024-04-17: 431
2024-08-22: 431
2024-08-26: 431
2024-08-27: 431
2024-08-28: 431
2024-08-29: 431
2024-08-30: 431
2024-09-11: 431
2024-09-12: 431
2024-09-13: 431
2024-10-28: 431
2024-11-04: 431
2024-11-12: 431
2024-11-13: 431
2024-12-27: 431
2024-04-01: 430
2024-04-02: 430
2024-04-08: 430
2024-04-09: 430
2024-04-10: 430
2024-04-11: 430
2024-04-12: 430
2024-08-20: 430
2024-08-21: 430
2024-09-20: 430
2024-11-14: 430
2024-11-15: 430
2024-11-19: 430
2024-11-28: 430
2024-12-09: 430
2024-12-13: 430
2024-12-19: 430
2024-12-24: 430
2024-12-26: 430
2024-12-31: 430
2024-09-19: 429
2024-10-08: 429
2024-10-09: 429
2024-11-07: 429
2024-12-17: 429
2024-12-18: 429
2024-12-23: 429
2024-09-23: 428
2024-10-11: 428
2024-10-25: 428
2024-11-05: 428
2024-11-08: 428
2024-11-21: 428
2024-11-25: 428
2024-11-27: 428
2024-12-04: 428
2024-12-06: 428
2024-12-10: 428
2024-12-11: 428
2024-12-12: 428
2024-09-24: 427
2024-09-30: 427
2024-10-10: 427
2024-10-23: 427
2024-10-24: 427
2024-11-06: 427
2024-11-20: 427
2024-11-22: 427
2024-11-26: 427
2024-12-02: 427
2024-12-03: 427
2024-12-16: 427
2024-12-20: 427
2024-10-14: 426
2024-10-15: 426
2024-11-29: 426
2024-12-05: 426
2024-09-25: 425
2024-09-26: 425
2024-09-27: 425
2024-10-16: 424
2024-10-22: 424
2024-10-17: 423
2024-10-18: 423
2024-10-21: 423

[full-master-supplement-field-ratios]
turn=0.748380
tradestatus=0.748380
peTTM=0.748380
pbMRQ=0.748380
psTTM=0.748380
pcfNcfTTM=0.748380
isST=0.748380

[status]
ISSUES
- baostock supplement 未覆盖全部 TDX date+code
- baostock supplement 含有 TDX base 不存在的 date+code
- full master 补字段非空率过低: turn, tradestatus, peTTM, pbMRQ, psTTM, pcfNcfTTM, isST