Full Master Reconcile Report: 2026

tdx_base=code\data\formal\master\tdx_full_master_base_2026.csv
baostock_fields=code\data\formal\master\baostock_fields\2026.csv
full_master=code\data\formal\master\full_master_2026.csv

[row-counts]
tdx_base_rows=298337
baostock_rows=269859
full_master_rows=298337

[stock-counts]
tdx_base_codes=5085
baostock_codes=4741
full_master_codes=5085

[date-ranges]
tdx_base=2026-01-05 -> 2026-04-03
baostock=2026-01-05 -> 2026-04-01
full_master=2026-01-05 -> 2026-04-03

[key-coverage]
tdx_keys=298337
baostock_keys=269859
full_master_keys=298337
tdx_minus_baostock=52636
baostock_minus_tdx=24158
full_minus_tdx=0
tdx_minus_full=0

[top-missing-from-baostock-by-code]
bj.920106: 59
bj.920122: 59
sz.301162: 59
sz.301152: 59
sz.301227: 59
sz.301287: 59
bj.920786: 59
sz.301509: 59
sz.301668: 59
bj.920357: 59

[top-missing-from-baostock-by-date]
2026-04-03: 5074
2026-04-02: 5073
2026-04-01: 757
2026-03-31: 756
2026-03-30: 755
2026-03-27: 754
2026-03-20: 753
2026-03-25: 753
2026-03-23: 753
2026-03-26: 753

[all-missing-from-baostock-by-code]
bj.920000: 59
bj.920001: 59
bj.920002: 59
bj.920003: 59
bj.920005: 59
bj.920006: 59
bj.920007: 59
bj.920008: 59
bj.920009: 59
bj.920010: 59
bj.920014: 59
bj.920015: 59
bj.920016: 59
bj.920017: 59
bj.920018: 59
bj.920019: 59
bj.920020: 59
bj.920021: 59
bj.920022: 59
bj.920023: 59
bj.920026: 59
bj.920027: 59
bj.920029: 59
bj.920030: 59
bj.920033: 59
bj.920035: 59
bj.920037: 59
bj.920039: 59
bj.920045: 59
bj.920046: 59
bj.920047: 59
bj.920056: 59
bj.920057: 59
bj.920058: 59
bj.920060: 59
bj.920061: 59
bj.920062: 59
bj.920066: 59
bj.920068: 59
bj.920075: 59
bj.920077: 59
bj.920080: 59
bj.920082: 59
bj.920087: 59
bj.920088: 59
bj.920089: 59
bj.920090: 59
bj.920091: 59
bj.920092: 59
bj.920098: 59
bj.920099: 59
bj.920100: 59
bj.920101: 59
bj.920106: 59
bj.920108: 59
bj.920110: 59
bj.920111: 59
bj.920112: 59
bj.920116: 59
bj.920118: 59
bj.920121: 59
bj.920122: 59
bj.920123: 59
bj.920124: 59
bj.920128: 59
bj.920130: 59
bj.920132: 59
bj.920139: 59
bj.920145: 59
bj.920146: 59
bj.920149: 59
bj.920152: 59
bj.920158: 59
bj.920160: 59
bj.920163: 59
bj.920167: 59
bj.920169: 59
bj.920171: 59
bj.920174: 59
bj.920175: 59
bj.920184: 59
bj.920185: 59
bj.920190: 59
bj.920195: 59
bj.920198: 59
bj.920199: 59
bj.920204: 59
bj.920207: 59
bj.920208: 59
bj.920212: 59
bj.920221: 59
bj.920223: 59
bj.920225: 59
bj.920227: 59
bj.920230: 59
bj.920237: 59
bj.920239: 59
bj.920242: 59
bj.920245: 59
bj.920247: 59
bj.920249: 59
bj.920252: 59
bj.920260: 59
bj.920261: 59
bj.920262: 59
bj.920263: 59
bj.920266: 59
bj.920267: 59
bj.920270: 59
bj.920271: 59
bj.920273: 59
bj.920274: 59
bj.920275: 59
bj.920278: 59
bj.920284: 59
bj.920299: 59
bj.920300: 59
bj.920304: 59
bj.920339: 59
bj.920344: 59
bj.920346: 59
bj.920351: 59
bj.920357: 59
bj.920363: 59
bj.920367: 59
bj.920368: 59
bj.920370: 59
bj.920371: 59
bj.920374: 59
bj.920375: 59
bj.920378: 59
bj.920392: 59
bj.920394: 59
bj.920395: 59
bj.920396: 59
bj.920402: 59
bj.920403: 59
bj.920405: 59
bj.920407: 59
bj.920414: 59
bj.920415: 59
bj.920418: 59
bj.920419: 59
bj.920422: 59
bj.920425: 59
bj.920427: 59
bj.920429: 59
bj.920433: 59
bj.920436: 59
bj.920438: 59
bj.920445: 59
bj.920454: 59
bj.920455: 59
bj.920469: 59
bj.920471: 59
bj.920475: 59
bj.920476: 59
bj.920478: 59
bj.920489: 59
bj.920491: 59
bj.920493: 59
bj.920496: 59
bj.920504: 59
bj.920505: 59
bj.920508: 59
bj.920509: 59
bj.920510: 59
bj.920519: 59
bj.920522: 59
bj.920523: 59
bj.920526: 59
bj.920527: 59
bj.920533: 59
bj.920541: 59
bj.920547: 59
bj.920553: 59
bj.920556: 59
bj.920564: 59
bj.920566: 59
bj.920570: 59
bj.920571: 59
bj.920575: 59
bj.920576: 59
bj.920578: 59
bj.920579: 59
bj.920580: 59
bj.920592: 59
bj.920593: 59
bj.920599: 59
bj.920608: 59
bj.920627: 59
bj.920634: 59
bj.920639: 59
bj.920640: 59
bj.920642: 59
bj.920651: 59
bj.920656: 59
bj.920662: 59
bj.920663: 59
bj.920665: 59
bj.920670: 59
bj.920675: 59
bj.920679: 59
bj.920682: 59
bj.920685: 59
bj.920689: 59
bj.920690: 59
bj.920693: 59
bj.920694: 59
bj.920699: 59
bj.920701: 59
bj.920703: 59
bj.920706: 59
bj.920717: 59
bj.920718: 59
bj.920719: 59
bj.920720: 59
bj.920725: 59
bj.920726: 59
bj.920729: 59
bj.920735: 59
bj.920748: 59
bj.920751: 59
bj.920753: 59
bj.920765: 59
bj.920768: 59
bj.920770: 59
bj.920779: 59
bj.920781: 59
bj.920786: 59
bj.920790: 59
bj.920792: 59
bj.920799: 59
bj.920802: 59
bj.920806: 59
bj.920807: 59
bj.920808: 59
bj.920809: 59
bj.920810: 59
bj.920819: 59
bj.920821: 59
bj.920826: 59
bj.920832: 59
bj.920833: 59
bj.920834: 59
bj.920837: 59
bj.920839: 59
bj.920855: 59
bj.920856: 59
bj.920857: 59
bj.920866: 59
bj.920870: 59
bj.920871: 59
bj.920873: 59
bj.920876: 59
bj.920879: 59
bj.920885: 59
bj.920892: 59
bj.920895: 59
bj.920896: 59
bj.920906: 59
bj.920914: 59
bj.920924: 59
bj.920925: 59
bj.920926: 59
bj.920931: 59
bj.920932: 59
bj.920942: 59
bj.920943: 59
bj.920946: 59
bj.920950: 59
bj.920953: 59
bj.920957: 59
bj.920961: 59
bj.920964: 59
bj.920970: 59
bj.920971: 59
bj.920974: 59
bj.920976: 59
bj.920978: 59
bj.920981: 59
bj.920982: 59
bj.920985: 59
bj.920992: 59
sz.301000: 59
sz.301001: 59
sz.301002: 59
sz.301003: 59
sz.301004: 59
sz.301005: 59
sz.301006: 59
sz.301007: 59
sz.301008: 59
sz.301009: 59
sz.301010: 59
sz.301011: 59
sz.301012: 59
sz.301013: 59
sz.301015: 59
sz.301016: 59
sz.301017: 59
sz.301018: 59
sz.301019: 59
sz.301020: 59
sz.301021: 59
sz.301022: 59
sz.301023: 59
sz.301024: 59
sz.301025: 59
sz.301026: 59
sz.301027: 59
sz.301028: 59
sz.301029: 59
sz.301030: 59
sz.301031: 59
sz.301032: 59
sz.301033: 59
sz.301035: 59
sz.301036: 59
sz.301037: 59
sz.301038: 59
sz.301039: 59
sz.301040: 59
sz.301041: 59
sz.301042: 59
sz.301043: 59
sz.301045: 59
sz.301046: 59
sz.301047: 59
sz.301048: 59
sz.301049: 59
sz.301050: 59
sz.301051: 59
sz.301052: 59
sz.301053: 59
sz.301055: 59
sz.301056: 59
sz.301058: 59
sz.301059: 59
sz.301060: 59
sz.301061: 59
sz.301062: 59
sz.301063: 59
sz.301065: 59
sz.301066: 59
sz.301067: 59
sz.301068: 59
sz.301069: 59
sz.301070: 59
sz.301071: 59
sz.301072: 59
sz.301073: 59
sz.301076: 59
sz.301077: 59
sz.301078: 59
sz.301079: 59
sz.301080: 59
sz.301081: 59
sz.301082: 59
sz.301083: 59
sz.301085: 59
sz.301086: 59
sz.301087: 59
sz.301088: 59
sz.301089: 59
sz.301090: 59
sz.301091: 59
sz.301092: 59
sz.301093: 59
sz.301095: 59
sz.301096: 59
sz.301097: 59
sz.301098: 59
sz.301099: 59
sz.301100: 59
sz.301101: 59
sz.301102: 59
sz.301103: 59
sz.301105: 59
sz.301106: 59
sz.301107: 59
sz.301108: 59
sz.301109: 59
sz.301110: 59
sz.301111: 59
sz.301112: 59
sz.301113: 59
sz.301115: 59
sz.301116: 59
sz.301117: 59
sz.301118: 59
sz.301119: 59
sz.301120: 59
sz.301121: 59
sz.301122: 59
sz.301123: 59
sz.301125: 59
sz.301126: 59
sz.301127: 59
sz.301128: 59
sz.301129: 59
sz.301130: 59
sz.301131: 59
sz.301132: 59
sz.301133: 59
sz.301135: 59
sz.301136: 59
sz.301137: 59
sz.301138: 59
sz.301139: 59
sz.301141: 59
sz.301148: 59
sz.301149: 59
sz.301150: 59
sz.301151: 59
sz.301152: 59
sz.301153: 59
sz.301155: 59
sz.301156: 59
sz.301157: 59
sz.301158: 59
sz.301159: 59
sz.301160: 59
sz.301161: 59
sz.301162: 59
sz.301163: 59
sz.301165: 59
sz.301166: 59
sz.301167: 59
sz.301168: 59
sz.301169: 59
sz.301170: 59
sz.301172: 59
sz.301173: 59
sz.301175: 59
sz.301176: 59
sz.301177: 59
sz.301178: 59
sz.301179: 59
sz.301180: 59
sz.301181: 59
sz.301182: 59
sz.301183: 59
sz.301185: 59
sz.301186: 59
sz.301187: 59
sz.301188: 59
sz.301189: 59
sz.301190: 59
sz.301191: 59
sz.301192: 59
sz.301193: 59
sz.301195: 59
sz.301196: 59
sz.301197: 59
sz.301198: 59
sz.301199: 59
sz.301200: 59
sz.301201: 59
sz.301202: 59
sz.301203: 59
sz.301205: 59
sz.301206: 59
sz.301207: 59
sz.301208: 59
sz.301209: 59
sz.301210: 59
sz.301211: 59
sz.301212: 59
sz.301215: 59
sz.301216: 59
sz.301217: 59
sz.301219: 59
sz.301220: 59
sz.301221: 59
sz.301222: 59
sz.301223: 59
sz.301225: 59
sz.301226: 59
sz.301227: 59
sz.301228: 59
sz.301229: 59
sz.301230: 59
sz.301231: 59
sz.301232: 59
sz.301233: 59
sz.301234: 59
sz.301235: 59
sz.301236: 59
sz.301237: 59
sz.301238: 59
sz.301239: 59
sz.301246: 59
sz.301248: 59
sz.301251: 59
sz.301252: 59
sz.301255: 59
sz.301256: 59
sz.301257: 59
sz.301258: 59
sz.301259: 59
sz.301260: 59
sz.301261: 59
sz.301262: 59
sz.301263: 59
sz.301265: 59
sz.301266: 59
sz.301267: 59
sz.301268: 59
sz.301269: 59
sz.301270: 59
sz.301272: 59
sz.301273: 59
sz.301275: 59
sz.301276: 59
sz.301277: 59
sz.301278: 59
sz.301279: 59
sz.301280: 59
sz.301281: 59
sz.301282: 59
sz.301283: 59
sz.301285: 59
sz.301286: 59
sz.301287: 59
sz.301288: 59
sz.301289: 59
sz.301290: 59
sz.301291: 59
sz.301292: 59
sz.301293: 59
sz.301295: 59
sz.301296: 59
sz.301297: 59
sz.301298: 59
sz.301299: 59
sz.301300: 59
sz.301301: 59
sz.301302: 59
sz.301303: 59
sz.301305: 59
sz.301306: 59
sz.301307: 59
sz.301308: 59
sz.301310: 59
sz.301311: 59
sz.301312: 59
sz.301313: 59
sz.301314: 59
sz.301315: 59
sz.301316: 59
sz.301317: 59
sz.301318: 59
sz.301319: 59
sz.301320: 59
sz.301321: 59
sz.301322: 59
sz.301323: 59
sz.301325: 59
sz.301326: 59
sz.301327: 59
sz.301328: 59
sz.301329: 59
sz.301330: 59
sz.301331: 59
sz.301332: 59
sz.301333: 59
sz.301335: 59
sz.301336: 59
sz.301337: 59
sz.301338: 59
sz.301339: 59
sz.301345: 59
sz.301348: 59
sz.301349: 59
sz.301353: 59
sz.301355: 59
sz.301356: 59
sz.301357: 59
sz.301358: 59
sz.301359: 59
sz.301360: 59
sz.301361: 59
sz.301363: 59
sz.301365: 59
sz.301366: 59
sz.301367: 59
sz.301368: 59
sz.301369: 59
sz.301370: 59
sz.301371: 59
sz.301372: 59
sz.301373: 59
sz.301376: 59
sz.301377: 59
sz.301378: 59
sz.301379: 59
sz.301380: 59
sz.301381: 59
sz.301382: 59
sz.301383: 59
sz.301386: 59
sz.301387: 59
sz.301388: 59
sz.301389: 59
sz.301390: 59
sz.301391: 59
sz.301392: 59
sz.301393: 59
sz.301395: 59
sz.301396: 59
sz.301397: 59
sz.301398: 59
sz.301399: 59
sz.301408: 59
sz.301413: 59
sz.301418: 59
sz.301419: 59
sz.301421: 59
sz.301428: 59
sz.301429: 59
sz.301439: 59
sz.301446: 59
sz.301448: 59
sz.301449: 59
sz.301456: 59
sz.301458: 59
sz.301459: 59
sz.301468: 59
sz.301469: 59
sz.301479: 59
sz.301486: 59
sz.301487: 59
sz.301488: 59
sz.301489: 59
sz.301491: 59
sz.301498: 59
sz.301499: 59
sz.301500: 59
sz.301501: 59
sz.301502: 59
sz.301503: 59
sz.301505: 59
sz.301507: 59
sz.301508: 59
sz.301509: 59
sz.301510: 59
sz.301511: 59
sz.301512: 59
sz.301515: 59
sz.301516: 59
sz.301517: 59
sz.301518: 59
sz.301519: 59
sz.301520: 59
sz.301522: 59
sz.301525: 59
sz.301526: 59
sz.301528: 59
sz.301529: 59
sz.301533: 59
sz.301535: 59
sz.301536: 59
sz.301538: 59
sz.301539: 59
sz.301548: 59
sz.301550: 59
sz.301551: 59
sz.301552: 59
sz.301555: 59
sz.301556: 59
sz.301557: 59
sz.301558: 59
sz.301559: 59
sz.301560: 59
sz.301563: 59
sz.301565: 59
sz.301566: 59
sz.301567: 59
sz.301568: 59
sz.301571: 59
sz.301575: 59
sz.301577: 59
sz.301578: 59
sz.301580: 59
sz.301581: 59
sz.301584: 59
sz.301585: 59
sz.301586: 59
sz.301587: 59
sz.301588: 59
sz.301589: 59
sz.301590: 59
sz.301591: 59
sz.301592: 59
sz.301595: 59
sz.301596: 59
sz.301598: 59
sz.301600: 59
sz.301601: 59
sz.301602: 59
sz.301603: 59
sz.301606: 59
sz.301607: 59
sz.301608: 59
sz.301609: 59
sz.301611: 59
sz.301613: 59
sz.301616: 59
sz.301617: 59
sz.301618: 59
sz.301622: 59
sz.301626: 59
sz.301628: 59
sz.301629: 59
sz.301630: 59
sz.301631: 59
sz.301632: 59
sz.301633: 59
sz.301636: 59
sz.301638: 59
sz.301656: 59
sz.301658: 59
sz.301662: 59
sz.301665: 59
sz.301667: 59
sz.301668: 59
sz.301678: 59
sz.301687: 59
sz.301075: 57
sz.301213: 57
sz.301171: 56
bj.920641: 55
bj.920179: 54
bj.920305: 54
sz.301057: 54
sz.301218: 54
bj.920086: 50
sz.301309: 50
sz.301362: 49
bj.920050: 47
bj.920076: 46
bj.920159: 42
bj.920119: 40
bj.920180: 33
bj.920166: 31
bj.920168: 27
bj.920183: 23
bj.920187: 22
sz.301680: 21
bj.920036: 20
bj.920078: 13
bj.920028: 11
sz.301682: 8
bj.920069: 6
bj.920188: 5
bj.920055: 4
sz.301683: 3
sh.600000: 2
sh.600004: 2
sh.600006: 2
sh.600007: 2
sh.600008: 2
sh.600009: 2
sh.600010: 2
sh.600011: 2
sh.600012: 2
sh.600015: 2
sh.600016: 2
sh.600017: 2
sh.600018: 2
sh.600019: 2
sh.600020: 2
sh.600021: 2
sh.600022: 2
sh.600023: 2
sh.600025: 2
sh.600026: 2
sh.600027: 2
sh.600028: 2
sh.600029: 2
sh.600030: 2
sh.600031: 2
sh.600032: 2
sh.600033: 2
sh.600035: 2
sh.600036: 2
sh.600037: 2
sh.600038: 2
sh.600039: 2
sh.600048: 2
sh.600050: 2
sh.600051: 2
sh.600052: 2
sh.600053: 2
sh.600054: 2
sh.600055: 2
sh.600056: 2
sh.600057: 2
sh.600058: 2
sh.600059: 2
sh.600060: 2
sh.600061: 2
sh.600062: 2
sh.600063: 2
sh.600064: 2
sh.600066: 2
sh.600067: 2
sh.600071: 2
sh.600072: 2
sh.600073: 2
sh.600075: 2
sh.600076: 2
sh.600078: 2
sh.600079: 2
sh.600080: 2
sh.600081: 2
sh.600082: 2
sh.600084: 2
sh.600085: 2
sh.600088: 2
sh.600089: 2
sh.600094: 2
sh.600095: 2
sh.600096: 2
sh.600097: 2
sh.600098: 2
sh.600099: 2
sh.600100: 2
sh.600101: 2
sh.600103: 2
sh.600104: 2
sh.600105: 2
sh.600106: 2
sh.600107: 2
sh.600108: 2
sh.600109: 2
sh.600110: 2
sh.600111: 2
sh.600113: 2
sh.600114: 2
sh.600115: 2
sh.600116: 2
sh.600117: 2
sh.600118: 2
sh.600119: 2
sh.600120: 2
sh.600121: 2
sh.600123: 2
sh.600125: 2
sh.600126: 2
sh.600127: 2
sh.600128: 2
sh.600129: 2
sh.600130: 2
sh.600131: 2
sh.600132: 2
sh.600133: 2
sh.600135: 2
sh.600136: 2
sh.600137: 2
sh.600138: 2
sh.600141: 2
sh.600143: 2
sh.600148: 2
sh.600149: 2
sh.600150: 2
sh.600151: 2
sh.600152: 2
sh.600153: 2
sh.600155: 2
sh.600156: 2
sh.600157: 2
sh.600158: 2
sh.600159: 2
sh.600160: 2
sh.600161: 2
sh.600162: 2
sh.600163: 2
sh.600165: 2
sh.600166: 2
sh.600167: 2
sh.600168: 2
sh.600169: 2
sh.600170: 2
sh.600171: 2
sh.600172: 2
sh.600173: 2
sh.600176: 2
sh.600177: 2
sh.600178: 2
sh.600179: 2
sh.600180: 2
sh.600182: 2
sh.600183: 2
sh.600184: 2
sh.600185: 2
sh.600186: 2
sh.600187: 2
sh.600188: 2
sh.600189: 2
sh.600191: 2
sh.600192: 2
sh.600193: 2
sh.600195: 2
sh.600196: 2
sh.600197: 2
sh.600198: 2
sh.600199: 2
sh.600201: 2
sh.600202: 2
sh.600203: 2
sh.600206: 2
sh.600207: 2
sh.600208: 2
sh.600210: 2
sh.600211: 2
sh.600212: 2
sh.600215: 2
sh.600216: 2
sh.600217: 2
sh.600218: 2
sh.600219: 2
sh.600221: 2
sh.600222: 2
sh.600223: 2
sh.600226: 2
sh.600227: 2
sh.600228: 2
sh.600229: 2
sh.600230: 2
sh.600231: 2
sh.600232: 2
sh.600233: 2
sh.600234: 2
sh.600235: 2
sh.600236: 2
sh.600237: 2
sh.600238: 2
sh.600239: 2
sh.600241: 2
sh.600243: 2
sh.600246: 2
sh.600248: 2
sh.600249: 2
sh.600250: 2
sh.600251: 2
sh.600252: 2
sh.600255: 2
sh.600256: 2
sh.600257: 2
sh.600258: 2
sh.600259: 2
sh.600261: 2
sh.600262: 2
sh.600265: 2
sh.600266: 2
sh.600267: 2
sh.600268: 2
sh.600269: 2
sh.600271: 2
sh.600272: 2
sh.600273: 2
sh.600276: 2
sh.600278: 2
sh.600279: 2
sh.600280: 2
sh.600281: 2
sh.600282: 2
sh.600283: 2
sh.600284: 2
sh.600285: 2
sh.600287: 2
sh.600288: 2
sh.600289: 2
sh.600292: 2
sh.600293: 2
sh.600295: 2
sh.600298: 2
sh.600299: 2
sh.600300: 2
sh.600301: 2
sh.600302: 2
sh.600303: 2
sh.600305: 2
sh.600307: 2
sh.600308: 2
sh.600309: 2
sh.600310: 2
sh.600312: 2
sh.600313: 2
sh.600315: 2
sh.600316: 2
sh.600318: 2
sh.600319: 2
sh.600320: 2
sh.600322: 2
sh.600323: 2
sh.600325: 2
sh.600326: 2
sh.600327: 2
sh.600328: 2
sh.600329: 2
sh.600330: 2
sh.600331: 2
sh.600332: 2
sh.600333: 2
sh.600335: 2
sh.600336: 2
sh.600337: 2
sh.600338: 2
sh.600339: 2
sh.600340: 2
sh.600343: 2
sh.600345: 2
sh.600346: 2
sh.600348: 2
sh.600350: 2
sh.600351: 2
sh.600352: 2
sh.600353: 2
sh.600354: 2
sh.600355: 2
sh.600356: 2
sh.600358: 2
sh.600359: 2
sh.600360: 2
sh.600361: 2
sh.600362: 2
sh.600363: 2
sh.600365: 2
sh.600366: 2
sh.600367: 2
sh.600368: 2
sh.600369: 2
sh.600370: 2
sh.600371: 2
sh.600372: 2
sh.600373: 2
sh.600375: 2
sh.600376: 2
sh.600377: 2
sh.600378: 2
sh.600379: 2
sh.600380: 2
sh.600381: 2
sh.600382: 2
sh.600383: 2
sh.600386: 2
sh.600388: 2
sh.600389: 2
sh.600390: 2
sh.600391: 2
sh.600392: 2
sh.600395: 2
sh.600396: 2
sh.600397: 2
sh.600398: 2
sh.600399: 2
sh.600400: 2
sh.600403: 2
sh.600405: 2
sh.600406: 2
sh.600408: 2
sh.600409: 2
sh.600410: 2
sh.600415: 2
sh.600416: 2
sh.600418: 2
sh.600419: 2
sh.600420: 2
sh.600421: 2
sh.600422: 2
sh.600423: 2
sh.600425: 2
sh.600426: 2
sh.600428: 2
sh.600429: 2
sh.600433: 2
sh.600435: 2
sh.600436: 2
sh.600438: 2
sh.600439: 2
sh.600444: 2
sh.600446: 2
sh.600448: 2
sh.600449: 2
sh.600452: 2
sh.600455: 2
sh.600456: 2
sh.600458: 2
sh.600459: 2
sh.600460: 2
sh.600461: 2
sh.600463: 2
sh.600467: 2
sh.600468: 2
sh.600469: 2
sh.600470: 2
sh.600475: 2
sh.600476: 2
sh.600477: 2
sh.600478: 2
sh.600479: 2
sh.600480: 2
sh.600481: 2
sh.600482: 2
sh.600483: 2
sh.600486: 2
sh.600487: 2
sh.600488: 2
sh.600489: 2
sh.600490: 2
sh.600491: 2
sh.600493: 2
sh.600495: 2
sh.600496: 2
sh.600497: 2
sh.600498: 2
sh.600499: 2
sh.600500: 2
sh.600501: 2
sh.600502: 2
sh.600503: 2
sh.600505: 2
sh.600506: 2
sh.600507: 2
sh.600508: 2
sh.600509: 2
sh.600510: 2
sh.600511: 2
sh.600512: 2
sh.600513: 2
sh.600515: 2
sh.600516: 2
sh.600517: 2
sh.600518: 2
sh.600519: 2
sh.600520: 2
sh.600521: 2
sh.600522: 2
sh.600523: 2
sh.600525: 2
sh.600526: 2
sh.600527: 2
sh.600528: 2
sh.600529: 2
sh.600530: 2
sh.600531: 2
sh.600533: 2
sh.600535: 2
sh.600536: 2
sh.600537: 2
sh.600538: 2
sh.600539: 2
sh.600540: 2
sh.600543: 2
sh.600545: 2
sh.600546: 2
sh.600547: 2
sh.600548: 2
sh.600549: 2
sh.600550: 2
sh.600551: 2
sh.600552: 2
sh.600556: 2
sh.600557: 2
sh.600558: 2
sh.600559: 2
sh.600560: 2
sh.600561: 2
sh.600562: 2
sh.600563: 2
sh.600566: 2
sh.600567: 2
sh.600568: 2
sh.600569: 2
sh.600570: 2
sh.600571: 2
sh.600572: 2
sh.600573: 2
sh.600575: 2
sh.600576: 2
sh.600577: 2
sh.600578: 2
sh.600579: 2
sh.600580: 2
sh.600581: 2
sh.600582: 2
sh.600583: 2
sh.600584: 2
sh.600585: 2
sh.600586: 2
sh.600587: 2
sh.600588: 2
sh.600589: 2
sh.600590: 2
sh.600592: 2
sh.600593: 2
sh.600594: 2
sh.600595: 2
sh.600596: 2
sh.600597: 2
sh.600598: 2
sh.600599: 2
sh.600600: 2
sh.600601: 2
sh.600602: 2
sh.600603: 2
sh.600604: 2
sh.600605: 2
sh.600606: 2
sh.600608: 2
sh.600609: 2
sh.600610: 2
sh.600611: 2
sh.600612: 2
sh.600613: 2
sh.600615: 2
sh.600616: 2
sh.600617: 2
sh.600618: 2
sh.600619: 2
sh.600620: 2
sh.600621: 2
sh.600622: 2
sh.600623: 2
sh.600624: 2
sh.600626: 2
sh.600628: 2
sh.600629: 2
sh.600630: 2
sh.600633: 2
sh.600635: 2
sh.600636: 2
sh.600637: 2
sh.600638: 2
sh.600639: 2
sh.600640: 2
sh.600641: 2
sh.600642: 2
sh.600643: 2
sh.600644: 2
sh.600645: 2
sh.600648: 2
sh.600649: 2
sh.600650: 2
sh.600651: 2
sh.600653: 2
sh.600654: 2
sh.600655: 2
sh.600657: 2
sh.600658: 2
sh.600660: 2
sh.600661: 2
sh.600662: 2
sh.600663: 2
sh.600664: 2
sh.600665: 2
sh.600666: 2
sh.600667: 2
sh.600668: 2
sh.600671: 2
sh.600673: 2
sh.600674: 2
sh.600675: 2
sh.600676: 2
sh.600678: 2
sh.600679: 2
sh.600681: 2
sh.600682: 2
sh.600683: 2
sh.600684: 2
sh.600685: 2
sh.600686: 2
sh.600688: 2
sh.600689: 2
sh.600690: 2
sh.600691: 2
sh.600692: 2
sh.600693: 2
sh.600694: 2
sh.600696: 2
sh.600697: 2
sh.600698: 2
sh.600699: 2
sh.600702: 2
sh.600703: 2
sh.600704: 2
sh.600706: 2
sh.600707: 2
sh.600708: 2
sh.600710: 2
sh.600711: 2
sh.600712: 2
sh.600713: 2
sh.600714: 2
sh.600715: 2
sh.600716: 2
sh.600717: 2
sh.600718: 2
sh.600719: 2
sh.600720: 2
sh.600722: 2
sh.600724: 2
sh.600725: 2
sh.600726: 2
sh.600727: 2
sh.600728: 2
sh.600729: 2
sh.600730: 2
sh.600731: 2
sh.600732: 2
sh.600733: 2
sh.600734: 2
sh.600736: 2
sh.600737: 2
sh.600738: 2
sh.600739: 2
sh.600740: 2
sh.600741: 2
sh.600742: 2
sh.600743: 2
sh.600744: 2
sh.600745: 2
sh.600746: 2
sh.600748: 2
sh.600749: 2
sh.600750: 2
sh.600751: 2
sh.600753: 2
sh.600754: 2
sh.600755: 2
sh.600756: 2
sh.600757: 2
sh.600758: 2
sh.600759: 2
sh.600760: 2
sh.600761: 2
sh.600763: 2
sh.600764: 2
sh.600765: 2
sh.600768: 2
sh.600769: 2
sh.600770: 2
sh.600771: 2
sh.600773: 2
sh.600774: 2
sh.600775: 2
sh.600776: 2
sh.600777: 2
sh.600778: 2
sh.600779: 2
sh.600780: 2
sh.600782: 2
sh.600783: 2
sh.600784: 2
sh.600785: 2
sh.600787: 2
sh.600789: 2
sh.600790: 2
sh.600791: 2
sh.600792: 2
sh.600793: 2
sh.600794: 2
sh.600795: 2
sh.600796: 2
sh.600797: 2
sh.600798: 2
sh.600800: 2
sh.600801: 2
sh.600802: 2
sh.600803: 2
sh.600805: 2
sh.600807: 2
sh.600808: 2
sh.600809: 2
sh.600810: 2
sh.600812: 2
sh.600814: 2
sh.600815: 2
sh.600816: 2
sh.600817: 2
sh.600818: 2
sh.600819: 2
sh.600820: 2
sh.600821: 2
sh.600822: 2
sh.600824: 2
sh.600825: 2
sh.600826: 2
sh.600827: 2
sh.600828: 2
sh.600829: 2
sh.600830: 2
sh.600831: 2
sh.600833: 2
sh.600834: 2
sh.600835: 2
sh.600838: 2
sh.600839: 2
sh.600841: 2
sh.600843: 2
sh.600844: 2
sh.600845: 2
sh.600846: 2
sh.600847: 2
sh.600848: 2
sh.600850: 2
sh.600851: 2
sh.600853: 2
sh.600854: 2
sh.600855: 2
sh.600857: 2
sh.600858: 2
sh.600859: 2
sh.600860: 2
sh.600861: 2
sh.600862: 2
sh.600863: 2
sh.600864: 2
sh.600865: 2
sh.600866: 2
sh.600867: 2
sh.600868: 2
sh.600869: 2
sh.600871: 2
sh.600872: 2
sh.600873: 2
sh.600874: 2
sh.600875: 2
sh.600876: 2
sh.600877: 2
sh.600879: 2
sh.600880: 2
sh.600881: 2
sh.600882: 2
sh.600883: 2
sh.600884: 2
sh.600885: 2
sh.600886: 2
sh.600887: 2
sh.600888: 2
sh.600889: 2
sh.600892: 2
sh.600893: 2
sh.600894: 2
sh.600895: 2
sh.600897: 2
sh.600900: 2
sh.600901: 2
sh.600903: 2
sh.600905: 2
sh.600906: 2
sh.600908: 2
sh.600909: 2
sh.600916: 2
sh.600917: 2
sh.600918: 2
sh.600919: 2
sh.600925: 2
sh.600926: 2
sh.600927: 2
sh.600928: 2
sh.600929: 2
sh.600930: 2
sh.600933: 2
sh.600935: 2
sh.600936: 2
sh.600938: 2
sh.600939: 2
sh.600941: 2
sh.600955: 2
sh.600956: 2
sh.600958: 2
sh.600959: 2
sh.600960: 2
sh.600961: 2
sh.600962: 2
sh.600963: 2
sh.600965: 2
sh.600966: 2
sh.600967: 2
sh.600968: 2
sh.600969: 2
sh.600970: 2
sh.600971: 2
sh.600973: 2
sh.600975: 2
sh.600976: 2
sh.600977: 2
sh.600979: 2
sh.600980: 2
sh.600981: 2
sh.600982: 2
sh.600983: 2
sh.600984: 2
sh.600985: 2
sh.600986: 2
sh.600987: 2
sh.600988: 2
sh.600989: 2
sh.600990: 2
sh.600992: 2
sh.600993: 2
sh.600995: 2
sh.600996: 2
sh.600997: 2
sh.600998: 2
sh.600999: 2
sh.601000: 2
sh.601001: 2
sh.601002: 2
sh.601003: 2
sh.601005: 2
sh.601006: 2
sh.601007: 2
sh.601008: 2
sh.601009: 2
sh.601010: 2
sh.601011: 2
sh.601012: 2
sh.601015: 2
sh.601016: 2
sh.601018: 2
sh.601019: 2
sh.601021: 2
sh.601022: 2
sh.601026: 2
sh.601033: 2
sh.601038: 2
sh.601058: 2
sh.601059: 2
sh.601061: 2
sh.601065: 2
sh.601066: 2
sh.601068: 2
sh.601069: 2
sh.601077: 2
sh.601083: 2
sh.601086: 2
sh.601088: 2
sh.601089: 2
sh.601096: 2
sh.601098: 2
sh.601099: 2
sh.601100: 2
sh.601101: 2
sh.601106: 2
sh.601107: 2
sh.601108: 2
sh.601111: 2
sh.601112: 2
sh.601113: 2
sh.601116: 2
sh.601117: 2
sh.601118: 2
sh.601121: 2
sh.601126: 2
sh.601127: 2
sh.601128: 2
sh.601133: 2
sh.601136: 2
sh.601137: 2
sh.601138: 2
sh.601139: 2
sh.601155: 2
sh.601156: 2
sh.601158: 2
sh.601162: 2
sh.601163: 2
sh.601166: 2
sh.601168: 2
sh.601169: 2
sh.601177: 2
sh.601179: 2
sh.601186: 2
sh.601187: 2
sh.601188: 2
sh.601198: 2
sh.601199: 2
sh.601200: 2
sh.601208: 2
sh.601211: 2
sh.601212: 2
sh.601216: 2
sh.601218: 2
sh.601222: 2
sh.601225: 2
sh.601226: 2
sh.601228: 2
sh.601229: 2
sh.601231: 2
sh.601233: 2
sh.601236: 2
sh.601238: 2
sh.601279: 2
sh.601288: 2
sh.601298: 2
sh.601311: 2
sh.601318: 2
sh.601319: 2
sh.601326: 2
sh.601328: 2
sh.601330: 2
sh.601333: 2
sh.601336: 2
sh.601339: 2
sh.601360: 2
sh.601366: 2
sh.601368: 2
sh.601369: 2
sh.601375: 2
sh.601377: 2
sh.601388: 2
sh.601390: 2
sh.601398: 2
sh.601399: 2
sh.601456: 2
sh.601500: 2
sh.601512: 2
sh.601515: 2
sh.601518: 2
sh.601519: 2
sh.601528: 2
sh.601555: 2
sh.601566: 2
sh.601567: 2
sh.601568: 2
sh.601577: 2
sh.601579: 2
sh.601588: 2
sh.601595: 2
sh.601598: 2
sh.601599: 2
sh.601600: 2
sh.601601: 2
sh.601606: 2
sh.601607: 2
sh.601608: 2
sh.601609: 2
sh.601611: 2
sh.601615: 2
sh.601616: 2
sh.601618: 2
sh.601619: 2
sh.601628: 2
sh.601633: 2
sh.601636: 2
sh.601658: 2
sh.601665: 2
sh.601666: 2
sh.601668: 2
sh.601669: 2
sh.601677: 2
sh.601678: 2
sh.601686: 2
sh.601688: 2
sh.601689: 2
sh.601696: 2
sh.601698: 2
sh.601699: 2
sh.601700: 2
sh.601702: 2
sh.601717: 2
sh.601718: 2
sh.601727: 2
sh.601728: 2
sh.601766: 2
sh.601777: 2
sh.601778: 2
sh.601788: 2
sh.601789: 2
sh.601798: 2
sh.601799: 2
sh.601800: 2
sh.601801: 2
sh.601808: 2
sh.601811: 2
sh.601816: 2
sh.601818: 2
sh.601825: 2
sh.601827: 2
sh.601828: 2
sh.601838: 2
sh.601857: 2
sh.601858: 2
sh.601860: 2
sh.601865: 2
sh.601866: 2
sh.601868: 2
sh.601869: 2
sh.601872: 2
sh.601877: 2
sh.601878: 2
sh.601880: 2
sh.601881: 2
sh.601882: 2
sh.601886: 2
sh.601888: 2
sh.601890: 2
sh.601898: 2
sh.601899: 2
sh.601900: 2
sh.601901: 2
sh.601908: 2
sh.601916: 2
sh.601918: 2
sh.601919: 2
sh.601921: 2
sh.601928: 2
sh.601929: 2
sh.601933: 2
sh.601939: 2
sh.601949: 2
sh.601952: 2
sh.601956: 2
sh.601958: 2
sh.601963: 2
sh.601965: 2
sh.601966: 2
sh.601968: 2
sh.601969: 2
sh.601975: 2
sh.601985: 2
sh.601988: 2
sh.601990: 2
sh.601991: 2
sh.601992: 2
sh.601995: 2
sh.601996: 2
sh.601997: 2
sh.601998: 2
sh.601999: 2
sh.603000: 2
sh.603001: 2
sh.603002: 2
sh.603004: 2
sh.603005: 2
sh.603006: 2
sh.603007: 2
sh.603008: 2
sh.603009: 2
sh.603010: 2
sh.603011: 2
sh.603012: 2
sh.603013: 2
sh.603014: 2
sh.603015: 2
sh.603016: 2
sh.603017: 2
sh.603018: 2
sh.603019: 2
sh.603020: 2
sh.603021: 2
sh.603022: 2
sh.603023: 2
sh.603025: 2
sh.603026: 2
sh.603027: 2
sh.603028: 2
sh.603029: 2
sh.603030: 2
sh.603031: 2
sh.603032: 2
sh.603033: 2
sh.603035: 2
sh.603036: 2
sh.603037: 2
sh.603038: 2
sh.603039: 2
sh.603040: 2
sh.603041: 2
sh.603042: 2
sh.603043: 2
sh.603045: 2
sh.603048: 2
sh.603049: 2
sh.603050: 2
sh.603051: 2
sh.603052: 2
sh.603053: 2
sh.603055: 2
sh.603057: 2
sh.603058: 2
sh.603059: 2
sh.603060: 2
sh.603061: 2
sh.603062: 2
sh.603063: 2
sh.603065: 2
sh.603066: 2
sh.603067: 2
sh.603068: 2
sh.603069: 2
sh.603070: 2
sh.603071: 2
sh.603072: 2
sh.603073: 2
sh.603075: 2
sh.603076: 2
sh.603077: 2
sh.603078: 2
sh.603079: 2
sh.603080: 2
sh.603081: 2
sh.603082: 2
sh.603083: 2
sh.603085: 2
sh.603086: 2
sh.603087: 2
sh.603088: 2
sh.603089: 2
sh.603090: 2
sh.603091: 2
sh.603092: 2
sh.603093: 2
sh.603095: 2
sh.603096: 2
sh.603097: 2
sh.603098: 2
sh.603099: 2
sh.603100: 2
sh.603101: 2
sh.603102: 2
sh.603103: 2
sh.603105: 2
sh.603106: 2
sh.603107: 2
sh.603108: 2
sh.603109: 2
sh.603110: 2
sh.603111: 2
sh.603112: 2
sh.603113: 2
sh.603115: 2
sh.603116: 2
sh.603117: 2
sh.603118: 2
sh.603119: 2
sh.603120: 2
sh.603121: 2
sh.603122: 2
sh.603123: 2
sh.603124: 2
sh.603125: 2
sh.603126: 2
sh.603127: 2
sh.603128: 2
sh.603129: 2
sh.603130: 2
sh.603131: 2
sh.603132: 2
sh.603135: 2
sh.603136: 2
sh.603137: 2
sh.603138: 2
sh.603139: 2
sh.603150: 2
sh.603151: 2
sh.603153: 2
sh.603155: 2
sh.603156: 2
sh.603158: 2
sh.603159: 2
sh.603160: 2
sh.603161: 2
sh.603162: 2
sh.603163: 2
sh.603165: 2
sh.603166: 2
sh.603167: 2
sh.603168: 2
sh.603169: 2
sh.603170: 2
sh.603171: 2
sh.603172: 2
sh.603173: 2
sh.603175: 2
sh.603176: 2
sh.603177: 2
sh.603178: 2
sh.603179: 2
sh.603180: 2
sh.603181: 2
sh.603183: 2
sh.603185: 2
sh.603186: 2
sh.603187: 2
sh.603188: 2
sh.603189: 2
sh.603190: 2
sh.603191: 2
sh.603192: 2
sh.603193: 2
sh.603194: 2
sh.603195: 2
sh.603196: 2
sh.603197: 2
sh.603198: 2
sh.603199: 2
sh.603200: 2
sh.603201: 2
sh.603202: 2
sh.603203: 2
sh.603205: 2
sh.603206: 2
sh.603207: 2
sh.603208: 2
sh.603209: 2
sh.603210: 2
sh.603211: 2
sh.603212: 2
sh.603213: 2
sh.603214: 2
sh.603215: 2
sh.603216: 2
sh.603217: 2
sh.603218: 2
sh.603219: 2
sh.603220: 2
sh.603221: 2
sh.603222: 2
sh.603223: 2
sh.603225: 2
sh.603226: 2
sh.603227: 2
sh.603228: 2
sh.603229: 2
sh.603230: 2
sh.603231: 2
sh.603232: 2
sh.603233: 2
sh.603235: 2
sh.603236: 2
sh.603237: 2
sh.603238: 2
sh.603239: 2
sh.603248: 2
sh.603255: 2
sh.603256: 2
sh.603257: 2
sh.603258: 2
sh.603259: 2
sh.603260: 2
sh.603261: 2
sh.603262: 2
sh.603266: 2
sh.603267: 2
sh.603268: 2
sh.603269: 2
sh.603270: 2
sh.603271: 2
sh.603272: 2
sh.603273: 2
sh.603275: 2
sh.603276: 2
sh.603277: 2
sh.603278: 2
sh.603279: 2
sh.603280: 2
sh.603281: 2
sh.603282: 2
sh.603283: 2
sh.603284: 2
sh.603285: 2
sh.603286: 2
sh.603288: 2
sh.603289: 2
sh.603290: 2
sh.603291: 2
sh.603296: 2
sh.603297: 2
sh.603298: 2
sh.603299: 2
sh.603300: 2
sh.603301: 2
sh.603303: 2
sh.603305: 2
sh.603306: 2
sh.603307: 2
sh.603308: 2
sh.603309: 2
sh.603310: 2
sh.603311: 2
sh.603312: 2
sh.603313: 2
sh.603315: 2
sh.603316: 2
sh.603317: 2
sh.603318: 2
sh.603319: 2
sh.603320: 2
sh.603321: 2
sh.603322: 2
sh.603323: 2
sh.603324: 2
sh.603325: 2
sh.603326: 2
sh.603327: 2
sh.603328: 2
sh.603329: 2
sh.603330: 2
sh.603331: 2
sh.603332: 2
sh.603333: 2
sh.603334: 2
sh.603335: 2
sh.603336: 2
sh.603337: 2
sh.603338: 2
sh.603339: 2
sh.603341: 2
sh.603344: 2
sh.603345: 2
sh.603348: 2
sh.603350: 2
sh.603351: 2
sh.603352: 2
sh.603353: 2
sh.603355: 2
sh.603356: 2
sh.603357: 2
sh.603358: 2
sh.603359: 2
sh.603360: 2
sh.603363: 2
sh.603365: 2
sh.603366: 2
sh.603367: 2
sh.603368: 2
sh.603369: 2
sh.603370: 2
sh.603373: 2
sh.603375: 2
sh.603376: 2
sh.603377: 2
sh.603378: 2
sh.603379: 2
sh.603380: 2
sh.603381: 2
sh.603382: 2
sh.603383: 2
sh.603385: 2
sh.603386: 2
sh.603387: 2
sh.603389: 2
sh.603390: 2
sh.603391: 2
sh.603392: 2
sh.603393: 2
sh.603395: 2
sh.603396: 2
sh.603398: 2
sh.603399: 2
sh.603400: 2
sh.603402: 2
sh.603406: 2
sh.603408: 2
sh.603409: 2
sh.603416: 2
sh.603418: 2
sh.603421: 2
sh.603429: 2
sh.603439: 2
sh.603444: 2
sh.603456: 2
sh.603458: 2
sh.603466: 2
sh.603477: 2
sh.603486: 2
sh.603488: 2
sh.603489: 2
sh.603496: 2
sh.603499: 2
sh.603500: 2
sh.603501: 2
sh.603505: 2
sh.603506: 2
sh.603507: 2
sh.603508: 2
sh.603511: 2
sh.603515: 2
sh.603516: 2
sh.603517: 2
sh.603518: 2
sh.603519: 2
sh.603520: 2
sh.603527: 2
sh.603528: 2
sh.603529: 2
sh.603530: 2
sh.603533: 2
sh.603535: 2
sh.603536: 2
sh.603538: 2
sh.603551: 2
sh.603556: 2
sh.603557: 2
sh.603558: 2
sh.603559: 2
sh.603565: 2
sh.603566: 2
sh.603567: 2
sh.603568: 2
sh.603569: 2
sh.603577: 2
sh.603578: 2
sh.603579: 2
sh.603580: 2
sh.603583: 2
sh.603585: 2
sh.603586: 2
sh.603587: 2
sh.603588: 2
sh.603589: 2
sh.603590: 2
sh.603595: 2
sh.603596: 2
sh.603598: 2
sh.603599: 2
sh.603600: 2
sh.603601: 2
sh.603602: 2
sh.603605: 2
sh.603606: 2
sh.603607: 2
sh.603608: 2
sh.603609: 2
sh.603610: 2
sh.603611: 2
sh.603612: 2
sh.603613: 2
sh.603615: 2
sh.603616: 2
sh.603617: 2
sh.603618: 2
sh.603619: 2
sh.603626: 2
sh.603628: 2
sh.603629: 2
sh.603630: 2
sh.603633: 2
sh.603636: 2
sh.603637: 2
sh.603638: 2
sh.603639: 2
sh.603648: 2
sh.603650: 2
sh.603655: 2
sh.603656: 2
sh.603657: 2
sh.603658: 2
sh.603659: 2
sh.603660: 2
sh.603661: 2
sh.603662: 2
sh.603663: 2
sh.603665: 2
sh.603666: 2
sh.603667: 2
sh.603668: 2
sh.603669: 2
sh.603676: 2
sh.603677: 2
sh.603678: 2
sh.603679: 2
sh.603680: 2
sh.603681: 2
sh.603682: 2
sh.603683: 2
sh.603685: 2
sh.603686: 2
sh.603687: 2
sh.603688: 2
sh.603689: 2
sh.603690: 2
sh.603693: 2
sh.603696: 2
sh.603697: 2
sh.603698: 2
sh.603699: 2
sh.603700: 2
sh.603701: 2
sh.603703: 2
sh.603706: 2
sh.603707: 2
sh.603708: 2
sh.603709: 2
sh.603711: 2
sh.603712: 2
sh.603713: 2
sh.603716: 2
sh.603717: 2
sh.603718: 2
sh.603719: 2
sh.603721: 2
sh.603722: 2
sh.603725: 2
sh.603726: 2
sh.603727: 2
sh.603728: 2
sh.603729: 2
sh.603730: 2
sh.603733: 2
sh.603737: 2
sh.603738: 2
sh.603739: 2
sh.603755: 2
sh.603757: 2
sh.603758: 2
sh.603759: 2
sh.603766: 2
sh.603767: 2
sh.603768: 2
sh.603773: 2
sh.603776: 2
sh.603777: 2
sh.603778: 2
sh.603779: 2
sh.603786: 2
sh.603787: 2
sh.603788: 2
sh.603789: 2
sh.603790: 2
sh.603797: 2
sh.603798: 2
sh.603799: 2
sh.603800: 2
sh.603801: 2
sh.603803: 2
sh.603806: 2
sh.603808: 2
sh.603809: 2
sh.603810: 2
sh.603811: 2
sh.603813: 2
sh.603815: 2
sh.603816: 2
sh.603817: 2
sh.603818: 2
sh.603819: 2
sh.603822: 2
sh.603823: 2
sh.603825: 2
sh.603826: 2
sh.603828: 2
sh.603829: 2
sh.603833: 2
sh.603836: 2
sh.603838: 2
sh.603839: 2
sh.603848: 2
sh.603855: 2
sh.603856: 2
sh.603858: 2
sh.603859: 2
sh.603860: 2
sh.603861: 2
sh.603863: 2
sh.603866: 2
sh.603867: 2
sh.603868: 2
sh.603869: 2
sh.603871: 2
sh.603876: 2
sh.603877: 2
sh.603878: 2
sh.603879: 2
sh.603880: 2
sh.603881: 2
sh.603882: 2
sh.603883: 2
sh.603885: 2
sh.603886: 2
sh.603887: 2
sh.603888: 2
sh.603889: 2
sh.603890: 2
sh.603893: 2
sh.603895: 2
sh.603896: 2
sh.603897: 2
sh.603898: 2
sh.603899: 2
sh.603900: 2
sh.603901: 2
sh.603903: 2
sh.603906: 2
sh.603908: 2
sh.603909: 2
sh.603912: 2
sh.603915: 2
sh.603916: 2
sh.603917: 2
sh.603918: 2
sh.603919: 2
sh.603920: 2
sh.603922: 2
sh.603926: 2
sh.603927: 2
sh.603928: 2
sh.603929: 2
sh.603931: 2
sh.603936: 2
sh.603937: 2
sh.603938: 2
sh.603939: 2
sh.603948: 2
sh.603949: 2
sh.603955: 2
sh.603956: 2
sh.603958: 2
sh.603959: 2
sh.603960: 2
sh.603966: 2
sh.603967: 2
sh.603968: 2
sh.603969: 2
sh.603970: 2
sh.603976: 2
sh.603977: 2
sh.603978: 2
sh.603979: 2
sh.603980: 2
sh.603982: 2
sh.603983: 2
sh.603985: 2
sh.603986: 2
sh.603987: 2
sh.603988: 2
sh.603989: 2
sh.603990: 2
sh.603991: 2
sh.603992: 2
sh.603993: 2
sh.603995: 2
sh.603997: 2
sh.603998: 2
sh.603999: 2
sh.605001: 2
sh.605003: 2
sh.605005: 2
sh.605006: 2
sh.605007: 2
sh.605008: 2
sh.605009: 2
sh.605011: 2
sh.605016: 2
sh.605018: 2
sh.605020: 2
sh.605028: 2
sh.605033: 2
sh.605050: 2
sh.605055: 2
sh.605056: 2
sh.605058: 2
sh.605060: 2
sh.605066: 2
sh.605068: 2
sh.605069: 2
sh.605077: 2
sh.605080: 2
sh.605081: 2
sh.605086: 2
sh.605088: 2
sh.605089: 2
sh.605090: 2
sh.605098: 2
sh.605099: 2
sh.605100: 2
sh.605108: 2
sh.605111: 2
sh.605116: 2
sh.605117: 2
sh.605118: 2
sh.605122: 2
sh.605123: 2
sh.605128: 2
sh.605133: 2
sh.605136: 2
sh.605138: 2
sh.605151: 2
sh.605155: 2
sh.605158: 2
sh.605162: 2
sh.605166: 2
sh.605167: 2
sh.605168: 2
sh.605169: 2
sh.605177: 2
sh.605178: 2
sh.605179: 2
sh.605180: 2
sh.605183: 2
sh.605186: 2
sh.605188: 2
sh.605189: 2
sh.605196: 2
sh.605198: 2
sh.605199: 2
sh.605208: 2
sh.605218: 2
sh.605222: 2
sh.605228: 2
sh.605255: 2
sh.605258: 2
sh.605259: 2
sh.605266: 2
sh.605268: 2
sh.605277: 2
sh.605286: 2
sh.605287: 2
sh.605288: 2
sh.605289: 2
sh.605296: 2
sh.605298: 2
sh.605299: 2
sh.605300: 2
sh.605303: 2
sh.605305: 2
sh.605318: 2
sh.605319: 2
sh.605333: 2
sh.605336: 2
sh.605337: 2
sh.605338: 2
sh.605339: 2
sh.605358: 2
sh.605365: 2
sh.605366: 2
sh.605368: 2
sh.605369: 2
sh.605376: 2
sh.605377: 2
sh.605378: 2
sh.605388: 2
sh.605389: 2
sh.605398: 2
sh.605399: 2
sh.605488: 2
sh.605499: 2
sh.605500: 2
sh.605507: 2
sh.605555: 2
sh.605566: 2
sh.605567: 2
sh.605577: 2
sh.605580: 2
sh.605588: 2
sh.605589: 2
sh.605598: 2
sh.605599: 2
sh.688001: 2
sh.688002: 2
sh.688003: 2
sh.688004: 2
sh.688005: 2
sh.688006: 2
sh.688007: 2
sh.688008: 2
sh.688009: 2
sh.688010: 2
sh.688011: 2
sh.688012: 2
sh.688013: 2
sh.688015: 2
sh.688016: 2
sh.688017: 2
sh.688018: 2
sh.688019: 2
sh.688020: 2
sh.688021: 2
sh.688022: 2
sh.688023: 2
sh.688025: 2
sh.688026: 2
sh.688027: 2
sh.688028: 2
sh.688029: 2
sh.688030: 2
sh.688031: 2
sh.688032: 2
sh.688033: 2
sh.688035: 2
sh.688036: 2
sh.688037: 2
sh.688038: 2
sh.688039: 2
sh.688041: 2
sh.688045: 2
sh.688046: 2
sh.688047: 2
sh.688048: 2
sh.688049: 2
sh.688050: 2
sh.688051: 2
sh.688052: 2
sh.688053: 2
sh.688055: 2
sh.688056: 2
sh.688057: 2
sh.688058: 2
sh.688059: 2
sh.688060: 2
sh.688061: 2
sh.688062: 2
sh.688063: 2
sh.688065: 2
sh.688066: 2
sh.688067: 2
sh.688068: 2
sh.688069: 2
sh.688070: 2
sh.688071: 2
sh.688072: 2
sh.688073: 2
sh.688075: 2
sh.688076: 2
sh.688077: 2
sh.688078: 2
sh.688079: 2
sh.688080: 2
sh.688081: 2
sh.688082: 2
sh.688083: 2
sh.688084: 2
sh.688085: 2
sh.688087: 2
sh.688088: 2
sh.688089: 2
sh.688090: 2
sh.688091: 2
sh.688092: 2
sh.688093: 2
sh.688095: 2
sh.688096: 2
sh.688097: 2
sh.688098: 2
sh.688099: 2
sh.688100: 2
sh.688101: 2
sh.688102: 2
sh.688103: 2
sh.688105: 2
sh.688106: 2
sh.688107: 2
sh.688108: 2
sh.688109: 2
sh.688110: 2
sh.688111: 2
sh.688112: 2
sh.688113: 2
sh.688114: 2
sh.688115: 2
sh.688116: 2
sh.688117: 2
sh.688118: 2
sh.688119: 2
sh.688120: 2
sh.688121: 2
sh.688122: 2
sh.688123: 2
sh.688125: 2
sh.688126: 2
sh.688127: 2
sh.688128: 2
sh.688129: 2
sh.688130: 2
sh.688131: 2
sh.688132: 2
sh.688133: 2
sh.688135: 2
sh.688136: 2
sh.688137: 2
sh.688138: 2
sh.688139: 2
sh.688141: 2
sh.688143: 2
sh.688146: 2
sh.688147: 2
sh.688148: 2
sh.688150: 2
sh.688151: 2
sh.688152: 2
sh.688153: 2
sh.688155: 2
sh.688156: 2
sh.688157: 2
sh.688158: 2
sh.688159: 2
sh.688160: 2
sh.688161: 2
sh.688162: 2
sh.688163: 2
sh.688165: 2
sh.688166: 2
sh.688167: 2
sh.688168: 2
sh.688169: 2
sh.688170: 2
sh.688171: 2
sh.688172: 2
sh.688173: 2
sh.688175: 2
sh.688176: 2
sh.688177: 2
sh.688178: 2
sh.688179: 2
sh.688180: 2
sh.688181: 2
sh.688182: 2
sh.688183: 2
sh.688184: 2
sh.688185: 2
sh.688186: 2
sh.688187: 2
sh.688188: 2
sh.688189: 2
sh.688190: 2
sh.688191: 2
sh.688192: 2
sh.688193: 2
sh.688195: 2
sh.688196: 2
sh.688197: 2
sh.688198: 2
sh.688199: 2
sh.688200: 2
sh.688201: 2
sh.688202: 2
sh.688203: 2
sh.688205: 2
sh.688206: 2
sh.688207: 2
sh.688208: 2
sh.688209: 2
sh.688210: 2
sh.688211: 2
sh.688212: 2
sh.688213: 2
sh.688215: 2
sh.688216: 2
sh.688217: 2
sh.688218: 2
sh.688219: 2
sh.688220: 2
sh.688221: 2
sh.688222: 2
sh.688223: 2
sh.688225: 2
sh.688226: 2
sh.688227: 2
sh.688228: 2
sh.688229: 2
sh.688230: 2
sh.688231: 2
sh.688232: 2
sh.688233: 2
sh.688234: 2
sh.688235: 2
sh.688236: 2
sh.688237: 2
sh.688238: 2
sh.688239: 2
sh.688244: 2
sh.688246: 2
sh.688247: 2
sh.688248: 2
sh.688249: 2
sh.688251: 2
sh.688252: 2
sh.688253: 2
sh.688255: 2
sh.688256: 2
sh.688257: 2
sh.688258: 2
sh.688259: 2
sh.688260: 2
sh.688261: 2
sh.688262: 2
sh.688265: 2
sh.688266: 2
sh.688267: 2
sh.688268: 2
sh.688269: 2
sh.688270: 2
sh.688271: 2
sh.688272: 2
sh.688273: 2
sh.688275: 2
sh.688276: 2
sh.688277: 2
sh.688278: 2
sh.688279: 2
sh.688280: 2
sh.688281: 2
sh.688282: 2
sh.688283: 2
sh.688285: 2
sh.688286: 2
sh.688287: 2
sh.688288: 2
sh.688289: 2
sh.688290: 2
sh.688291: 2
sh.688292: 2
sh.688293: 2
sh.688295: 2
sh.688296: 2
sh.688297: 2
sh.688298: 2
sh.688299: 2
sh.688300: 2
sh.688301: 2
sh.688302: 2
sh.688303: 2
sh.688305: 2
sh.688306: 2
sh.688307: 2
sh.688308: 2
sh.688309: 2
sh.688310: 2
sh.688311: 2
sh.688312: 2
sh.688313: 2
sh.688314: 2
sh.688315: 2
sh.688316: 2
sh.688317: 2
sh.688318: 2
sh.688319: 2
sh.688320: 2
sh.688321: 2
sh.688322: 2
sh.688323: 2
sh.688325: 2
sh.688326: 2
sh.688327: 2
sh.688328: 2
sh.688329: 2
sh.688330: 2
sh.688331: 2
sh.688332: 2
sh.688333: 2
sh.688334: 2
sh.688335: 2
sh.688336: 2
sh.688337: 2
sh.688338: 2
sh.688339: 2
sh.688343: 2
sh.688345: 2
sh.688347: 2
sh.688348: 2
sh.688349: 2
sh.688350: 2
sh.688351: 2
sh.688352: 2
sh.688353: 2
sh.688355: 2
sh.688356: 2
sh.688357: 2
sh.688358: 2
sh.688359: 2
sh.688360: 2
sh.688361: 2
sh.688362: 2
sh.688363: 2
sh.688365: 2
sh.688366: 2
sh.688367: 2
sh.688368: 2
sh.688369: 2
sh.688370: 2
sh.688371: 2
sh.688372: 2
sh.688373: 2
sh.688375: 2
sh.688376: 2
sh.688377: 2
sh.688378: 2
sh.688379: 2
sh.688380: 2
sh.688381: 2
sh.688382: 2
sh.688383: 2
sh.688385: 2
sh.688386: 2
sh.688387: 2
sh.688388: 2
sh.688389: 2
sh.688390: 2
sh.688391: 2
sh.688392: 2
sh.688393: 2
sh.688395: 2
sh.688396: 2
sh.688398: 2
sh.688399: 2
sh.688400: 2
sh.688401: 2
sh.688403: 2
sh.688408: 2
sh.688409: 2
sh.688410: 2
sh.688411: 2
sh.688416: 2
sh.688418: 2
sh.688419: 2
sh.688420: 2
sh.688425: 2
sh.688426: 2
sh.688428: 2
sh.688429: 2
sh.688432: 2
sh.688433: 2
sh.688435: 2
sh.688439: 2
sh.688443: 2
sh.688448: 2
sh.688449: 2
sh.688450: 2
sh.688455: 2
sh.688456: 2
sh.688458: 2
sh.688459: 2
sh.688466: 2
sh.688468: 2
sh.688469: 2
sh.688472: 2
sh.688475: 2
sh.688478: 2
sh.688479: 2
sh.688480: 2
sh.688484: 2
sh.688485: 2
sh.688486: 2
sh.688488: 2
sh.688489: 2
sh.688496: 2
sh.688498: 2
sh.688499: 2
sh.688500: 2
sh.688501: 2
sh.688502: 2
sh.688503: 2
sh.688505: 2
sh.688506: 2
sh.688507: 2
sh.688508: 2
sh.688509: 2
sh.688510: 2
sh.688511: 2
sh.688512: 2
sh.688513: 2
sh.688515: 2
sh.688516: 2
sh.688517: 2
sh.688518: 2
sh.688519: 2
sh.688520: 2
sh.688521: 2
sh.688522: 2
sh.688523: 2
sh.688525: 2
sh.688526: 2
sh.688528: 2
sh.688529: 2
sh.688530: 2
sh.688531: 2
sh.688533: 2
sh.688535: 2
sh.688536: 2
sh.688538: 2
sh.688539: 2
sh.688543: 2
sh.688545: 2
sh.688548: 2
sh.688549: 2
sh.688550: 2
sh.688551: 2
sh.688552: 2
sh.688553: 2
sh.688556: 2
sh.688557: 2
sh.688558: 2
sh.688559: 2
sh.688560: 2
sh.688561: 2
sh.688562: 2
sh.688563: 2
sh.688565: 2
sh.688566: 2
sh.688567: 2
sh.688568: 2
sh.688569: 2
sh.688570: 2
sh.688571: 2
sh.688573: 2
sh.688575: 2
sh.688576: 2
sh.688577: 2
sh.688578: 2
sh.688579: 2
sh.688580: 2
sh.688581: 2
sh.688582: 2
sh.688583: 2
sh.688584: 2
sh.688585: 2
sh.688586: 2
sh.688588: 2
sh.688589: 2
sh.688590: 2
sh.688591: 2
sh.688592: 2
sh.688593: 2
sh.688595: 2
sh.688596: 2
sh.688597: 2
sh.688598: 2
sh.688599: 2
sh.688600: 2
sh.688601: 2
sh.688602: 2
sh.688603: 2
sh.688605: 2
sh.688606: 2
sh.688607: 2
sh.688608: 2
sh.688609: 2
sh.688610: 2
sh.688611: 2
sh.688612: 2
sh.688613: 2
sh.688615: 2
sh.688616: 2
sh.688617: 2
sh.688618: 2
sh.688619: 2
sh.688620: 2
sh.688621: 2
sh.688622: 2
sh.688623: 2
sh.688625: 2
sh.688626: 2
sh.688627: 2
sh.688628: 2
sh.688629: 2
sh.688630: 2
sh.688631: 2
sh.688633: 2
sh.688636: 2
sh.688638: 2
sh.688639: 2
sh.688646: 2
sh.688648: 2
sh.688651: 2
sh.688652: 2
sh.688653: 2
sh.688655: 2
sh.688656: 2
sh.688657: 2
sh.688658: 2
sh.688659: 2
sh.688660: 2
sh.688661: 2
sh.688662: 2
sh.688663: 2
sh.688665: 2
sh.688667: 2
sh.688668: 2
sh.688669: 2
sh.688670: 2
sh.688671: 2
sh.688676: 2
sh.688677: 2
sh.688678: 2
sh.688679: 2
sh.688680: 2
sh.688681: 2
sh.688682: 2
sh.688683: 2
sh.688685: 2
sh.688686: 2
sh.688687: 2
sh.688689: 2
sh.688690: 2
sh.688691: 2
sh.688692: 2
sh.688693: 2
sh.688695: 2
sh.688696: 2
sh.688697: 2
sh.688698: 2
sh.688699: 2
sh.688700: 2
sh.688701: 2
sh.688702: 2
sh.688707: 2
sh.688708: 2
sh.688709: 2
sh.688710: 2
sh.688711: 2
sh.688712: 2
sh.688716: 2
sh.688717: 2
sh.688718: 2
sh.688719: 2
sh.688720: 2
sh.688721: 2
sh.688722: 2
sh.688726: 2
sh.688727: 2
sh.688728: 2
sh.688729: 2
sh.688733: 2
sh.688737: 2
sh.688739: 2
sh.688750: 2
sh.688755: 2
sh.688757: 2
sh.688758: 2
sh.688759: 2
sh.688765: 2
sh.688766: 2
sh.688767: 2
sh.688768: 2
sh.688772: 2
sh.688775: 2
sh.688776: 2
sh.688777: 2
sh.688778: 2
sh.688779: 2
sh.688781: 2
sh.688783: 2
sh.688785: 2
sh.688786: 2
sh.688787: 2
sh.688788: 2
sh.688789: 2
sh.688790: 2
sh.688793: 2
sh.688795: 2
sh.688796: 2
sh.688798: 2
sh.688799: 2
sh.688800: 2
sh.688802: 2
sh.688805: 2
sh.688807: 2
sh.688809: 2
sh.688813: 2
sh.688816: 2
sh.688818: 2
sh.688819: 2
sh.688981: 2
sh.689009: 2
sz.001201: 2
sz.001202: 2
sz.001203: 2
sz.001205: 2
sz.001206: 2
sz.001207: 2
sz.001208: 2
sz.001209: 2
sz.001210: 2
sz.001211: 2
sz.001212: 2
sz.001213: 2
sz.001215: 2
sz.001216: 2
sz.001217: 2
sz.001218: 2
sz.001219: 2
sz.001220: 2
sz.001221: 2
sz.001222: 2
sz.001223: 2
sz.001225: 2
sz.001226: 2
sz.001227: 2
sz.001228: 2
sz.001229: 2
sz.001230: 2
sz.001231: 2
sz.001233: 2
sz.001234: 2
sz.001236: 2
sz.001238: 2
sz.001239: 2
sz.001255: 2
sz.001256: 2
sz.001257: 2
sz.001258: 2
sz.001259: 2
sz.001260: 2
sz.001266: 2
sz.001267: 2
sz.001268: 2
sz.001269: 2
sz.001270: 2
sz.001277: 2
sz.001278: 2
sz.001279: 2
sz.001280: 2
sz.001282: 2
sz.001283: 2
sz.001285: 2
sz.001286: 2
sz.001287: 2
sz.001288: 2
sz.001289: 2
sz.001296: 2
sz.001298: 2
sz.001299: 2
sz.001300: 2
sz.001301: 2
sz.001306: 2
sz.001308: 2
sz.001309: 2
sz.001311: 2
sz.001313: 2
sz.001314: 2
sz.001316: 2
sz.001317: 2
sz.001318: 2
sz.001319: 2
sz.001322: 2
sz.001323: 2
sz.001324: 2
sz.001325: 2
sz.001326: 2
sz.001328: 2
sz.001330: 2
sz.001331: 2
sz.001332: 2
sz.001333: 2
sz.001335: 2
sz.001336: 2
sz.001337: 2
sz.001338: 2
sz.001339: 2
sz.001356: 2
sz.001358: 2
sz.001359: 2
sz.001360: 2
sz.001366: 2
sz.001367: 2
sz.001368: 2
sz.001369: 2
sz.001373: 2
sz.001376: 2
sz.001378: 2
sz.001379: 2
sz.001380: 2
sz.001382: 2
sz.001386: 2
sz.001387: 2
sz.001388: 2
sz.001389: 2
sz.001390: 2
sz.001391: 2
sz.001395: 2
sz.001396: 2
sz.001400: 2
sz.001696: 2
sz.001872: 2
sz.001896: 2
sz.001914: 2
sz.001965: 2
sz.001979: 2
sz.002001: 2
sz.002003: 2
sz.002004: 2
sz.002005: 2
sz.002006: 2
sz.002007: 2
sz.002008: 2
sz.002009: 2
sz.002010: 2
sz.002011: 2
sz.002012: 2
sz.002014: 2
sz.002015: 2
sz.002016: 2
sz.002017: 2
sz.002019: 2
sz.002020: 2
sz.002021: 2
sz.002022: 2
sz.002023: 2
sz.002024: 2
sz.002025: 2
sz.002026: 2
sz.002027: 2
sz.002028: 2
sz.002029: 2
sz.002030: 2
sz.002031: 2
sz.002032: 2
sz.002033: 2
sz.002034: 2
sz.002035: 2
sz.002036: 2
sz.002037: 2
sz.002038: 2
sz.002039: 2
sz.002040: 2
sz.002041: 2
sz.002042: 2
sz.002043: 2
sz.002044: 2
sz.002045: 2
sz.002046: 2
sz.002047: 2
sz.002048: 2
sz.002049: 2
sz.002050: 2
sz.002051: 2
sz.002052: 2
sz.002053: 2
sz.002054: 2
sz.002055: 2
sz.002056: 2
sz.002057: 2
sz.002058: 2
sz.002059: 2
sz.002060: 2
sz.002061: 2
sz.002062: 2
sz.002063: 2
sz.002064: 2
sz.002065: 2
sz.002066: 2
sz.002067: 2
sz.002068: 2
sz.002069: 2
sz.002072: 2
sz.002073: 2
sz.002074: 2
sz.002075: 2
sz.002076: 2
sz.002077: 2
sz.002078: 2
sz.002079: 2
sz.002080: 2
sz.002081: 2
sz.002082: 2
sz.002083: 2
sz.002084: 2
sz.002085: 2
sz.002086: 2
sz.002088: 2
sz.002090: 2
sz.002091: 2
sz.002092: 2
sz.002093: 2
sz.002094: 2
sz.002095: 2
sz.002096: 2
sz.002097: 2
sz.002098: 2
sz.002099: 2
sz.002100: 2
sz.002101: 2
sz.002102: 2
sz.002103: 2
sz.002104: 2
sz.002105: 2
sz.002106: 2
sz.002107: 2
sz.002108: 2
sz.002109: 2
sz.002110: 2
sz.002111: 2
sz.002112: 2
sz.002114: 2
sz.002115: 2
sz.002116: 2
sz.002117: 2
sz.002119: 2
sz.002120: 2
sz.002121: 2
sz.002122: 2
sz.002123: 2
sz.002124: 2
sz.002125: 2
sz.002126: 2
sz.002127: 2
sz.002128: 2
sz.002129: 2
sz.002130: 2
sz.002131: 2
sz.002132: 2
sz.002133: 2
sz.002134: 2
sz.002135: 2
sz.002136: 2
sz.002137: 2
sz.002138: 2
sz.002139: 2
sz.002140: 2
sz.002141: 2
sz.002142: 2
sz.002144: 2
sz.002145: 2
sz.002146: 2
sz.002148: 2
sz.002149: 2
sz.002150: 2
sz.002151: 2
sz.002152: 2
sz.002153: 2
sz.002154: 2
sz.002155: 2
sz.002156: 2
sz.002157: 2
sz.002158: 2
sz.002159: 2
sz.002160: 2
sz.002161: 2
sz.002162: 2
sz.002163: 2
sz.002164: 2
sz.002165: 2
sz.002166: 2
sz.002167: 2
sz.002168: 2
sz.002169: 2
sz.002170: 2
sz.002171: 2
sz.002172: 2
sz.002173: 2
sz.002174: 2
sz.002175: 2
sz.002176: 2
sz.002177: 2
sz.002178: 2
sz.002179: 2
sz.002180: 2
sz.002181: 2
sz.002182: 2
sz.002183: 2
sz.002184: 2
sz.002185: 2
sz.002186: 2
sz.002187: 2
sz.002188: 2
sz.002189: 2
sz.002190: 2
sz.002191: 2
sz.002192: 2
sz.002193: 2
sz.002194: 2
sz.002195: 2
sz.002196: 2
sz.002197: 2
sz.002198: 2
sz.002199: 2
sz.002200: 2
sz.002201: 2
sz.002202: 2
sz.002203: 2
sz.002204: 2
sz.002205: 2
sz.002206: 2
sz.002207: 2
sz.002208: 2
sz.002209: 2
sz.002210: 2
sz.002211: 2
sz.002212: 2
sz.002213: 2
sz.002214: 2
sz.002215: 2
sz.002216: 2
sz.002217: 2
sz.002218: 2
sz.002219: 2
sz.002221: 2
sz.002222: 2
sz.002223: 2
sz.002224: 2
sz.002225: 2
sz.002226: 2
sz.002227: 2
sz.002228: 2
sz.002229: 2
sz.002230: 2
sz.002232: 2
sz.002233: 2
sz.002234: 2
sz.002235: 2
sz.002236: 2
sz.002237: 2
sz.002238: 2
sz.002239: 2
sz.002240: 2
sz.002241: 2
sz.002242: 2
sz.002243: 2
sz.002244: 2
sz.002245: 2
sz.002246: 2
sz.002247: 2
sz.002248: 2
sz.002249: 2
sz.002250: 2
sz.002251: 2
sz.002252: 2
sz.002253: 2
sz.002254: 2
sz.002255: 2
sz.002256: 2
sz.002258: 2
sz.002259: 2
sz.002261: 2
sz.002262: 2
sz.002263: 2
sz.002264: 2
sz.002265: 2
sz.002266: 2
sz.002267: 2
sz.002268: 2
sz.002269: 2
sz.002270: 2
sz.002271: 2
sz.002272: 2
sz.002273: 2
sz.002274: 2
sz.002275: 2
sz.002276: 2
sz.002277: 2
sz.002278: 2
sz.002279: 2
sz.002281: 2
sz.002282: 2
sz.002283: 2
sz.002284: 2
sz.002285: 2
sz.002286: 2
sz.002287: 2
sz.002289: 2
sz.002290: 2
sz.002291: 2
sz.002292: 2
sz.002293: 2
sz.002294: 2
sz.002295: 2
sz.002296: 2
sz.002297: 2
sz.002298: 2
sz.002299: 2
sz.002300: 2
sz.002301: 2
sz.002302: 2
sz.002303: 2
sz.002304: 2
sz.002305: 2
sz.002306: 2
sz.002307: 2
sz.002309: 2
sz.002310: 2
sz.002311: 2
sz.002312: 2
sz.002313: 2
sz.002314: 2
sz.002315: 2
sz.002316: 2
sz.002317: 2
sz.002318: 2
sz.002319: 2
sz.002320: 2
sz.002321: 2
sz.002322: 2
sz.002323: 2
sz.002324: 2
sz.002326: 2
sz.002327: 2
sz.002328: 2
sz.002329: 2
sz.002330: 2
sz.002331: 2
sz.002332: 2
sz.002333: 2
sz.002334: 2
sz.002335: 2
sz.002337: 2
sz.002338: 2
sz.002339: 2
sz.002340: 2
sz.002342: 2
sz.002343: 2
sz.002344: 2
sz.002345: 2
sz.002346: 2
sz.002347: 2
sz.002348: 2
sz.002349: 2
sz.002350: 2
sz.002351: 2
sz.002352: 2
sz.002353: 2
sz.002354: 2
sz.002355: 2
sz.002356: 2
sz.002357: 2
sz.002358: 2
sz.002360: 2
sz.002361: 2
sz.002362: 2
sz.002363: 2
sz.002364: 2
sz.002365: 2
sz.002366: 2
sz.002367: 2
sz.002368: 2
sz.002369: 2
sz.002370: 2
sz.002371: 2
sz.002372: 2
sz.002373: 2
sz.002374: 2
sz.002375: 2
sz.002376: 2
sz.002377: 2
sz.002378: 2
sz.002379: 2
sz.002380: 2
sz.002381: 2
sz.002382: 2
sz.002383: 2
sz.002384: 2
sz.002385: 2
sz.002386: 2
sz.002387: 2
sz.002388: 2
sz.002389: 2
sz.002390: 2
sz.002391: 2
sz.002392: 2
sz.002393: 2
sz.002394: 2
sz.002395: 2
sz.002396: 2
sz.002397: 2
sz.002398: 2
sz.002399: 2
sz.002400: 2
sz.002401: 2
sz.002402: 2
sz.002403: 2
sz.002404: 2
sz.002405: 2
sz.002406: 2
sz.002407: 2
sz.002408: 2
sz.002409: 2
sz.002410: 2
sz.002412: 2
sz.002413: 2
sz.002414: 2
sz.002415: 2
sz.002416: 2
sz.002418: 2
sz.002419: 2
sz.002420: 2
sz.002421: 2
sz.002422: 2
sz.002423: 2
sz.002424: 2
sz.002425: 2
sz.002426: 2
sz.002427: 2
sz.002428: 2
sz.002429: 2
sz.002430: 2
sz.002431: 2
sz.002432: 2
sz.002434: 2
sz.002436: 2
sz.002437: 2
sz.002438: 2
sz.002439: 2
sz.002440: 2
sz.002441: 2
sz.002442: 2
sz.002443: 2
sz.002444: 2
sz.002445: 2
sz.002446: 2
sz.002448: 2
sz.002449: 2
sz.002451: 2
sz.002452: 2
sz.002453: 2
sz.002454: 2
sz.002455: 2
sz.002456: 2
sz.002457: 2
sz.002458: 2
sz.002459: 2
sz.002460: 2
sz.002461: 2
sz.002462: 2
sz.002463: 2
sz.002465: 2
sz.002466: 2
sz.002467: 2
sz.002468: 2
sz.002469: 2
sz.002470: 2
sz.002471: 2
sz.002472: 2
sz.002474: 2
sz.002475: 2
sz.002476: 2
sz.002478: 2
sz.002479: 2
sz.002480: 2
sz.002481: 2
sz.002482: 2
sz.002483: 2
sz.002484: 2
sz.002485: 2
sz.002486: 2
sz.002487: 2
sz.002488: 2
sz.002489: 2
sz.002490: 2
sz.002491: 2
sz.002492: 2
sz.002493: 2
sz.002494: 2
sz.002495: 2
sz.002496: 2
sz.002497: 2
sz.002498: 2
sz.002500: 2
sz.002501: 2
sz.002506: 2
sz.002507: 2
sz.002508: 2
sz.002510: 2
sz.002511: 2
sz.002512: 2
sz.002513: 2
sz.002514: 2
sz.002515: 2
sz.002516: 2
sz.002517: 2
sz.002518: 2
sz.002519: 2
sz.002520: 2
sz.002521: 2
sz.002522: 2
sz.002523: 2
sz.002524: 2
sz.002526: 2
sz.002527: 2
sz.002528: 2
sz.002529: 2
sz.002530: 2
sz.002531: 2
sz.002532: 2
sz.002533: 2
sz.002534: 2
sz.002535: 2
sz.002536: 2
sz.002537: 2
sz.002538: 2
sz.002539: 2
sz.002540: 2
sz.002541: 2
sz.002542: 2
sz.002543: 2
sz.002544: 2
sz.002545: 2
sz.002546: 2
sz.002547: 2
sz.002548: 2
sz.002549: 2
sz.002550: 2
sz.002551: 2
sz.002552: 2
sz.002553: 2
sz.002554: 2
sz.002555: 2
sz.002556: 2
sz.002557: 2
sz.002558: 2
sz.002559: 2
sz.002560: 2
sz.002561: 2
sz.002562: 2
sz.002563: 2
sz.002564: 2
sz.002565: 2
sz.002566: 2
sz.002567: 2
sz.002568: 2
sz.002569: 2
sz.002570: 2
sz.002571: 2
sz.002572: 2
sz.002573: 2
sz.002574: 2
sz.002575: 2
sz.002576: 2
sz.002577: 2
sz.002578: 2
sz.002579: 2
sz.002580: 2
sz.002581: 2
sz.002582: 2
sz.002583: 2
sz.002584: 2
sz.002585: 2
sz.002586: 2
sz.002587: 2
sz.002588: 2
sz.002589: 2
sz.002590: 2
sz.002591: 2
sz.002592: 2
sz.002593: 2
sz.002594: 2
sz.002595: 2
sz.002596: 2
sz.002597: 2
sz.002598: 2
sz.002599: 2
sz.002600: 2
sz.002601: 2
sz.002602: 2
sz.002603: 2
sz.002605: 2
sz.002606: 2
sz.002607: 2
sz.002608: 2
sz.002609: 2
sz.002611: 2
sz.002612: 2
sz.002613: 2
sz.002614: 2
sz.002615: 2
sz.002616: 2
sz.002617: 2
sz.002620: 2
sz.002622: 2
sz.002623: 2
sz.002624: 2
sz.002625: 2
sz.002626: 2
sz.002627: 2
sz.002628: 2
sz.002629: 2
sz.002630: 2
sz.002631: 2
sz.002632: 2
sz.002633: 2
sz.002634: 2
sz.002635: 2
sz.002636: 2
sz.002637: 2
sz.002638: 2
sz.002639: 2
sz.002640: 2
sz.002641: 2
sz.002642: 2
sz.002643: 2
sz.002644: 2
sz.002645: 2
sz.002646: 2
sz.002647: 2
sz.002648: 2
sz.002649: 2
sz.002650: 2
sz.002651: 2
sz.002652: 2
sz.002653: 2
sz.002654: 2
sz.002655: 2
sz.002656: 2
sz.002657: 2
sz.002658: 2
sz.002659: 2
sz.002660: 2
sz.002661: 2
sz.002662: 2
sz.002663: 2
sz.002664: 2
sz.002666: 2
sz.002667: 2
sz.002668: 2
sz.002669: 2
sz.002670: 2
sz.002671: 2
sz.002672: 2
sz.002673: 2
sz.002674: 2
sz.002675: 2
sz.002676: 2
sz.002677: 2
sz.002678: 2
sz.002679: 2
sz.002681: 2
sz.002682: 2
sz.002683: 2
sz.002685: 2
sz.002687: 2
sz.002688: 2
sz.002689: 2
sz.002690: 2
sz.002691: 2
sz.002692: 2
sz.002693: 2
sz.002694: 2
sz.002695: 2
sz.002696: 2
sz.002697: 2
sz.002698: 2
sz.002700: 2
sz.002701: 2
sz.002702: 2
sz.002703: 2
sz.002705: 2
sz.002706: 2
sz.002707: 2
sz.002708: 2
sz.002709: 2
sz.002712: 2
sz.002713: 2
sz.002714: 2
sz.002715: 2
sz.002716: 2
sz.002717: 2
sz.002719: 2
sz.002721: 2
sz.002722: 2
sz.002723: 2
sz.002724: 2
sz.002725: 2
sz.002726: 2
sz.002727: 2
sz.002728: 2
sz.002729: 2
sz.002730: 2
sz.002731: 2
sz.002732: 2
sz.002733: 2
sz.002734: 2
sz.002735: 2
sz.002736: 2
sz.002737: 2
sz.002738: 2
sz.002739: 2
sz.002741: 2
sz.002742: 2
sz.002743: 2
sz.002745: 2
sz.002746: 2
sz.002747: 2
sz.002748: 2
sz.002749: 2
sz.002752: 2
sz.002753: 2
sz.002755: 2
sz.002756: 2
sz.002757: 2
sz.002758: 2
sz.002759: 2
sz.002760: 2
sz.002761: 2
sz.002762: 2
sz.002763: 2
sz.002765: 2
sz.002766: 2
sz.002767: 2
sz.002768: 2
sz.002769: 2
sz.002771: 2
sz.002772: 2
sz.002773: 2
sz.002774: 2
sz.002775: 2
sz.002777: 2
sz.002778: 2
sz.002779: 2
sz.002780: 2
sz.002782: 2
sz.002783: 2
sz.002785: 2
sz.002786: 2
sz.002787: 2
sz.002788: 2
sz.002789: 2
sz.002790: 2
sz.002791: 2
sz.002792: 2
sz.002793: 2
sz.002795: 2
sz.002796: 2
sz.002797: 2
sz.002798: 2
sz.002799: 2
sz.002800: 2
sz.002801: 2
sz.002802: 2
sz.002803: 2
sz.002805: 2
sz.002806: 2
sz.002807: 2
sz.002808: 2
sz.002809: 2
sz.002810: 2
sz.002811: 2
sz.002812: 2
sz.002813: 2
sz.002815: 2
sz.002816: 2
sz.002817: 2
sz.002818: 2
sz.002819: 2
sz.002820: 2
sz.002821: 2
sz.002822: 2
sz.002823: 2
sz.002824: 2
sz.002825: 2
sz.002826: 2
sz.002827: 2
sz.002828: 2
sz.002829: 2
sz.002830: 2
sz.002831: 2
sz.002832: 2
sz.002833: 2
sz.002835: 2
sz.002836: 2
sz.002837: 2
sz.002838: 2
sz.002839: 2
sz.002840: 2
sz.002841: 2
sz.002842: 2
sz.002843: 2
sz.002845: 2
sz.002846: 2
sz.002847: 2
sz.002848: 2
sz.002849: 2
sz.002850: 2
sz.002851: 2
sz.002852: 2
sz.002853: 2
sz.002855: 2
sz.002856: 2
sz.002857: 2
sz.002858: 2
sz.002859: 2
sz.002860: 2
sz.002861: 2
sz.002862: 2
sz.002863: 2
sz.002864: 2
sz.002865: 2
sz.002866: 2
sz.002867: 2
sz.002868: 2
sz.002869: 2
sz.002870: 2
sz.002871: 2
sz.002872: 2
sz.002873: 2
sz.002875: 2
sz.002876: 2
sz.002877: 2
sz.002878: 2
sz.002879: 2
sz.002880: 2
sz.002881: 2
sz.002882: 2
sz.002883: 2
sz.002884: 2
sz.002885: 2
sz.002886: 2
sz.002887: 2
sz.002888: 2
sz.002889: 2
sz.002890: 2
sz.002891: 2
sz.002892: 2
sz.002893: 2
sz.002895: 2
sz.002896: 2
sz.002897: 2
sz.002898: 2
sz.002899: 2
sz.002900: 2
sz.002901: 2
sz.002902: 2
sz.002903: 2
sz.002905: 2
sz.002906: 2
sz.002907: 2
sz.002908: 2
sz.002909: 2
sz.002910: 2
sz.002911: 2
sz.002912: 2
sz.002913: 2
sz.002915: 2
sz.002916: 2
sz.002917: 2
sz.002918: 2
sz.002919: 2
sz.002920: 2
sz.002921: 2
sz.002922: 2
sz.002923: 2
sz.002925: 2
sz.002926: 2
sz.002927: 2
sz.002928: 2
sz.002929: 2
sz.002930: 2
sz.002931: 2
sz.002932: 2
sz.002933: 2
sz.002935: 2
sz.002936: 2
sz.002937: 2
sz.002938: 2
sz.002939: 2
sz.002940: 2
sz.002941: 2
sz.002942: 2
sz.002943: 2
sz.002945: 2
sz.002946: 2
sz.002947: 2
sz.002948: 2
sz.002949: 2
sz.002950: 2
sz.002951: 2
sz.002952: 2
sz.002953: 2
sz.002955: 2
sz.002956: 2
sz.002957: 2
sz.002958: 2
sz.002959: 2
sz.002960: 2
sz.002961: 2
sz.002962: 2
sz.002963: 2
sz.002965: 2
sz.002966: 2
sz.002967: 2
sz.002968: 2
sz.002969: 2
sz.002970: 2
sz.002971: 2
sz.002972: 2
sz.002973: 2
sz.002975: 2
sz.002976: 2
sz.002977: 2
sz.002978: 2
sz.002979: 2
sz.002980: 2
sz.002981: 2
sz.002982: 2
sz.002983: 2
sz.002984: 2
sz.002985: 2
sz.002986: 2
sz.002987: 2
sz.002988: 2
sz.002989: 2
sz.002990: 2
sz.002991: 2
sz.002992: 2
sz.002993: 2
sz.002995: 2
sz.002996: 2
sz.002997: 2
sz.002998: 2
sz.002999: 2
sz.003000: 2
sz.003001: 2
sz.003002: 2
sz.003003: 2
sz.003004: 2
sz.003005: 2
sz.003006: 2
sz.003007: 2
sz.003008: 2
sz.003009: 2
sz.003010: 2
sz.003011: 2
sz.003012: 2
sz.003013: 2
sz.003015: 2
sz.003016: 2
sz.003017: 2
sz.003018: 2
sz.003019: 2
sz.003020: 2
sz.003021: 2
sz.003022: 2
sz.003023: 2
sz.003025: 2
sz.003026: 2
sz.003027: 2
sz.003028: 2
sz.003029: 2
sz.003030: 2
sz.003031: 2
sz.003032: 2
sz.003033: 2
sz.003035: 2
sz.003036: 2
sz.003037: 2
sz.003038: 2
sz.003039: 2
sz.003040: 2
sz.003041: 2
sz.003042: 2
sz.003043: 2
sz.003816: 2
sz.300001: 2
sz.300002: 2
sz.300003: 2
sz.300004: 2
sz.300005: 2
sz.300006: 2
sz.300007: 2
sz.300008: 2
sz.300009: 2
sz.300010: 2
sz.300011: 2
sz.300012: 2
sz.300013: 2
sz.300014: 2
sz.300015: 2
sz.300016: 2
sz.300017: 2
sz.300018: 2
sz.300019: 2
sz.300020: 2
sz.300021: 2
sz.300022: 2
sz.300024: 2
sz.300025: 2
sz.300026: 2
sz.300027: 2
sz.300029: 2
sz.300030: 2
sz.300031: 2
sz.300032: 2
sz.300033: 2
sz.300034: 2
sz.300035: 2
sz.300036: 2
sz.300037: 2
sz.300039: 2
sz.300040: 2
sz.300041: 2
sz.300042: 2
sz.300043: 2
sz.300044: 2
sz.300045: 2
sz.300046: 2
sz.300047: 2
sz.300048: 2
sz.300049: 2
sz.300050: 2
sz.300051: 2
sz.300052: 2
sz.300053: 2
sz.300054: 2
sz.300055: 2
sz.300056: 2
sz.300057: 2
sz.300058: 2
sz.300059: 2
sz.300061: 2
sz.300062: 2
sz.300063: 2
sz.300065: 2
sz.300066: 2
sz.300067: 2
sz.300068: 2
sz.300069: 2
sz.300070: 2
sz.300071: 2
sz.300072: 2
sz.300073: 2
sz.300074: 2
sz.300075: 2
sz.300076: 2
sz.300077: 2
sz.300078: 2
sz.300079: 2
sz.300080: 2
sz.300081: 2
sz.300082: 2
sz.300083: 2
sz.300084: 2
sz.300085: 2
sz.300086: 2
sz.300087: 2
sz.300088: 2
sz.300091: 2
sz.300092: 2
sz.300093: 2
sz.300094: 2
sz.300095: 2
sz.300096: 2
sz.300097: 2
sz.300098: 2
sz.300099: 2
sz.300100: 2
sz.300101: 2
sz.300102: 2
sz.300103: 2
sz.300105: 2
sz.300106: 2
sz.300107: 2
sz.300109: 2
sz.300110: 2
sz.300111: 2
sz.300112: 2
sz.300113: 2
sz.300115: 2
sz.300118: 2
sz.300119: 2
sz.300120: 2
sz.300121: 2
sz.300122: 2
sz.300123: 2
sz.300124: 2
sz.300125: 2
sz.300126: 2
sz.300127: 2
sz.300128: 2
sz.300129: 2
sz.300130: 2
sz.300131: 2
sz.300132: 2
sz.300133: 2
sz.300134: 2
sz.300135: 2
sz.300136: 2
sz.300137: 2
sz.300138: 2
sz.300139: 2
sz.300140: 2
sz.300141: 2
sz.300142: 2
sz.300143: 2
sz.300144: 2
sz.300145: 2
sz.300146: 2
sz.300147: 2
sz.300148: 2
sz.300149: 2
sz.300150: 2
sz.300151: 2
sz.300152: 2
sz.300153: 2
sz.300154: 2
sz.300155: 2
sz.300157: 2
sz.300158: 2
sz.300159: 2
sz.300160: 2
sz.300161: 2
sz.300162: 2
sz.300163: 2
sz.300164: 2
sz.300165: 2
sz.300166: 2
sz.300167: 2
sz.300168: 2
sz.300169: 2
sz.300170: 2
sz.300171: 2
sz.300172: 2
sz.300173: 2
sz.300174: 2
sz.300175: 2
sz.300176: 2
sz.300177: 2
sz.300179: 2
sz.300180: 2
sz.300181: 2
sz.300182: 2
sz.300183: 2
sz.300184: 2
sz.300185: 2
sz.300187: 2
sz.300188: 2
sz.300189: 2
sz.300190: 2
sz.300191: 2
sz.300192: 2
sz.300193: 2
sz.300194: 2
sz.300195: 2
sz.300196: 2
sz.300197: 2
sz.300198: 2
sz.300199: 2
sz.300200: 2
sz.300201: 2
sz.300203: 2
sz.300204: 2
sz.300205: 2
sz.300206: 2
sz.300207: 2
sz.300209: 2
sz.300210: 2
sz.300211: 2
sz.300212: 2
sz.300213: 2
sz.300214: 2
sz.300215: 2
sz.300217: 2
sz.300218: 2
sz.300219: 2
sz.300220: 2
sz.300221: 2
sz.300222: 2
sz.300223: 2
sz.300224: 2
sz.300225: 2
sz.300226: 2
sz.300227: 2
sz.300228: 2
sz.300229: 2
sz.300230: 2
sz.300231: 2
sz.300232: 2
sz.300233: 2
sz.300234: 2
sz.300235: 2
sz.300236: 2
sz.300237: 2
sz.300238: 2
sz.300239: 2
sz.300240: 2
sz.300241: 2
sz.300242: 2
sz.300243: 2
sz.300244: 2
sz.300245: 2
sz.300246: 2
sz.300247: 2
sz.300248: 2
sz.300249: 2
sz.300250: 2
sz.300251: 2
sz.300252: 2
sz.300253: 2
sz.300254: 2
sz.300255: 2
sz.300256: 2
sz.300257: 2
sz.300258: 2
sz.300259: 2
sz.300260: 2
sz.300261: 2
sz.300263: 2
sz.300264: 2
sz.300265: 2
sz.300266: 2
sz.300267: 2
sz.300268: 2
sz.300269: 2
sz.300270: 2
sz.300271: 2
sz.300272: 2
sz.300274: 2
sz.300275: 2
sz.300276: 2
sz.300277: 2
sz.300278: 2
sz.300279: 2
sz.300281: 2
sz.300283: 2
sz.300284: 2
sz.300285: 2
sz.300286: 2
sz.300287: 2
sz.300288: 2
sz.300289: 2
sz.300290: 2
sz.300291: 2
sz.300292: 2
sz.300293: 2
sz.300294: 2
sz.300295: 2
sz.300296: 2
sz.300298: 2
sz.300299: 2
sz.300300: 2
sz.300301: 2
sz.300302: 2
sz.300303: 2
sz.300304: 2
sz.300305: 2
sz.300306: 2
sz.300307: 2
sz.300308: 2
sz.300310: 2
sz.300311: 2
sz.300313: 2
sz.300314: 2
sz.300315: 2
sz.300316: 2
sz.300317: 2
sz.300318: 2
sz.300319: 2
sz.300320: 2
sz.300321: 2
sz.300322: 2
sz.300323: 2
sz.300324: 2
sz.300326: 2
sz.300327: 2
sz.300328: 2
sz.300329: 2
sz.300331: 2
sz.300332: 2
sz.300333: 2
sz.300334: 2
sz.300335: 2
sz.300337: 2
sz.300338: 2
sz.300339: 2
sz.300340: 2
sz.300341: 2
sz.300342: 2
sz.300343: 2
sz.300344: 2
sz.300345: 2
sz.300346: 2
sz.300347: 2
sz.300348: 2
sz.300349: 2
sz.300350: 2
sz.300351: 2
sz.300352: 2
sz.300353: 2
sz.300354: 2
sz.300355: 2
sz.300357: 2
sz.300358: 2
sz.300359: 2
sz.300360: 2
sz.300363: 2
sz.300364: 2
sz.300365: 2
sz.300366: 2
sz.300368: 2
sz.300369: 2
sz.300370: 2
sz.300371: 2
sz.300373: 2
sz.300374: 2
sz.300375: 2
sz.300376: 2
sz.300377: 2
sz.300378: 2
sz.300380: 2
sz.300381: 2
sz.300382: 2
sz.300383: 2
sz.300384: 2
sz.300385: 2
sz.300386: 2
sz.300387: 2
sz.300388: 2
sz.300389: 2
sz.300390: 2
sz.300391: 2
sz.300393: 2
sz.300394: 2
sz.300395: 2
sz.300396: 2
sz.300397: 2
sz.300398: 2
sz.300399: 2
sz.300400: 2
sz.300401: 2
sz.300402: 2
sz.300403: 2
sz.300404: 2
sz.300405: 2
sz.300406: 2
sz.300407: 2
sz.300408: 2
sz.300409: 2
sz.300410: 2
sz.300411: 2
sz.300412: 2
sz.300413: 2
sz.300414: 2
sz.300415: 2
sz.300416: 2
sz.300417: 2
sz.300418: 2
sz.300419: 2
sz.300420: 2
sz.300421: 2
sz.300422: 2
sz.300423: 2
sz.300424: 2
sz.300425: 2
sz.300426: 2
sz.300427: 2
sz.300428: 2
sz.300429: 2
sz.300430: 2
sz.300432: 2
sz.300433: 2
sz.300434: 2
sz.300435: 2
sz.300436: 2
sz.300437: 2
sz.300438: 2
sz.300439: 2
sz.300440: 2
sz.300441: 2
sz.300442: 2
sz.300443: 2
sz.300444: 2
sz.300445: 2
sz.300446: 2
sz.300447: 2
sz.300448: 2
sz.300449: 2
sz.300450: 2
sz.300451: 2
sz.300452: 2
sz.300453: 2
sz.300454: 2
sz.300455: 2
sz.300456: 2
sz.300457: 2
sz.300458: 2
sz.300459: 2
sz.300460: 2
sz.300461: 2
sz.300462: 2
sz.300463: 2
sz.300464: 2
sz.300465: 2
sz.300466: 2
sz.300467: 2
sz.300468: 2
sz.300469: 2
sz.300470: 2
sz.300471: 2
sz.300472: 2
sz.300473: 2
sz.300474: 2
sz.300475: 2
sz.300476: 2
sz.300477: 2
sz.300478: 2
sz.300479: 2
sz.300480: 2
sz.300481: 2
sz.300482: 2
sz.300483: 2
sz.300484: 2
sz.300485: 2
sz.300486: 2
sz.300487: 2
sz.300488: 2
sz.300489: 2
sz.300490: 2
sz.300491: 2
sz.300492: 2
sz.300493: 2
sz.300494: 2
sz.300496: 2
sz.300497: 2
sz.300498: 2
sz.300499: 2
sz.300500: 2
sz.300501: 2
sz.300502: 2
sz.300503: 2
sz.300504: 2
sz.300505: 2
sz.300506: 2
sz.300507: 2
sz.300508: 2
sz.300509: 2
sz.300510: 2
sz.300511: 2
sz.300512: 2
sz.300513: 2
sz.300514: 2
sz.300515: 2
sz.300516: 2
sz.300517: 2
sz.300518: 2
sz.300519: 2
sz.300520: 2
sz.300521: 2
sz.300522: 2
sz.300523: 2
sz.300525: 2
sz.300527: 2
sz.300528: 2
sz.300529: 2
sz.300530: 2
sz.300531: 2
sz.300532: 2
sz.300533: 2
sz.300534: 2
sz.300535: 2
sz.300536: 2
sz.300537: 2
sz.300538: 2
sz.300539: 2
sz.300540: 2
sz.300541: 2
sz.300542: 2
sz.300543: 2
sz.300545: 2
sz.300546: 2
sz.300547: 2
sz.300548: 2
sz.300549: 2
sz.300550: 2
sz.300551: 2
sz.300552: 2
sz.300553: 2
sz.300554: 2
sz.300555: 2
sz.300556: 2
sz.300557: 2
sz.300558: 2
sz.300559: 2
sz.300560: 2
sz.300561: 2
sz.300562: 2
sz.300563: 2
sz.300564: 2
sz.300565: 2
sz.300566: 2
sz.300567: 2
sz.300568: 2
sz.300569: 2
sz.300570: 2
sz.300571: 2
sz.300572: 2
sz.300573: 2
sz.300575: 2
sz.300576: 2
sz.300577: 2
sz.300578: 2
sz.300579: 2
sz.300580: 2
sz.300581: 2
sz.300582: 2
sz.300583: 2
sz.300584: 2
sz.300585: 2
sz.300586: 2
sz.300587: 2
sz.300588: 2
sz.300589: 2
sz.300590: 2
sz.300591: 2
sz.300592: 2
sz.300593: 2
sz.300594: 2
sz.300595: 2
sz.300596: 2
sz.300597: 2
sz.300598: 2
sz.300599: 2
sz.300600: 2
sz.300601: 2
sz.300602: 2
sz.300603: 2
sz.300604: 2
sz.300605: 2
sz.300606: 2
sz.300607: 2
sz.300608: 2
sz.300609: 2
sz.300610: 2
sz.300611: 2
sz.300612: 2
sz.300613: 2
sz.300614: 2
sz.300615: 2
sz.300616: 2
sz.300617: 2
sz.300618: 2
sz.300619: 2
sz.300620: 2
sz.300621: 2
sz.300622: 2
sz.300623: 2
sz.300624: 2
sz.300625: 2
sz.300626: 2
sz.300627: 2
sz.300628: 2
sz.300629: 2
sz.300631: 2
sz.300632: 2
sz.300633: 2
sz.300634: 2
sz.300635: 2
sz.300636: 2
sz.300637: 2
sz.300638: 2
sz.300639: 2
sz.300640: 2
sz.300641: 2
sz.300642: 2
sz.300643: 2
sz.300644: 2
sz.300645: 2
sz.300647: 2
sz.300648: 2
sz.300649: 2
sz.300650: 2
sz.300651: 2
sz.300652: 2
sz.300653: 2
sz.300654: 2
sz.300655: 2
sz.300656: 2
sz.300657: 2
sz.300658: 2
sz.300659: 2
sz.300660: 2
sz.300661: 2
sz.300662: 2
sz.300663: 2
sz.300664: 2
sz.300665: 2
sz.300666: 2
sz.300667: 2
sz.300668: 2
sz.300669: 2
sz.300670: 2
sz.300671: 2
sz.300672: 2
sz.300673: 2
sz.300674: 2
sz.300675: 2
sz.300676: 2
sz.300677: 2
sz.300678: 2
sz.300679: 2
sz.300680: 2
sz.300681: 2
sz.300682: 2
sz.300683: 2
sz.300684: 2
sz.300685: 2
sz.300686: 2
sz.300687: 2
sz.300688: 2
sz.300689: 2
sz.300690: 2
sz.300691: 2
sz.300692: 2
sz.300693: 2
sz.300694: 2
sz.300695: 2
sz.300696: 2
sz.300697: 2
sz.300698: 2
sz.300699: 2
sz.300700: 2
sz.300701: 2
sz.300702: 2
sz.300703: 2
sz.300705: 2
sz.300706: 2
sz.300707: 2
sz.300708: 2
sz.300709: 2
sz.300710: 2
sz.300711: 2
sz.300712: 2
sz.300713: 2
sz.300715: 2
sz.300716: 2
sz.300717: 2
sz.300718: 2
sz.300719: 2
sz.300720: 2
sz.300721: 2
sz.300722: 2
sz.300723: 2
sz.300724: 2
sz.300725: 2
sz.300726: 2
sz.300727: 2
sz.300729: 2
sz.300730: 2
sz.300731: 2
sz.300732: 2
sz.300733: 2
sz.300735: 2
sz.300736: 2
sz.300737: 2
sz.300738: 2
sz.300739: 2
sz.300740: 2
sz.300741: 2
sz.300743: 2
sz.300745: 2
sz.300746: 2
sz.300747: 2
sz.300748: 2
sz.300749: 2
sz.300750: 2
sz.300751: 2
sz.300752: 2
sz.300753: 2
sz.300755: 2
sz.300756: 2
sz.300757: 2
sz.300758: 2
sz.300759: 2
sz.300760: 2
sz.300761: 2
sz.300762: 2
sz.300763: 2
sz.300765: 2
sz.300766: 2
sz.300767: 2
sz.300768: 2
sz.300769: 2
sz.300770: 2
sz.300771: 2
sz.300772: 2
sz.300773: 2
sz.300774: 2
sz.300775: 2
sz.300776: 2
sz.300777: 2
sz.300778: 2
sz.300779: 2
sz.300780: 2
sz.300781: 2
sz.300782: 2
sz.300783: 2
sz.300784: 2
sz.300785: 2
sz.300786: 2
sz.300787: 2
sz.300788: 2
sz.300789: 2
sz.300790: 2
sz.300791: 2
sz.300792: 2
sz.300793: 2
sz.300795: 2
sz.300796: 2
sz.300797: 2
sz.300798: 2
sz.300800: 2
sz.300801: 2
sz.300802: 2
sz.300803: 2
sz.300804: 2
sz.300805: 2
sz.300806: 2
sz.300807: 2
sz.300808: 2
sz.300809: 2
sz.300810: 2
sz.300811: 2
sz.300812: 2
sz.300813: 2
sz.300814: 2
sz.300815: 2
sz.300816: 2
sz.300817: 2
sz.300818: 2
sz.300819: 2
sz.300820: 2
sz.300821: 2
sz.300822: 2
sz.300823: 2
sz.300824: 2
sz.300825: 2
sz.300826: 2
sz.300827: 2
sz.300828: 2
sz.300829: 2
sz.300830: 2
sz.300831: 2
sz.300832: 2
sz.300833: 2
sz.300834: 2
sz.300835: 2
sz.300836: 2
sz.300837: 2
sz.300838: 2
sz.300839: 2
sz.300840: 2
sz.300841: 2
sz.300842: 2
sz.300843: 2
sz.300844: 2
sz.300845: 2
sz.300846: 2
sz.300847: 2
sz.300848: 2
sz.300849: 2
sz.300850: 2
sz.300851: 2
sz.300852: 2
sz.300853: 2
sz.300854: 2
sz.300855: 2
sz.300856: 2
sz.300857: 2
sz.300858: 2
sz.300859: 2
sz.300860: 2
sz.300861: 2
sz.300862: 2
sz.300863: 2
sz.300864: 2
sz.300865: 2
sz.300866: 2
sz.300867: 2
sz.300868: 2
sz.300869: 2
sz.300870: 2
sz.300871: 2
sz.300872: 2
sz.300873: 2
sz.300875: 2
sz.300876: 2
sz.300877: 2
sz.300878: 2
sz.300879: 2
sz.300880: 2
sz.300881: 2
sz.300882: 2
sz.300883: 2
sz.300884: 2
sz.300885: 2
sz.300886: 2
sz.300887: 2
sz.300888: 2
sz.300889: 2
sz.300890: 2
sz.300891: 2
sz.300892: 2
sz.300893: 2
sz.300894: 2
sz.300895: 2
sz.300896: 2
sz.300897: 2
sz.300898: 2
sz.300899: 2
sz.300900: 2
sz.300901: 2
sz.300902: 2
sz.300903: 2
sz.300904: 2
sz.300905: 2
sz.300906: 2
sz.300907: 2
sz.300908: 2
sz.300909: 2
sz.300910: 2
sz.300911: 2
sz.300912: 2
sz.300913: 2
sz.300915: 2
sz.300916: 2
sz.300917: 2
sz.300918: 2
sz.300919: 2
sz.300920: 2
sz.300921: 2
sz.300922: 2
sz.300923: 2
sz.300925: 2
sz.300926: 2
sz.300927: 2
sz.300928: 2
sz.300929: 2
sz.300930: 2
sz.300931: 2
sz.300932: 2
sz.300933: 2
sz.300935: 2
sz.300936: 2
sz.300937: 2
sz.300938: 2
sz.300939: 2
sz.300940: 2
sz.300941: 2
sz.300942: 2
sz.300943: 2
sz.300945: 2
sz.300946: 2
sz.300947: 2
sz.300948: 2
sz.300949: 2
sz.300950: 2
sz.300951: 2
sz.300952: 2
sz.300953: 2
sz.300955: 2
sz.300956: 2
sz.300957: 2
sz.300958: 2
sz.300959: 2
sz.300960: 2
sz.300961: 2
sz.300962: 2
sz.300963: 2
sz.300964: 2
sz.300965: 2
sz.300966: 2
sz.300967: 2
sz.300968: 2
sz.300969: 2
sz.300970: 2
sz.300971: 2
sz.300972: 2
sz.300973: 2
sz.300975: 2
sz.300976: 2
sz.300977: 2
sz.300978: 2
sz.300979: 2
sz.300980: 2
sz.300981: 2
sz.300982: 2
sz.300983: 2
sz.300984: 2
sz.300985: 2
sz.300986: 2
sz.300987: 2
sz.300988: 2
sz.300989: 2
sz.300990: 2
sz.300991: 2
sz.300992: 2
sz.300993: 2
sz.300994: 2
sz.300995: 2
sz.300996: 2
sz.300997: 2
sz.300998: 2
sz.300999: 2
sh.601020: 1
sh.603843: 1
sz.002718: 1

[all-missing-from-baostock-by-date]
2026-04-03: 5074
2026-04-02: 5073
2026-04-01: 757
2026-03-31: 756
2026-03-30: 755
2026-03-27: 754
2026-03-20: 753
2026-03-23: 753
2026-03-25: 753
2026-03-26: 753
2026-03-18: 752
2026-03-19: 752
2026-03-24: 752
2026-03-09: 751
2026-03-10: 751
2026-03-11: 751
2026-03-12: 751
2026-03-13: 751
2026-03-16: 751
2026-03-17: 751
2026-03-06: 750
2026-03-05: 749
2026-03-04: 747
2026-02-12: 746
2026-02-13: 746
2026-02-24: 746
2026-02-27: 746
2026-03-02: 746
2026-03-03: 746
2026-02-25: 745
2026-02-26: 745
2026-02-10: 744
2026-02-11: 744
2026-02-02: 743
2026-02-03: 743
2026-02-04: 743
2026-02-06: 743
2026-02-09: 743
2026-01-28: 742
2026-01-29: 742
2026-01-30: 742
2026-02-05: 742
2026-01-22: 741
2026-01-23: 741
2026-01-26: 741
2026-01-27: 741
2026-01-21: 740
2026-01-09: 739
2026-01-12: 739
2026-01-20: 739
2026-01-07: 738
2026-01-08: 738
2026-01-13: 738
2026-01-14: 738
2026-01-16: 738
2026-01-05: 737
2026-01-06: 737
2026-01-15: 737
2026-01-19: 737

[top-extra-in-baostock-by-code]
sz.000625: 57
sz.000301: 57
sz.000692: 57
sz.000002: 57
sz.000680: 57
sz.000550: 57
sz.000768: 57
sz.000426: 57
sz.000911: 57
sz.000933: 57

[top-extra-in-baostock-by-date]
2026-03-30: 430
2026-01-13: 429
2026-01-30: 427
2026-01-14: 427
2026-03-27: 427
2026-02-09: 427
2026-03-02: 427
2026-02-02: 426
2026-02-03: 426
2026-02-25: 426

[all-extra-in-baostock-by-code]
sz.000001: 57
sz.000002: 57
sz.000004: 57
sz.000006: 57
sz.000007: 57
sz.000008: 57
sz.000009: 57
sz.000010: 57
sz.000011: 57
sz.000012: 57
sz.000014: 57
sz.000016: 57
sz.000017: 57
sz.000019: 57
sz.000020: 57
sz.000021: 57
sz.000025: 57
sz.000026: 57
sz.000027: 57
sz.000028: 57
sz.000029: 57
sz.000030: 57
sz.000031: 57
sz.000032: 57
sz.000034: 57
sz.000035: 57
sz.000036: 57
sz.000037: 57
sz.000039: 57
sz.000042: 57
sz.000045: 57
sz.000048: 57
sz.000049: 57
sz.000050: 57
sz.000055: 57
sz.000056: 57
sz.000058: 57
sz.000059: 57
sz.000060: 57
sz.000061: 57
sz.000062: 57
sz.000063: 57
sz.000065: 57
sz.000066: 57
sz.000068: 57
sz.000069: 57
sz.000070: 57
sz.000078: 57
sz.000088: 57
sz.000089: 57
sz.000090: 57
sz.000096: 57
sz.000099: 57
sz.000100: 57
sz.000151: 57
sz.000153: 57
sz.000155: 57
sz.000156: 57
sz.000157: 57
sz.000158: 57
sz.000159: 57
sz.000166: 57
sz.000301: 57
sz.000333: 57
sz.000338: 57
sz.000400: 57
sz.000401: 57
sz.000402: 57
sz.000403: 57
sz.000404: 57
sz.000407: 57
sz.000408: 57
sz.000409: 57
sz.000410: 57
sz.000411: 57
sz.000415: 57
sz.000417: 57
sz.000419: 57
sz.000420: 57
sz.000421: 57
sz.000422: 57
sz.000423: 57
sz.000425: 57
sz.000426: 57
sz.000428: 57
sz.000429: 57
sz.000430: 57
sz.000488: 57
sz.000498: 57
sz.000501: 57
sz.000503: 57
sz.000504: 57
sz.000505: 57
sz.000506: 57
sz.000507: 57
sz.000509: 57
sz.000510: 57
sz.000513: 57
sz.000514: 57
sz.000516: 57
sz.000517: 57
sz.000518: 57
sz.000519: 57
sz.000520: 57
sz.000521: 57
sz.000523: 57
sz.000524: 57
sz.000525: 57
sz.000526: 57
sz.000528: 57
sz.000529: 57
sz.000530: 57
sz.000531: 57
sz.000532: 57
sz.000533: 57
sz.000534: 57
sz.000536: 57
sz.000537: 57
sz.000538: 57
sz.000539: 57
sz.000541: 57
sz.000543: 57
sz.000544: 57
sz.000545: 57
sz.000546: 57
sz.000547: 57
sz.000548: 57
sz.000550: 57
sz.000551: 57
sz.000552: 57
sz.000553: 57
sz.000554: 57
sz.000555: 57
sz.000557: 57
sz.000558: 57
sz.000559: 57
sz.000560: 57
sz.000561: 57
sz.000563: 57
sz.000564: 57
sz.000565: 57
sz.000566: 57
sz.000567: 57
sz.000568: 57
sz.000570: 57
sz.000571: 57
sz.000572: 57
sz.000573: 57
sz.000576: 57
sz.000581: 57
sz.000582: 57
sz.000586: 57
sz.000589: 57
sz.000590: 57
sz.000591: 57
sz.000592: 57
sz.000593: 57
sz.000595: 57
sz.000596: 57
sz.000597: 57
sz.000598: 57
sz.000599: 57
sz.000600: 57
sz.000601: 57
sz.000603: 57
sz.000605: 57
sz.000607: 57
sz.000608: 57
sz.000609: 57
sz.000610: 57
sz.000612: 57
sz.000615: 57
sz.000617: 57
sz.000619: 57
sz.000620: 57
sz.000623: 57
sz.000625: 57
sz.000626: 57
sz.000628: 57
sz.000629: 57
sz.000630: 57
sz.000631: 57
sz.000632: 57
sz.000633: 57
sz.000635: 57
sz.000636: 57
sz.000637: 57
sz.000638: 57
sz.000639: 57
sz.000650: 57
sz.000651: 57
sz.000652: 57
sz.000655: 57
sz.000656: 57
sz.000657: 57
sz.000659: 57
sz.000661: 57
sz.000663: 57
sz.000665: 57
sz.000668: 57
sz.000669: 57
sz.000670: 57
sz.000672: 57
sz.000676: 57
sz.000677: 57
sz.000678: 57
sz.000679: 57
sz.000680: 57
sz.000681: 57
sz.000682: 57
sz.000683: 57
sz.000685: 57
sz.000686: 57
sz.000688: 57
sz.000690: 57
sz.000691: 57
sz.000692: 57
sz.000695: 57
sz.000697: 57
sz.000698: 57
sz.000700: 57
sz.000701: 57
sz.000702: 57
sz.000703: 57
sz.000705: 57
sz.000707: 57
sz.000708: 57
sz.000709: 57
sz.000710: 57
sz.000711: 57
sz.000712: 57
sz.000713: 57
sz.000715: 57
sz.000716: 57
sz.000717: 57
sz.000718: 57
sz.000719: 57
sz.000720: 57
sz.000721: 57
sz.000722: 57
sz.000723: 57
sz.000725: 57
sz.000726: 57
sz.000727: 57
sz.000728: 57
sz.000729: 57
sz.000731: 57
sz.000733: 57
sz.000735: 57
sz.000736: 57
sz.000737: 57
sz.000738: 57
sz.000739: 57
sz.000750: 57
sz.000751: 57
sz.000752: 57
sz.000753: 57
sz.000755: 57
sz.000756: 57
sz.000757: 57
sz.000758: 57
sz.000759: 57
sz.000761: 57
sz.000762: 57
sz.000766: 57
sz.000767: 57
sz.000768: 57
sz.000776: 57
sz.000777: 57
sz.000778: 57
sz.000779: 57
sz.000782: 57
sz.000783: 57
sz.000785: 57
sz.000786: 57
sz.000788: 57
sz.000789: 57
sz.000790: 57
sz.000791: 57
sz.000792: 57
sz.000793: 57
sz.000795: 57
sz.000796: 57
sz.000797: 57
sz.000798: 57
sz.000799: 57
sz.000800: 57
sz.000801: 57
sz.000802: 57
sz.000803: 57
sz.000807: 57
sz.000809: 57
sz.000810: 57
sz.000811: 57
sz.000812: 57
sz.000813: 57
sz.000815: 57
sz.000816: 57
sz.000818: 57
sz.000819: 57
sz.000820: 57
sz.000821: 57
sz.000822: 57
sz.000823: 57
sz.000825: 57
sz.000826: 57
sz.000828: 57
sz.000829: 57
sz.000830: 57
sz.000831: 57
sz.000833: 57
sz.000837: 57
sz.000838: 57
sz.000839: 57
sz.000848: 57
sz.000850: 57
sz.000852: 57
sz.000856: 57
sz.000858: 57
sz.000859: 57
sz.000860: 57
sz.000862: 57
sz.000863: 57
sz.000868: 57
sz.000869: 57
sz.000875: 57
sz.000876: 57
sz.000877: 57
sz.000878: 57
sz.000880: 57
sz.000881: 57
sz.000882: 57
sz.000883: 57
sz.000885: 57
sz.000886: 57
sz.000887: 57
sz.000888: 57
sz.000889: 57
sz.000890: 57
sz.000892: 57
sz.000893: 57
sz.000895: 57
sz.000897: 57
sz.000898: 57
sz.000899: 57
sz.000900: 57
sz.000901: 57
sz.000902: 57
sz.000903: 57
sz.000905: 57
sz.000906: 57
sz.000908: 57
sz.000909: 57
sz.000910: 57
sz.000911: 57
sz.000912: 57
sz.000913: 57
sz.000915: 57
sz.000917: 57
sz.000919: 57
sz.000920: 57
sz.000921: 57
sz.000922: 57
sz.000923: 57
sz.000925: 57
sz.000926: 57
sz.000927: 57
sz.000928: 57
sz.000929: 57
sz.000930: 57
sz.000931: 57
sz.000932: 57
sz.000933: 57
sz.000935: 57
sz.000936: 57
sz.000937: 57
sz.000938: 57
sz.000948: 57
sz.000949: 57
sz.000950: 57
sz.000951: 57
sz.000952: 57
sz.000953: 57
sz.000955: 57
sz.000957: 57
sz.000958: 57
sz.000959: 57
sz.000960: 57
sz.000962: 57
sz.000963: 57
sz.000965: 57
sz.000966: 57
sz.000967: 57
sz.000968: 57
sz.000969: 57
sz.000970: 57
sz.000972: 57
sz.000973: 57
sz.000975: 57
sz.000977: 57
sz.000978: 57
sz.000980: 57
sz.000981: 57
sz.000983: 57
sz.000985: 57
sz.000987: 57
sz.000988: 57
sz.000989: 57
sz.000990: 57
sz.000993: 57
sz.000995: 57
sz.000997: 57
sz.000998: 57
sz.000999: 57
sh.603056: 45
sz.002231: 34
sz.300391: 33
sz.300344: 32
sh.600735: 25
sh.600438: 10
sh.600499: 10
sh.601555: 10
sh.603121: 10
sh.603616: 10
sh.603729: 10
sh.688165: 10
sh.688175: 10
sh.688191: 10
sh.688693: 10
sz.001285: 10
sz.002155: 10
sz.002445: 10
sz.002859: 10
sz.300658: 10
sz.300828: 10
sz.300912: 10
sh.600673: 9
sh.600058: 8
sh.601615: 8
sh.601969: 8
sz.002049: 8
sz.002931: 8
sz.002969: 8
sh.603950: 7
sz.300442: 6
sh.600599: 5
sh.603078: 5
sh.603828: 5
sh.603933: 5
sh.603980: 5
sh.605028: 5
sh.605255: 5
sz.002326: 5
sz.002357: 5
sz.002462: 5
sz.002569: 5
sz.300169: 5
sz.300666: 5
sz.300992: 5
sh.600721: 4
sh.603843: 4
sh.605555: 4
sz.002510: 4
sz.002554: 4
sz.002718: 4
sz.300385: 4
sh.603778: 3
sh.603966: 3
sh.688005: 3
sz.001270: 3
sz.002131: 3
sz.300087: 3
sz.300986: 3
sh.600249: 2
sh.600988: 2
sh.603508: 2
sz.002686: 2
sz.300091: 2
sz.300142: 2
sz.300736: 2
sh.600165: 1
sh.600581: 1
sh.600983: 1
sh.603182: 1
sh.603429: 1
sh.603798: 1
sh.605389: 1
sz.001331: 1
sz.002055: 1
sz.002388: 1
sz.002512: 1
sz.002538: 1
sz.002731: 1
sz.002822: 1
sz.300097: 1
sz.300165: 1
sz.300376: 1
sz.300506: 1

[all-extra-in-baostock-by-date]
2026-03-30: 430
2026-01-13: 429
2026-01-14: 427
2026-01-30: 427
2026-02-09: 427
2026-03-02: 427
2026-03-27: 427
2026-02-02: 426
2026-02-03: 426
2026-02-06: 426
2026-02-25: 426
2026-02-26: 426
2026-01-15: 425
2026-02-27: 425
2026-03-03: 425
2026-03-04: 425
2026-03-05: 425
2026-03-06: 425
2026-03-26: 425
2026-03-31: 425
2026-01-05: 424
2026-01-28: 424
2026-01-29: 424
2026-02-05: 424
2026-02-10: 424
2026-02-11: 424
2026-02-13: 424
2026-02-24: 424
2026-03-17: 424
2026-03-18: 424
2026-03-19: 424
2026-03-20: 424
2026-04-01: 424
2026-01-09: 423
2026-01-12: 423
2026-01-16: 423
2026-01-26: 423
2026-01-27: 423
2026-02-04: 423
2026-03-10: 423
2026-03-24: 423
2026-03-25: 423
2026-01-06: 422
2026-01-07: 422
2026-01-08: 422
2026-02-12: 422
2026-03-09: 422
2026-03-16: 422
2026-03-23: 422
2026-01-21: 421
2026-03-11: 421
2026-03-12: 421
2026-03-13: 421
2026-01-19: 420
2026-01-22: 420
2026-01-23: 419
2026-01-20: 418

[full-master-supplement-field-ratios]
turn=0.823569
tradestatus=0.823569
peTTM=0.823569
pbMRQ=0.823569
psTTM=0.823565
pcfNcfTTM=0.823569
isST=0.823569

[status]
ISSUES
- baostock supplement 未覆盖全部 TDX date+code
- baostock supplement 含有 TDX base 不存在的 date+code
- full master 补字段非空率过低: turn, tradestatus, peTTM, pbMRQ, psTTM, pcfNcfTTM, isST